#################################### 3 ALTITUDES ####################################


################## Achievability Query ##################


########  Is it possible to achieve almost minimal time and energy at the same time? ########

Storm 1.8.2 (dev)

Date: Fri Jun 28 10:09:58 2024
Command line arguments: --prism '../experiments/non-parametric/scenario 1/3alt_s1_asym.prism' --prop 'multi(R{"time"}<=23.8918 [ F _s=done ], R{"energy_3alt"}<=24.7845 [F _s = done])'
Current working directory: /Users/julipas/Documents/Collaborations/Parametric Model Checking/auv_profeat/multi-objective

Time for model input parsing: 0.019s.

Time for model construction: 0.108s.

-------------------------------------------------------------- 
Model type: 	MDP (sparse)
States: 	5180
Transitions: 	33044
Choices: 	6730
Reward Models:  time, energy_3alt
State Labels: 	3 labels
   * init -> 1 item(s)
   * deadlock -> 0 item(s)
   * (_s = 10) -> 90 item(s)
Choice Labels: 	none
-------------------------------------------------------------- 

Model checking property "1": multi(R[exp]{"time"}<=119459/5000 [F (_s = 10)], R[exp]{"energy_3alt"}<=49569/2000 [F (_s = 10)]) ...
Result (for initial states): false

Time for model checking: 0.086s.
Storm 1.8.2 (dev)

Date: Fri Jun 28 10:09:59 2024
Command line arguments: --prism '../experiments/non-parametric/scenario 1/3alt_s1_asym.prism' --prop 'multi(R{"time"}<=23.9 [ F _s=done ], R{"energy_3alt"}<=24.8 [F _s = done])'
Current working directory: /Users/julipas/Documents/Collaborations/Parametric Model Checking/auv_profeat/multi-objective

Time for model input parsing: 0.009s.

Time for model construction: 0.055s.

-------------------------------------------------------------- 
Model type: 	MDP (sparse)
States: 	5180
Transitions: 	33044
Choices: 	6730
Reward Models:  time, energy_3alt
State Labels: 	3 labels
   * init -> 1 item(s)
   * deadlock -> 0 item(s)
   * (_s = 10) -> 90 item(s)
Choice Labels: 	none
-------------------------------------------------------------- 

Model checking property "1": multi(R[exp]{"time"}<=239/10 [F (_s = 10)], R[exp]{"energy_3alt"}<=124/5 [F (_s = 10)]) ...
Result (for initial states): true

Time for model checking: 0.020s.

################## Numerical Query ##################


########  What is the minimal expected time such that the energy_3alt reward is below 24.7845 (approximately the minimal energy_3alt reward)? ########

Storm 1.8.2 (dev)

Date: Fri Jun 28 10:09:59 2024
Command line arguments: --prism '../experiments/non-parametric/scenario 1/3alt_s1_asym.prism' --prop 'multi(R{"time"}min=?[ F _s=done ], R{"energy_3alt"}<=24.7845 [F _s = done])'
Current working directory: /Users/julipas/Documents/Collaborations/Parametric Model Checking/auv_profeat/multi-objective

Time for model input parsing: 0.009s.

Time for model construction: 0.054s.

-------------------------------------------------------------- 
Model type: 	MDP (sparse)
States: 	5180
Transitions: 	33044
Choices: 	6730
Reward Models:  time, energy_3alt
State Labels: 	3 labels
   * init -> 1 item(s)
   * deadlock -> 0 item(s)
   * (_s = 10) -> 90 item(s)
Choice Labels: 	none
-------------------------------------------------------------- 

Model checking property "1": multi(R[exp]{"time"}min=? [F (_s = 10)], R[exp]{"energy_3alt"}<=49569/2000 [F (_s = 10)]) ...
Result (for initial states): 23.89369792
Time for model checking: 0.141s.

######## What is the maximal expected time such that the energy_3alt reward is below 24.7845 (approximately the minimal energy_3alt reward)? ########

Storm 1.8.2 (dev)

Date: Fri Jun 28 10:09:59 2024
Command line arguments: --prism '../experiments/non-parametric/scenario 1/3alt_s1_asym.prism' --prop 'multi(R{"time"}max=?[ F _s=done ], R{"energy_3alt"}<=24.7845 [F _s = done])'
Current working directory: /Users/julipas/Documents/Collaborations/Parametric Model Checking/auv_profeat/multi-objective

Time for model input parsing: 0.010s.

Time for model construction: 0.056s.

-------------------------------------------------------------- 
Model type: 	MDP (sparse)
States: 	5180
Transitions: 	33044
Choices: 	6730
Reward Models:  time, energy_3alt
State Labels: 	3 labels
   * init -> 1 item(s)
   * deadlock -> 0 item(s)
   * (_s = 10) -> 90 item(s)
Choice Labels: 	none
-------------------------------------------------------------- 

Model checking property "1": multi(R[exp]{"time"}max=? [F (_s = 10)], R[exp]{"energy_3alt"}<=49569/2000 [F (_s = 10)]) ...
 WARN (SparsePcaaQuery.cpp:130): Numerical issues: The overapproximation would not contain the underapproximation. Hence, a halfspace is shifted by 3.11474e-06.
Result (for initial states): 23.89376785
Time for model checking: 0.111s.

######## What is the minimal expected energy_3alt reward such that the time is below 23.8918 (approximately the minimal time reward)?########

Storm 1.8.2 (dev)

Date: Fri Jun 28 10:09:59 2024
Command line arguments: --prism '../experiments/non-parametric/scenario 1/3alt_s1_asym.prism' --prop 'multi(R{"energy_3alt"}min=? [F _s = done], R{"time"}<=23.8918 [ F _s=done ])'
Current working directory: /Users/julipas/Documents/Collaborations/Parametric Model Checking/auv_profeat/multi-objective

Time for model input parsing: 0.009s.

Time for model construction: 0.053s.

-------------------------------------------------------------- 
Model type: 	MDP (sparse)
States: 	5180
Transitions: 	33044
Choices: 	6730
Reward Models:  time, energy_3alt
State Labels: 	3 labels
   * init -> 1 item(s)
   * deadlock -> 0 item(s)
   * (_s = 10) -> 90 item(s)
Choice Labels: 	none
-------------------------------------------------------------- 

Model checking property "1": multi(R[exp]{"energy_3alt"}min=? [F (_s = 10)], R[exp]{"time"}<=119459/5000 [F (_s = 10)]) ...
Result (for initial states): 24.7893318
Time for model checking: 0.109s.

######## What is the maximal expected energy_3alt reward such that the time is below 23.8918 (approximately the minimal time reward)?########

Storm 1.8.2 (dev)

Date: Fri Jun 28 10:10:00 2024
Command line arguments: --prism '../experiments/non-parametric/scenario 1/3alt_s1_asym.prism' --prop 'multi(R{"energy_3alt"}min=? [F _s = done], R{"time"}<=23.8918 [ F _s=done ])'
Current working directory: /Users/julipas/Documents/Collaborations/Parametric Model Checking/auv_profeat/multi-objective

Time for model input parsing: 0.009s.

Time for model construction: 0.055s.

-------------------------------------------------------------- 
Model type: 	MDP (sparse)
States: 	5180
Transitions: 	33044
Choices: 	6730
Reward Models:  time, energy_3alt
State Labels: 	3 labels
   * init -> 1 item(s)
   * deadlock -> 0 item(s)
   * (_s = 10) -> 90 item(s)
Choice Labels: 	none
-------------------------------------------------------------- 

Model checking property "1": multi(R[exp]{"energy_3alt"}min=? [F (_s = 10)], R[exp]{"time"}<=119459/5000 [F (_s = 10)]) ...
Result (for initial states): 24.7893318
Time for model checking: 0.109s.

################## Pareto Query ##################


######## Pareto optimal ########

Storm 1.8.2 (dev)

Date: Fri Jun 28 10:10:00 2024
Command line arguments: --prism '../experiments/non-parametric/scenario 1/3alt_s1_asym.prism' --prop 'multi(R{"time"}min=?[ F _s=done ], R{"energy_3alt"}min=? [F _s = done])'
Current working directory: /Users/julipas/Documents/Collaborations/Parametric Model Checking/auv_profeat/multi-objective

Time for model input parsing: 0.009s.

Time for model construction: 0.056s.

-------------------------------------------------------------- 
Model type: 	MDP (sparse)
States: 	5180
Transitions: 	33044
Choices: 	6730
Reward Models:  time, energy_3alt
State Labels: 	3 labels
   * init -> 1 item(s)
   * deadlock -> 0 item(s)
   * (_s = 10) -> 90 item(s)
Choice Labels: 	none
-------------------------------------------------------------- 

Model checking property "1": multi(R[exp]{"time"}min=? [F (_s = 10)], R[exp]{"energy_3alt"}min=? [F (_s = 10)]) ...
Result (for initial states): 
Underapproximation of achievable values: Polytope with 6 Halfspaces:
   (        -1,   -0.49669) * x <= -36.2039
   (        -1,  -0.560706) * x <= -37.7905
   (        -1, -0.0148409) * x <= -24.2597
   (        -1,  -0.344806) * x <= -32.4392
   (         0,         -1) * x <= -24.7844
   (        -1,          0) * x <= -23.8917

Overapproximation of achievable values: Polytope with 6 Halfspaces:
   (        -1,          0) * x <= -23.8917
   (         0,         -1) * x <= -24.7844
   ( -0.851406,  -0.148594) * x <= -24.0252
   ( -0.707939,  -0.292061) * x <= -24.1537
   ( -0.658487,  -0.341513) * x <= -24.1979
   ( -0.743508,  -0.256492) * x <= -24.122

5 Pareto optimal points found:
   (23.89184492, 24.78901283 )
   (23.89174364,  24.7958376 )
   (23.89373384, 24.78443418 )
   (23.89280945, 24.78621552 )
   (23.89338681, 24.78505311 )


Time for model checking: 0.097s.

######## Pareto optimal ########

Storm 1.8.2 (dev)

Date: Fri Jun 28 10:10:00 2024
Command line arguments: --prism '../experiments/non-parametric/scenario 1/3alt_s1_asym.prism' --prop 'multi(R{"time"}min=?[ F _s=done ], R{"energy_3alt"}min=? [F _s = done])' '--multiobjective:exportplot' plot/
Current working directory: /Users/julipas/Documents/Collaborations/Parametric Model Checking/auv_profeat/multi-objective

Time for model input parsing: 0.009s.

Time for model construction: 0.056s.

-------------------------------------------------------------- 
Model type: 	MDP (sparse)
States: 	5180
Transitions: 	33044
Choices: 	6730
Reward Models:  time, energy_3alt
State Labels: 	3 labels
   * init -> 1 item(s)
   * deadlock -> 0 item(s)
   * (_s = 10) -> 90 item(s)
Choice Labels: 	none
-------------------------------------------------------------- 

Model checking property "1": multi(R[exp]{"time"}min=? [F (_s = 10)], R[exp]{"energy_3alt"}min=? [F (_s = 10)]) ...
Write to file plot/underapproximation.csv.
Write to file plot/overapproximation.csv.
Write to file plot/paretopoints.csv.
Result (for initial states): 
Underapproximation of achievable values: Polytope with 6 Halfspaces:
   (        -1,   -0.49669) * x <= -36.2039
   (        -1,  -0.560706) * x <= -37.7905
   (        -1, -0.0148409) * x <= -24.2597
   (        -1,  -0.344806) * x <= -32.4392
   (         0,         -1) * x <= -24.7844
   (        -1,          0) * x <= -23.8917

Overapproximation of achievable values: Polytope with 6 Halfspaces:
   (        -1,          0) * x <= -23.8917
   (         0,         -1) * x <= -24.7844
   ( -0.851406,  -0.148594) * x <= -24.0252
   ( -0.707939,  -0.292061) * x <= -24.1537
   ( -0.658487,  -0.341513) * x <= -24.1979
   ( -0.743508,  -0.256492) * x <= -24.122

5 Pareto optimal points found:
   (23.89184492, 24.78901283 )
   (23.89174364,  24.7958376 )
   (23.89373384, 24.78443418 )
   (23.89280945, 24.78621552 )
   (23.89338681, 24.78505311 )


Time for model checking: 0.102s.
