#################################### MINIMAL ENERGY_3 ####################################


################## Minimal Energy_3, Min Direction ##################

Storm-pars 1.8.2 (dev)

Date: Tue Jun 25 10:28:38 2024
Command line arguments: --prism ./models/scenario3/5alt_s3_asym.prism --prop 'R{"energy_3alt"}min=? [F _s = done]' --mode feasibility '--feasibility:method' pla --direction min --region '0.3<=current_prob<=0.8' --guarantee 0.0001 abs
Current working directory: /Users/julipas/Documents/Collaborations/Parametric Model Checking/auv_profeat/parametric model checking

Time for model input parsing: 0.021s.

Time for model construction: 2.133s.

-------------------------------------------------------------- 
Model type: 	MDP (sparse)
States: 	7660
Transitions: 	80182
Choices: 	17320
Reward Models:  energy_3alt
State Labels: 	3 labels
   * init -> 1 item(s)
   * deadlock -> 0 item(s)
   * (_s = 10) -> 90 item(s)
Choice Labels: 	none
-------------------------------------------------------------- 

Time for model simplification: 0.445s.

-------------------------------------------------------------- 
Model type: 	MDP (sparse)
States: 	7481
Transitions: 	79661
Choices: 	17141
Reward Models:  energy_3alt
State Labels: 	5 labels
   * target -> 1 item(s)
   * sink -> 0 item(s)
   * init -> 1 item(s)
   * deadlock -> 0 item(s)
   * (_s = 10) -> 1 item(s)
Choice Labels: 	none
-------------------------------------------------------------- 

Time for model preprocessing: 0.446s.

-------------------------------------------------------------- 
Model type: 	MDP (sparse)
States: 	7481
Transitions: 	79661
Choices: 	17141
Reward Models:  energy_3alt
State Labels: 	5 labels
   * target -> 1 item(s)
   * sink -> 0 item(s)
   * init -> 1 item(s)
   * deadlock -> 0 item(s)
   * (_s = 10) -> 1 item(s)
Choice Labels: 	none
-------------------------------------------------------------- 
Find feasible solution for  R[exp]{"energy_3alt"}min=? [F (_s = 10)] within region 3/10<=current_prob<=4/5;
Result at initial state: 5393443759754615/281474976710656 ( approx. 19.16136142) at [current_prob=98309/327680].
Time for model checking: 2.155s.

################## Minimal Energy_3, Max Direction #######################

Storm-pars 1.8.2 (dev)

Date: Tue Jun 25 10:28:43 2024
Command line arguments: --prism ./models/scenario3/5alt_s3_asym.prism --prop 'R{"energy_3alt"}min=? [F _s = done]' --mode feasibility '--feasibility:method' pla --direction max --region '0.3<=current_prob<=0.8' --guarantee 0.0001 abs
Current working directory: /Users/julipas/Documents/Collaborations/Parametric Model Checking/auv_profeat/parametric model checking

Time for model input parsing: 0.019s.

Time for model construction: 2.352s.

-------------------------------------------------------------- 
Model type: 	MDP (sparse)
States: 	7660
Transitions: 	80182
Choices: 	17320
Reward Models:  energy_3alt
State Labels: 	3 labels
   * init -> 1 item(s)
   * deadlock -> 0 item(s)
   * (_s = 10) -> 90 item(s)
Choice Labels: 	none
-------------------------------------------------------------- 

Time for model simplification: 0.482s.

-------------------------------------------------------------- 
Model type: 	MDP (sparse)
States: 	7481
Transitions: 	79661
Choices: 	17141
Reward Models:  energy_3alt
State Labels: 	5 labels
   * target -> 1 item(s)
   * sink -> 0 item(s)
   * init -> 1 item(s)
   * deadlock -> 0 item(s)
   * (_s = 10) -> 1 item(s)
Choice Labels: 	none
-------------------------------------------------------------- 

Time for model preprocessing: 0.484s.

-------------------------------------------------------------- 
Model type: 	MDP (sparse)
States: 	7481
Transitions: 	79661
Choices: 	17141
Reward Models:  energy_3alt
State Labels: 	5 labels
   * target -> 1 item(s)
   * sink -> 0 item(s)
   * init -> 1 item(s)
   * deadlock -> 0 item(s)
   * (_s = 10) -> 1 item(s)
Choice Labels: 	none
-------------------------------------------------------------- 
Find feasible solution for  R[exp]{"energy_3alt"}min=? [F (_s = 10)] within region 3/10<=current_prob<=4/5;
Result at initial state: 3098292549233011/140737488355328 ( approx. 22.01469264) at [current_prob=524283/655360].
Time for model checking: 1.958s.

#################################### MAXIMAL ENERGY_3 ####################################


################## Maximal Energy_3, Min Direction #######################

Storm-pars 1.8.2 (dev)

Date: Tue Jun 25 10:28:48 2024
Command line arguments: --prism ./models/scenario3/5alt_s3_asym.prism --prop 'R{"energy_3alt"}max=? [F _s = done]' --mode feasibility '--feasibility:method' pla --direction min --region '0.3<=current_prob<=0.8' --guarantee 0.0001 abs
Current working directory: /Users/julipas/Documents/Collaborations/Parametric Model Checking/auv_profeat/parametric model checking

Time for model input parsing: 0.019s.

Time for model construction: 2.158s.

-------------------------------------------------------------- 
Model type: 	MDP (sparse)
States: 	7660
Transitions: 	80182
Choices: 	17320
Reward Models:  energy_3alt
State Labels: 	3 labels
   * init -> 1 item(s)
   * deadlock -> 0 item(s)
   * (_s = 10) -> 90 item(s)
Choice Labels: 	none
-------------------------------------------------------------- 

Time for model simplification: 0.304s.

-------------------------------------------------------------- 
Model type: 	MDP (sparse)
States: 	7481
Transitions: 	79661
Choices: 	17141
Reward Models:  energy_3alt
State Labels: 	5 labels
   * target -> 1 item(s)
   * sink -> 0 item(s)
   * init -> 1 item(s)
   * deadlock -> 0 item(s)
   * (_s = 10) -> 1 item(s)
Choice Labels: 	none
-------------------------------------------------------------- 

Time for model preprocessing: 0.305s.

-------------------------------------------------------------- 
Model type: 	MDP (sparse)
States: 	7481
Transitions: 	79661
Choices: 	17141
Reward Models:  energy_3alt
State Labels: 	5 labels
   * target -> 1 item(s)
   * sink -> 0 item(s)
   * init -> 1 item(s)
   * deadlock -> 0 item(s)
   * (_s = 10) -> 1 item(s)
Choice Labels: 	none
-------------------------------------------------------------- 
Find feasible solution for  R[exp]{"energy_3alt"}max=? [F (_s = 10)] within region 3/10<=current_prob<=4/5;
Result at initial state: 7890744709832999/281474976710656 ( approx. 28.03355667) at [current_prob=8388603/10485760].
Time for model checking: 1.871s.

################## Maximal Energy_3, Max Direction #######################

Storm-pars 1.8.2 (dev)

Date: Tue Jun 25 10:28:53 2024
Command line arguments: --prism ./models/scenario3/5alt_s3_asym.prism --prop 'R{"energy_3alt"}max=? [F _s = done]' --mode feasibility '--feasibility:method' pla --direction max --region '0.3<=current_prob<=0.8' --guarantee 0.0001 abs
Current working directory: /Users/julipas/Documents/Collaborations/Parametric Model Checking/auv_profeat/parametric model checking

Time for model input parsing: 0.019s.

Time for model construction: 2.161s.

-------------------------------------------------------------- 
Model type: 	MDP (sparse)
States: 	7660
Transitions: 	80182
Choices: 	17320
Reward Models:  energy_3alt
State Labels: 	3 labels
   * init -> 1 item(s)
   * deadlock -> 0 item(s)
   * (_s = 10) -> 90 item(s)
Choice Labels: 	none
-------------------------------------------------------------- 

Time for model simplification: 0.308s.

-------------------------------------------------------------- 
Model type: 	MDP (sparse)
States: 	7481
Transitions: 	79661
Choices: 	17141
Reward Models:  energy_3alt
State Labels: 	5 labels
   * target -> 1 item(s)
   * sink -> 0 item(s)
   * init -> 1 item(s)
   * deadlock -> 0 item(s)
   * (_s = 10) -> 1 item(s)
Choice Labels: 	none
-------------------------------------------------------------- 

Time for model preprocessing: 0.309s.

-------------------------------------------------------------- 
Model type: 	MDP (sparse)
States: 	7481
Transitions: 	79661
Choices: 	17141
Reward Models:  energy_3alt
State Labels: 	5 labels
   * target -> 1 item(s)
   * sink -> 0 item(s)
   * init -> 1 item(s)
   * deadlock -> 0 item(s)
   * (_s = 10) -> 1 item(s)
Choice Labels: 	none
-------------------------------------------------------------- 
Find feasible solution for  R[exp]{"energy_3alt"}max=? [F (_s = 10)] within region 3/10<=current_prob<=4/5;
Result at initial state: 4794873696584897/8796093022208 ( approx. 545.1140278) at [current_prob=196613/655360].
Time for model checking: 15.374s.
#################################### MINIMAL ENERGY_5 ####################################


################## Minimal Energy_5, Min Direction ##################

Storm-pars 1.8.2 (dev)

Date: Tue Jun 25 10:29:11 2024
Command line arguments: --prism ./models/scenario3/5alt_s3_asym.prism --prop 'R{"energy_5alt"}min=? [F _s = done]' --mode feasibility '--feasibility:method' pla --direction min --region '0.3<=current_prob<=0.8' --guarantee 0.0001 abs
Current working directory: /Users/julipas/Documents/Collaborations/Parametric Model Checking/auv_profeat/parametric model checking

Time for model input parsing: 0.019s.

Time for model construction: 2.334s.

-------------------------------------------------------------- 
Model type: 	MDP (sparse)
States: 	7660
Transitions: 	80182
Choices: 	17320
Reward Models:  energy_5alt
State Labels: 	3 labels
   * init -> 1 item(s)
   * deadlock -> 0 item(s)
   * (_s = 10) -> 90 item(s)
Choice Labels: 	none
-------------------------------------------------------------- 

Time for model simplification: 0.467s.

-------------------------------------------------------------- 
Model type: 	MDP (sparse)
States: 	7481
Transitions: 	79661
Choices: 	17141
Reward Models:  energy_5alt
State Labels: 	5 labels
   * target -> 1 item(s)
   * sink -> 0 item(s)
   * init -> 1 item(s)
   * deadlock -> 0 item(s)
   * (_s = 10) -> 1 item(s)
Choice Labels: 	none
-------------------------------------------------------------- 

Time for model preprocessing: 0.468s.

-------------------------------------------------------------- 
Model type: 	MDP (sparse)
States: 	7481
Transitions: 	79661
Choices: 	17141
Reward Models:  energy_5alt
State Labels: 	5 labels
   * target -> 1 item(s)
   * sink -> 0 item(s)
   * init -> 1 item(s)
   * deadlock -> 0 item(s)
   * (_s = 10) -> 1 item(s)
Choice Labels: 	none
-------------------------------------------------------------- 
Find feasible solution for  R[exp]{"energy_5alt"}min=? [F (_s = 10)] within region 3/10<=current_prob<=4/5;
Result at initial state: 3446366522756699/140737488355328 ( approx. 24.48790698) at [current_prob=12293/40960].
Time for model checking: 2.003s.

################## Minimal Energy_5, Max Direction #######################

Storm-pars 1.8.2 (dev)

Date: Tue Jun 25 10:29:16 2024
Command line arguments: --prism ./models/scenario3/5alt_s3_asym.prism --prop 'R{"energy_5alt"}min=? [F _s = done]' --mode feasibility '--feasibility:method' pla --direction max --region '0.3<=current_prob<=0.8' --guarantee 0.0001 abs
Current working directory: /Users/julipas/Documents/Collaborations/Parametric Model Checking/auv_profeat/parametric model checking

Time for model input parsing: 0.019s.

Time for model construction: 2.121s.

-------------------------------------------------------------- 
Model type: 	MDP (sparse)
States: 	7660
Transitions: 	80182
Choices: 	17320
Reward Models:  energy_5alt
State Labels: 	3 labels
   * init -> 1 item(s)
   * deadlock -> 0 item(s)
   * (_s = 10) -> 90 item(s)
Choice Labels: 	none
-------------------------------------------------------------- 

Time for model simplification: 0.450s.

-------------------------------------------------------------- 
Model type: 	MDP (sparse)
States: 	7481
Transitions: 	79661
Choices: 	17141
Reward Models:  energy_5alt
State Labels: 	5 labels
   * target -> 1 item(s)
   * sink -> 0 item(s)
   * init -> 1 item(s)
   * deadlock -> 0 item(s)
   * (_s = 10) -> 1 item(s)
Choice Labels: 	none
-------------------------------------------------------------- 

Time for model preprocessing: 0.451s.

-------------------------------------------------------------- 
Model type: 	MDP (sparse)
States: 	7481
Transitions: 	79661
Choices: 	17141
Reward Models:  energy_5alt
State Labels: 	5 labels
   * target -> 1 item(s)
   * sink -> 0 item(s)
   * init -> 1 item(s)
   * deadlock -> 0 item(s)
   * (_s = 10) -> 1 item(s)
Choice Labels: 	none
-------------------------------------------------------------- 
Find feasible solution for  R[exp]{"energy_5alt"}min=? [F (_s = 10)] within region 3/10<=current_prob<=4/5;
Result at initial state: 6976173972664259/281474976710656 ( approx. 24.7843487) at [current_prob=123/160].
Time for model checking: 1.375s.

#################################### MAXIMAL ENERGY_5 ####################################


################## Maximal Energy_5, Min Direction #######################

Storm-pars 1.8.2 (dev)

Date: Tue Jun 25 10:29:20 2024
Command line arguments: --prism ./models/scenario3/5alt_s3_asym.prism --prop 'R{"energy_5alt"}max=? [F _s = done]' --mode feasibility '--feasibility:method' pla --direction min --region '0.3<=current_prob<=0.8' --guarantee 0.0001 abs
Current working directory: /Users/julipas/Documents/Collaborations/Parametric Model Checking/auv_profeat/parametric model checking

Time for model input parsing: 0.019s.

Time for model construction: 2.130s.

-------------------------------------------------------------- 
Model type: 	MDP (sparse)
States: 	7660
Transitions: 	80182
Choices: 	17320
Reward Models:  energy_5alt
State Labels: 	3 labels
   * init -> 1 item(s)
   * deadlock -> 0 item(s)
   * (_s = 10) -> 90 item(s)
Choice Labels: 	none
-------------------------------------------------------------- 

Time for model simplification: 0.305s.

-------------------------------------------------------------- 
Model type: 	MDP (sparse)
States: 	7481
Transitions: 	79661
Choices: 	17141
Reward Models:  energy_5alt
State Labels: 	5 labels
   * target -> 1 item(s)
   * sink -> 0 item(s)
   * init -> 1 item(s)
   * deadlock -> 0 item(s)
   * (_s = 10) -> 1 item(s)
Choice Labels: 	none
-------------------------------------------------------------- 

Time for model preprocessing: 0.306s.

-------------------------------------------------------------- 
Model type: 	MDP (sparse)
States: 	7481
Transitions: 	79661
Choices: 	17141
Reward Models:  energy_5alt
State Labels: 	5 labels
   * target -> 1 item(s)
   * sink -> 0 item(s)
   * init -> 1 item(s)
   * deadlock -> 0 item(s)
   * (_s = 10) -> 1 item(s)
Choice Labels: 	none
-------------------------------------------------------------- 
Find feasible solution for  R[exp]{"energy_5alt"}max=? [F (_s = 10)] within region 3/10<=current_prob<=4/5;
Result at initial state: 8671336931040409/281474976710656 ( approx. 30.80677733) at [current_prob=2097147/2621440].
Time for model checking: 1.967s.

################## Maximal Energy_5, Max Direction #######################

Storm-pars 1.8.2 (dev)

Date: Tue Jun 25 10:29:24 2024
Command line arguments: --prism ./models/scenario3/5alt_s3_asym.prism --prop 'R{"energy_5alt"}max=? [F _s = done]' --mode feasibility '--feasibility:method' pla --direction max --region '0.3<=current_prob<=0.8' --guarantee 0.0001 abs
Current working directory: /Users/julipas/Documents/Collaborations/Parametric Model Checking/auv_profeat/parametric model checking

Time for model input parsing: 0.019s.

Time for model construction: 2.148s.

-------------------------------------------------------------- 
Model type: 	MDP (sparse)
States: 	7660
Transitions: 	80182
Choices: 	17320
Reward Models:  energy_5alt
State Labels: 	3 labels
   * init -> 1 item(s)
   * deadlock -> 0 item(s)
   * (_s = 10) -> 90 item(s)
Choice Labels: 	none
-------------------------------------------------------------- 

Time for model simplification: 0.330s.

-------------------------------------------------------------- 
Model type: 	MDP (sparse)
States: 	7481
Transitions: 	79661
Choices: 	17141
Reward Models:  energy_5alt
State Labels: 	5 labels
   * target -> 1 item(s)
   * sink -> 0 item(s)
   * init -> 1 item(s)
   * deadlock -> 0 item(s)
   * (_s = 10) -> 1 item(s)
Choice Labels: 	none
-------------------------------------------------------------- 

Time for model preprocessing: 0.332s.

-------------------------------------------------------------- 
Model type: 	MDP (sparse)
States: 	7481
Transitions: 	79661
Choices: 	17141
Reward Models:  energy_5alt
State Labels: 	5 labels
   * target -> 1 item(s)
   * sink -> 0 item(s)
   * init -> 1 item(s)
   * deadlock -> 0 item(s)
   * (_s = 10) -> 1 item(s)
Choice Labels: 	none
-------------------------------------------------------------- 
Find feasible solution for  R[exp]{"energy_5alt"}max=? [F (_s = 10)] within region 3/10<=current_prob<=4/5;
Result at initial state: 5465392518839639/8796093022208 ( approx. 621.3431924) at [current_prob=196613/655360].
Time for model checking: 15.037s.

#################################### MINIMAL TIME ####################################


################## Minimal Time, Min Direction #######################

Storm-pars 1.8.2 (dev)

Date: Tue Jun 25 10:29:42 2024
Command line arguments: --prism ./models/scenario3/5alt_s3_asym.prism --prop 'R{"time"}min=? [F _s = done]' --mode feasibility '--feasibility:method' pla --direction min --region '0.3<=current_prob<=0.8' --guarantee 0.0001 abs
Current working directory: /Users/julipas/Documents/Collaborations/Parametric Model Checking/auv_profeat/parametric model checking

Time for model input parsing: 0.019s.

Time for model construction: 2.129s.

-------------------------------------------------------------- 
Model type: 	MDP (sparse)
States: 	7660
Transitions: 	80182
Choices: 	17320
Reward Models:  time
State Labels: 	3 labels
   * init -> 1 item(s)
   * deadlock -> 0 item(s)
   * (_s = 10) -> 90 item(s)
Choice Labels: 	none
-------------------------------------------------------------- 

Time for model simplification: 0.448s.

-------------------------------------------------------------- 
Model type: 	MDP (sparse)
States: 	7481
Transitions: 	79661
Choices: 	17141
Reward Models:  time
State Labels: 	5 labels
   * target -> 1 item(s)
   * sink -> 0 item(s)
   * init -> 1 item(s)
   * deadlock -> 0 item(s)
   * (_s = 10) -> 1 item(s)
Choice Labels: 	none
-------------------------------------------------------------- 

Time for model preprocessing: 0.450s.

-------------------------------------------------------------- 
Model type: 	MDP (sparse)
States: 	7481
Transitions: 	79661
Choices: 	17141
Reward Models:  time
State Labels: 	5 labels
   * target -> 1 item(s)
   * sink -> 0 item(s)
   * init -> 1 item(s)
   * deadlock -> 0 item(s)
   * (_s = 10) -> 1 item(s)
Choice Labels: 	none
-------------------------------------------------------------- 
Find feasible solution for  R[exp]{"time"}min=? [F (_s = 10)] within region 3/10<=current_prob<=4/5;
Result at initial state: 828617706802041/35184372088832 ( approx. 23.55073169) at [current_prob=24581/81920].
Time for model checking: 1.882s.

################## Minimal Time, Max Direction #######################

Storm-pars 1.8.2 (dev)

Date: Tue Jun 25 10:29:47 2024
Command line arguments: --prism ./models/scenario3/5alt_s3_asym.prism --prop 'R{"time"}min=? [F _s = done]' --mode feasibility '--feasibility:method' pla --direction max --region '0.3<=current_prob<=0.8' --guarantee 0.0001 abs
Current working directory: /Users/julipas/Documents/Collaborations/Parametric Model Checking/auv_profeat/parametric model checking

Time for model input parsing: 0.020s.

Time for model construction: 2.117s.

-------------------------------------------------------------- 
Model type: 	MDP (sparse)
States: 	7660
Transitions: 	80182
Choices: 	17320
Reward Models:  time
State Labels: 	3 labels
   * init -> 1 item(s)
   * deadlock -> 0 item(s)
   * (_s = 10) -> 90 item(s)
Choice Labels: 	none
-------------------------------------------------------------- 

Time for model simplification: 0.447s.

-------------------------------------------------------------- 
Model type: 	MDP (sparse)
States: 	7481
Transitions: 	79661
Choices: 	17141
Reward Models:  time
State Labels: 	5 labels
   * target -> 1 item(s)
   * sink -> 0 item(s)
   * init -> 1 item(s)
   * deadlock -> 0 item(s)
   * (_s = 10) -> 1 item(s)
Choice Labels: 	none
-------------------------------------------------------------- 

Time for model preprocessing: 0.449s.

-------------------------------------------------------------- 
Model type: 	MDP (sparse)
States: 	7481
Transitions: 	79661
Choices: 	17141
Reward Models:  time
State Labels: 	5 labels
   * target -> 1 item(s)
   * sink -> 0 item(s)
   * init -> 1 item(s)
   * deadlock -> 0 item(s)
   * (_s = 10) -> 1 item(s)
Choice Labels: 	none
-------------------------------------------------------------- 
Find feasible solution for  R[exp]{"time"}min=? [F (_s = 10)] within region 3/10<=current_prob<=4/5;
Result at initial state: 1681366571323569/70368744177664 ( approx. 23.89365607) at [current_prob=123/160].
Time for model checking: 1.354s.

#################################### MAXIMAL TIME ####################################


################## Maximal Time, Min Direction #######################

Storm-pars 1.8.2 (dev)

Date: Tue Jun 25 10:29:51 2024
Command line arguments: --prism ./models/scenario3/5alt_s3_asym.prism --prop 'R{"time"}max=? [F _s = done]' --mode feasibility '--feasibility:method' pla --direction min --region '0.3<=current_prob<=0.8' --guarantee 0.0001 abs
Current working directory: /Users/julipas/Documents/Collaborations/Parametric Model Checking/auv_profeat/parametric model checking

Time for model input parsing: 0.019s.

Time for model construction: 2.141s.

-------------------------------------------------------------- 
Model type: 	MDP (sparse)
States: 	7660
Transitions: 	80182
Choices: 	17320
Reward Models:  time
State Labels: 	3 labels
   * init -> 1 item(s)
   * deadlock -> 0 item(s)
   * (_s = 10) -> 90 item(s)
Choice Labels: 	none
-------------------------------------------------------------- 

Time for model simplification: 0.306s.

-------------------------------------------------------------- 
Model type: 	MDP (sparse)
States: 	7481
Transitions: 	79661
Choices: 	17141
Reward Models:  time
State Labels: 	5 labels
   * target -> 1 item(s)
   * sink -> 0 item(s)
   * init -> 1 item(s)
   * deadlock -> 0 item(s)
   * (_s = 10) -> 1 item(s)
Choice Labels: 	none
-------------------------------------------------------------- 

Time for model preprocessing: 0.308s.

-------------------------------------------------------------- 
Model type: 	MDP (sparse)
States: 	7481
Transitions: 	79661
Choices: 	17141
Reward Models:  time
State Labels: 	5 labels
   * target -> 1 item(s)
   * sink -> 0 item(s)
   * init -> 1 item(s)
   * deadlock -> 0 item(s)
   * (_s = 10) -> 1 item(s)
Choice Labels: 	none
-------------------------------------------------------------- 
Find feasible solution for  R[exp]{"time"}max=? [F (_s = 10)] within region 3/10<=current_prob<=4/5;
Result at initial state: 7974823029767127/281474976710656 ( approx. 28.33226286) at [current_prob=1048571/1310720].
Time for model checking: 1.954s.

################## Maximal Time, Max Direction #######################

Storm-pars 1.8.2 (dev)

Date: Tue Jun 25 10:29:55 2024
Command line arguments: --prism ./models/scenario3/5alt_s3_asym.prism --prop 'R{"time"}max=? [F _s = done]' --mode feasibility '--feasibility:method' pla --direction max --region '0.3<=current_prob<=0.8' --guarantee 0.0001 abs
Current working directory: /Users/julipas/Documents/Collaborations/Parametric Model Checking/auv_profeat/parametric model checking

Time for model input parsing: 0.019s.

Time for model construction: 2.135s.

-------------------------------------------------------------- 
Model type: 	MDP (sparse)
States: 	7660
Transitions: 	80182
Choices: 	17320
Reward Models:  time
State Labels: 	3 labels
   * init -> 1 item(s)
   * deadlock -> 0 item(s)
   * (_s = 10) -> 90 item(s)
Choice Labels: 	none
-------------------------------------------------------------- 

Time for model simplification: 0.307s.

-------------------------------------------------------------- 
Model type: 	MDP (sparse)
States: 	7481
Transitions: 	79661
Choices: 	17141
Reward Models:  time
State Labels: 	5 labels
   * target -> 1 item(s)
   * sink -> 0 item(s)
   * init -> 1 item(s)
   * deadlock -> 0 item(s)
   * (_s = 10) -> 1 item(s)
Choice Labels: 	none
-------------------------------------------------------------- 

Time for model preprocessing: 0.309s.

-------------------------------------------------------------- 
Model type: 	MDP (sparse)
States: 	7481
Transitions: 	79661
Choices: 	17141
Reward Models:  time
State Labels: 	5 labels
   * target -> 1 item(s)
   * sink -> 0 item(s)
   * init -> 1 item(s)
   * deadlock -> 0 item(s)
   * (_s = 10) -> 1 item(s)
Choice Labels: 	none
-------------------------------------------------------------- 
Find feasible solution for  R[exp]{"time"}max=? [F (_s = 10)] within region 3/10<=current_prob<=4/5;
Result at initial state: 3981790991226559/17592186044416 ( approx. 226.3386131) at [current_prob=196613/655360].
Time for model checking: 14.838s.
