#################################### MINIMAL ENERGY ####################################


################## Minimal Energy, Min Direction ##################

Storm-pars 1.8.2 (dev)

Date: Mon Jun 24 14:30:04 2024
Command line arguments: --prism ./models/3alt_s3_sym.prism --prop 'R{"energy_3alt"}min=? [F _s = done]' --mode feasibility '--feasibility:method' pla --direction min --region '0.3<=current_prob<=0.8' --guarantee 0.0001 abs
Current working directory: /Users/julipas/Documents/Collaborations/Parametric Model Checking/auv_profeat/parametric model checking

Time for model input parsing: 0.016s.

Time for model construction: 0.842s.

-------------------------------------------------------------- 
Model type: 	MDP (sparse)
States: 	5180
Transitions: 	32882
Choices: 	6730
Reward Models:  energy_3alt
State Labels: 	3 labels
   * init -> 1 item(s)
   * deadlock -> 0 item(s)
   * (_s = 10) -> 90 item(s)
Choice Labels: 	none
-------------------------------------------------------------- 

Time for model simplification: 0.195s.

-------------------------------------------------------------- 
Model type: 	MDP (sparse)
States: 	5001
Transitions: 	32361
Choices: 	6551
Reward Models:  energy_3alt
State Labels: 	5 labels
   * target -> 1 item(s)
   * sink -> 0 item(s)
   * init -> 1 item(s)
   * deadlock -> 0 item(s)
   * (_s = 10) -> 1 item(s)
Choice Labels: 	none
-------------------------------------------------------------- 

Time for model preprocessing: 0.196s.

-------------------------------------------------------------- 
Model type: 	MDP (sparse)
States: 	5001
Transitions: 	32361
Choices: 	6551
Reward Models:  energy_3alt
State Labels: 	5 labels
   * target -> 1 item(s)
   * sink -> 0 item(s)
   * init -> 1 item(s)
   * deadlock -> 0 item(s)
   * (_s = 10) -> 1 item(s)
Choice Labels: 	none
-------------------------------------------------------------- 
Find feasible solution for  R[exp]{"energy_3alt"}min=? [F (_s = 10)] within region 3/10<=current_prob<=4/5;
Result at initial state: 6976199078957207/281474976710656 ( approx. 24.78443789) at [current_prob=11/20].
Time for model checking: 0.486s.

################## Minimal Energy, Max Direction #######################

Storm-pars 1.8.2 (dev)

Date: Mon Jun 24 14:30:06 2024
Command line arguments: --prism ./models/3alt_s3_sym.prism --prop 'R{"energy_3alt"}min=? [F _s = done]' --mode feasibility '--feasibility:method' pla --direction max --region '0.3<=current_prob<=0.8' --guarantee 0.0001 abs
Current working directory: /Users/julipas/Documents/Collaborations/Parametric Model Checking/auv_profeat/parametric model checking

Time for model input parsing: 0.009s.

Time for model construction: 0.812s.

-------------------------------------------------------------- 
Model type: 	MDP (sparse)
States: 	5180
Transitions: 	32882
Choices: 	6730
Reward Models:  energy_3alt
State Labels: 	3 labels
   * init -> 1 item(s)
   * deadlock -> 0 item(s)
   * (_s = 10) -> 90 item(s)
Choice Labels: 	none
-------------------------------------------------------------- 

Time for model simplification: 0.183s.

-------------------------------------------------------------- 
Model type: 	MDP (sparse)
States: 	5001
Transitions: 	32361
Choices: 	6551
Reward Models:  energy_3alt
State Labels: 	5 labels
   * target -> 1 item(s)
   * sink -> 0 item(s)
   * init -> 1 item(s)
   * deadlock -> 0 item(s)
   * (_s = 10) -> 1 item(s)
Choice Labels: 	none
-------------------------------------------------------------- 

Time for model preprocessing: 0.183s.

-------------------------------------------------------------- 
Model type: 	MDP (sparse)
States: 	5001
Transitions: 	32361
Choices: 	6551
Reward Models:  energy_3alt
State Labels: 	5 labels
   * target -> 1 item(s)
   * sink -> 0 item(s)
   * init -> 1 item(s)
   * deadlock -> 0 item(s)
   * (_s = 10) -> 1 item(s)
Choice Labels: 	none
-------------------------------------------------------------- 
Find feasible solution for  R[exp]{"energy_3alt"}min=? [F (_s = 10)] within region 3/10<=current_prob<=4/5;
Result at initial state: 6976199078957207/281474976710656 ( approx. 24.78443789) at [current_prob=11/20].
Time for model checking: 0.472s.

#################################### MAXIMAL ENERGY ####################################


################## Maximal Energy, Min Direction #######################

Storm-pars 1.8.2 (dev)

Date: Mon Jun 24 14:30:07 2024
Command line arguments: --prism ./models/3alt_s3_sym.prism --prop 'R{"energy_3alt"}max=? [F _s = done]' --mode feasibility '--feasibility:method' pla --direction min --region '0.3<=current_prob<=0.8' --guarantee 0.0001 abs
Current working directory: /Users/julipas/Documents/Collaborations/Parametric Model Checking/auv_profeat/parametric model checking

Time for model input parsing: 0.008s.

Time for model construction: 0.811s.

-------------------------------------------------------------- 
Model type: 	MDP (sparse)
States: 	5180
Transitions: 	32882
Choices: 	6730
Reward Models:  energy_3alt
State Labels: 	3 labels
   * init -> 1 item(s)
   * deadlock -> 0 item(s)
   * (_s = 10) -> 90 item(s)
Choice Labels: 	none
-------------------------------------------------------------- 

Time for model simplification: 0.128s.

-------------------------------------------------------------- 
Model type: 	MDP (sparse)
States: 	5001
Transitions: 	32361
Choices: 	6551
Reward Models:  energy_3alt
State Labels: 	5 labels
   * target -> 1 item(s)
   * sink -> 0 item(s)
   * init -> 1 item(s)
   * deadlock -> 0 item(s)
   * (_s = 10) -> 1 item(s)
Choice Labels: 	none
-------------------------------------------------------------- 

Time for model preprocessing: 0.128s.

-------------------------------------------------------------- 
Model type: 	MDP (sparse)
States: 	5001
Transitions: 	32361
Choices: 	6551
Reward Models:  energy_3alt
State Labels: 	5 labels
   * target -> 1 item(s)
   * sink -> 0 item(s)
   * init -> 1 item(s)
   * deadlock -> 0 item(s)
   * (_s = 10) -> 1 item(s)
Choice Labels: 	none
-------------------------------------------------------------- 
Find feasible solution for  R[exp]{"energy_3alt"}max=? [F (_s = 10)] within region 3/10<=current_prob<=4/5;
 WARN (AbstractEquationSolver.cpp:324): Iterative solver was aborted after 150 iterations.
ERROR (GmmxxLinearEquationSolver.cpp:76): Gmm++ (externally) aborted after 0 iterations.
 WARN (TopologicalLinearEquationSolver.cpp:118): Topological solver aborted after analyzing 1/76 SCCs.
 WARN (TopologicalMinMaxLinearEquationSolver.cpp:133): Topological solver aborted after analyzing 1/10 SCCs.
ERROR (GmmxxLinearEquationSolver.cpp:76): Gmm++ (externally) aborted after 0 iterations.
 WARN (TopologicalLinearEquationSolver.cpp:118): Topological solver aborted after analyzing 1/780 SCCs.
 WARN (AbstractEquationSolver.cpp:324): Iterative solver was aborted after 1 iterations.
ERROR (GmmxxLinearEquationSolver.cpp:76): Gmm++ (externally) aborted after 0 iterations.
 WARN (TopologicalLinearEquationSolver.cpp:118): Topological solver aborted after analyzing 1/76 SCCs.
 WARN (TopologicalMinMaxLinearEquationSolver.cpp:133): Topological solver aborted after analyzing 1/10 SCCs.
ERROR (GmmxxLinearEquationSolver.cpp:76): Gmm++ (externally) aborted after 0 iterations.
 WARN (TopologicalLinearEquationSolver.cpp:118): Topological solver aborted after analyzing 1/780 SCCs.
 WARN (AbstractEquationSolver.cpp:324): Iterative solver was aborted after 1 iterations.
ERROR (GmmxxLinearEquationSolver.cpp:76): Gmm++ (externally) aborted after 0 iterations.
 WARN (TopologicalLinearEquationSolver.cpp:118): Topological solver aborted after analyzing 1/76 SCCs.
 WARN (TopologicalMinMaxLinearEquationSolver.cpp:133): Topological solver aborted after analyzing 1/10 SCCs.
ERROR (GmmxxLinearEquationSolver.cpp:76): Gmm++ (externally) aborted after 0 iterations.
 WARN (TopologicalLinearEquationSolver.cpp:118): Topological solver aborted after analyzing 1/780 SCCs.
 WARN (AbstractEquationSolver.cpp:324): Iterative solver was aborted after 1 iterations.
ERROR (GmmxxLinearEquationSolver.cpp:76): Gmm++ (externally) aborted after 0 iterations.
 WARN (TopologicalLinearEquationSolver.cpp:118): Topological solver aborted after analyzing 1/76 SCCs.
 WARN (TopologicalMinMaxLinearEquationSolver.cpp:133): Topological solver aborted after analyzing 1/10 SCCs.
ERROR (GmmxxLinearEquationSolver.cpp:76): Gmm++ (externally) aborted after 0 iterations.
 WARN (TopologicalLinearEquationSolver.cpp:118): Topological solver aborted after analyzing 1/780 SCCs.
 WARN (AbstractEquationSolver.cpp:324): Iterative solver was aborted after 1 iterations.
ERROR (GmmxxLinearEquationSolver.cpp:76): Gmm++ (externally) aborted after 0 iterations.
 WARN (TopologicalLinearEquationSolver.cpp:118): Topological solver aborted after analyzing 1/76 SCCs.
 WARN (TopologicalMinMaxLinearEquationSolver.cpp:133): Topological solver aborted after analyzing 1/10 SCCs.
ERROR (GmmxxLinearEquationSolver.cpp:76): Gmm++ (externally) aborted after 0 iterations.
 WARN (TopologicalLinearEquationSolver.cpp:118): Topological solver aborted after analyzing 1/780 SCCs.
 WARN (AbstractEquationSolver.cpp:324): Iterative solver was aborted after 1 iterations.
ERROR (GmmxxLinearEquationSolver.cpp:76): Gmm++ (externally) aborted after 0 iterations.
 WARN (TopologicalLinearEquationSolver.cpp:118): Topological solver aborted after analyzing 1/76 SCCs.
 WARN (TopologicalMinMaxLinearEquationSolver.cpp:133): Topological solver aborted after analyzing 1/10 SCCs.
ERROR (GmmxxLinearEquationSolver.cpp:76): Gmm++ (externally) aborted after 0 iterations.
 WARN (TopologicalLinearEquationSolver.cpp:118): Topological solver aborted after analyzing 1/780 SCCs.
 WARN (AbstractEquationSolver.cpp:324): Iterative solver was aborted after 1 iterations.
ERROR (GmmxxLinearEquationSolver.cpp:76): Gmm++ (externally) aborted after 0 iterations.
 WARN (TopologicalLinearEquationSolver.cpp:118): Topological solver aborted after analyzing 1/76 SCCs.
 WARN (TopologicalMinMaxLinearEquationSolver.cpp:133): Topological solver aborted after analyzing 1/10 SCCs.
ERROR (GmmxxLinearEquationSolver.cpp:76): Gmm++ (externally) aborted after 0 iterations.
 WARN (TopologicalLinearEquationSolver.cpp:118): Topological solver aborted after analyzing 1/780 SCCs.
 WARN (AbstractEquationSolver.cpp:324): Iterative solver was aborted after 1 iterations.
ERROR (GmmxxLinearEquationSolver.cpp:76): Gmm++ (externally) aborted after 0 iterations.
 WARN (TopologicalLinearEquationSolver.cpp:118): Topological solver aborted after analyzing 1/76 SCCs.
 WARN (TopologicalMinMaxLinearEquationSolver.cpp:133): Topological solver aborted after analyzing 1/10 SCCs.
ERROR (GmmxxLinearEquationSolver.cpp:76): Gmm++ (externally) aborted after 0 iterations.
 WARN (TopologicalLinearEquationSolver.cpp:118): Topological solver aborted after analyzing 1/780 SCCs.
 WARN (AbstractEquationSolver.cpp:324): Iterative solver was aborted after 1 iterations.
ERROR (GmmxxLinearEquationSolver.cpp:76): Gmm++ (externally) aborted after 0 iterations.
 WARN (TopologicalLinearEquationSolver.cpp:118): Topological solver aborted after analyzing 1/76 SCCs.
 WARN (TopologicalMinMaxLinearEquationSolver.cpp:133): Topological solver aborted after analyzing 1/10 SCCs.
ERROR (GmmxxLinearEquationSolver.cpp:76): Gmm++ (externally) aborted after 0 iterations.
 WARN (TopologicalLinearEquationSolver.cpp:118): Topological solver aborted after analyzing 1/780 SCCs.
 WARN (AbstractEquationSolver.cpp:324): Iterative solver was aborted after 1 iterations.
ERROR (GmmxxLinearEquationSolver.cpp:76): Gmm++ (externally) aborted after 0 iterations.
 WARN (TopologicalLinearEquationSolver.cpp:118): Topological solver aborted after analyzing 1/76 SCCs.
 WARN (TopologicalMinMaxLinearEquationSolver.cpp:133): Topological solver aborted after analyzing 1/10 SCCs.
ERROR (GmmxxLinearEquationSolver.cpp:76): Gmm++ (externally) aborted after 0 iterations.
 WARN (TopologicalLinearEquationSolver.cpp:118): Topological solver aborted after analyzing 1/780 SCCs.
 WARN (AbstractEquationSolver.cpp:324): Iterative solver was aborted after 1 iterations.
ERROR (GmmxxLinearEquationSolver.cpp:76): Gmm++ (externally) aborted after 0 iterations.
 WARN (TopologicalLinearEquationSolver.cpp:118): Topological solver aborted after analyzing 1/76 SCCs.
 WARN (TopologicalMinMaxLinearEquationSolver.cpp:133): Topological solver aborted after analyzing 1/10 SCCs.
ERROR (GmmxxLinearEquationSolver.cpp:76): Gmm++ (externally) aborted after 0 iterations.
 WARN (TopologicalLinearEquationSolver.cpp:118): Topological solver aborted after analyzing 1/780 SCCs.
 WARN (AbstractEquationSolver.cpp:324): Iterative solver was aborted after 1 iterations.
ERROR (GmmxxLinearEquationSolver.cpp:76): Gmm++ (externally) aborted after 0 iterations.
 WARN (TopologicalLinearEquationSolver.cpp:118): Topological solver aborted after analyzing 1/76 SCCs.
 WARN (TopologicalMinMaxLinearEquationSolver.cpp:133): Topological solver aborted after analyzing 1/10 SCCs.
ERROR (GmmxxLinearEquationSolver.cpp:76): Gmm++ (externally) aborted after 0 iterations.
 WARN (TopologicalLinearEquationSolver.cpp:118): Topological solver aborted after analyzing 1/780 SCCs.
 WARN (AbstractEquationSolver.cpp:324): Iterative solver was aborted after 1 iterations.
ERROR (GmmxxLinearEquationSolver.cpp:76): Gmm++ (externally) aborted after 0 iterations.
 WARN (TopologicalLinearEquationSolver.cpp:118): Topological solver aborted after analyzing 1/76 SCCs.
 WARN (TopologicalMinMaxLinearEquationSolver.cpp:133): Topological solver aborted after analyzing 1/10 SCCs.
ERROR (GmmxxLinearEquationSolver.cpp:76): Gmm++ (externally) aborted after 0 iterations.
 WARN (TopologicalLinearEquationSolver.cpp:118): Topological solver aborted after analyzing 1/780 SCCs.
 WARN (AbstractEquationSolver.cpp:324): Iterative solver was aborted after 1 iterations.
ERROR (GmmxxLinearEquationSolver.cpp:76): Gmm++ (externally) aborted after 0 iterations.
 WARN (TopologicalLinearEquationSolver.cpp:118): Topological solver aborted after analyzing 1/76 SCCs.
 WARN (TopologicalMinMaxLinearEquationSolver.cpp:133): Topological solver aborted after analyzing 1/10 SCCs.
ERROR (GmmxxLinearEquationSolver.cpp:76): Gmm++ (externally) aborted after 0 iterations.
 WARN (TopologicalLinearEquationSolver.cpp:118): Topological solver aborted after analyzing 1/780 SCCs.
 WARN (AbstractEquationSolver.cpp:324): Iterative solver was aborted after 1 iterations.
ERROR (GmmxxLinearEquationSolver.cpp:76): Gmm++ (externally) aborted after 0 iterations.
 WARN (TopologicalLinearEquationSolver.cpp:118): Topological solver aborted after analyzing 1/76 SCCs.
 WARN (TopologicalMinMaxLinearEquationSolver.cpp:133): Topological solver aborted after analyzing 1/10 SCCs.
ERROR (GmmxxLinearEquationSolver.cpp:76): Gmm++ (externally) aborted after 0 iterations.
 WARN (TopologicalLinearEquationSolver.cpp:118): Topological solver aborted after analyzing 1/780 SCCs.
 WARN (AbstractEquationSolver.cpp:324): Iterative solver was aborted after 1 iterations.
ERROR (GmmxxLinearEquationSolver.cpp:76): Gmm++ (externally) aborted after 0 iterations.
 WARN (TopologicalLinearEquationSolver.cpp:118): Topological solver aborted after analyzing 1/76 SCCs.
 WARN (TopologicalMinMaxLinearEquationSolver.cpp:133): Topological solver aborted after analyzing 1/10 SCCs.
ERROR (GmmxxLinearEquationSolver.cpp:76): Gmm++ (externally) aborted after 0 iterations.
 WARN (TopologicalLinearEquationSolver.cpp:118): Topological solver aborted after analyzing 1/780 SCCs.
 WARN (AbstractEquationSolver.cpp:324): Iterative solver was aborted after 1 iterations.
ERROR (GmmxxLinearEquationSolver.cpp:76): Gmm++ (externally) aborted after 0 iterations.
 WARN (TopologicalLinearEquationSolver.cpp:118): Topological solver aborted after analyzing 1/76 SCCs.
 WARN (TopologicalMinMaxLinearEquationSolver.cpp:133): Topological solver aborted after analyzing 1/10 SCCs.
ERROR (GmmxxLinearEquationSolver.cpp:76): Gmm++ (externally) aborted after 0 iterations.
 WARN (TopologicalLinearEquationSolver.cpp:118): Topological solver aborted after analyzing 1/780 SCCs.
 WARN (AbstractEquationSolver.cpp:324): Iterative solver was aborted after 1 iterations.
ERROR (GmmxxLinearEquationSolver.cpp:76): Gmm++ (externally) aborted after 0 iterations.
 WARN (TopologicalLinearEquationSolver.cpp:118): Topological solver aborted after analyzing 1/76 SCCs.
 WARN (TopologicalMinMaxLinearEquationSolver.cpp:133): Topological solver aborted after analyzing 1/10 SCCs.
ERROR (GmmxxLinearEquationSolver.cpp:76): Gmm++ (externally) aborted after 0 iterations.
 WARN (TopologicalLinearEquationSolver.cpp:118): Topological solver aborted after analyzing 1/780 SCCs.
 WARN (AbstractEquationSolver.cpp:324): Iterative solver was aborted after 1 iterations.
ERROR (GmmxxLinearEquationSolver.cpp:76): Gmm++ (externally) aborted after 0 iterations.
 WARN (TopologicalLinearEquationSolver.cpp:118): Topological solver aborted after analyzing 1/76 SCCs.
 WARN (TopologicalMinMaxLinearEquationSolver.cpp:133): Topological solver aborted after analyzing 1/10 SCCs.
ERROR (GmmxxLinearEquationSolver.cpp:76): Gmm++ (externally) aborted after 0 iterations.
 WARN (TopologicalLinearEquationSolver.cpp:118): Topological solver aborted after analyzing 1/780 SCCs.
 WARN (AbstractEquationSolver.cpp:324): Iterative solver was aborted after 1 iterations.
ERROR (GmmxxLinearEquationSolver.cpp:76): Gmm++ (externally) aborted after 0 iterations.
 WARN (TopologicalLinearEquationSolver.cpp:118): Topological solver aborted after analyzing 1/76 SCCs.
 WARN (TopologicalMinMaxLinearEquationSolver.cpp:133): Topological solver aborted after analyzing 1/10 SCCs.
ERROR (GmmxxLinearEquationSolver.cpp:76): Gmm++ (externally) aborted after 0 iterations.
 WARN (TopologicalLinearEquationSolver.cpp:118): Topological solver aborted after analyzing 1/780 SCCs.
 WARN (AbstractEquationSolver.cpp:324): Iterative solver was aborted after 1 iterations.
ERROR (GmmxxLinearEquationSolver.cpp:76): Gmm++ (externally) aborted after 0 iterations.
 WARN (TopologicalLinearEquationSolver.cpp:118): Topological solver aborted after analyzing 1/76 SCCs.
 WARN (TopologicalMinMaxLinearEquationSolver.cpp:133): Topological solver aborted after analyzing 1/10 SCCs.
ERROR (GmmxxLinearEquationSolver.cpp:76): Gmm++ (externally) aborted after 0 iterations.
 WARN (TopologicalLinearEquationSolver.cpp:118): Topological solver aborted after analyzing 1/780 SCCs.
 WARN (AbstractEquationSolver.cpp:324): Iterative solver was aborted after 1 iterations.
ERROR (GmmxxLinearEquationSolver.cpp:76): Gmm++ (externally) aborted after 0 iterations.
 WARN (TopologicalLinearEquationSolver.cpp:118): Topological solver aborted after analyzing 1/76 SCCs.
 WARN (TopologicalMinMaxLinearEquationSolver.cpp:133): Topological solver aborted after analyzing 1/10 SCCs.
ERROR (GmmxxLinearEquationSolver.cpp:76): Gmm++ (externally) aborted after 0 iterations.
 WARN (TopologicalLinearEquationSolver.cpp:118): Topological solver aborted after analyzing 1/780 SCCs.
 WARN (AbstractEquationSolver.cpp:324): Iterative solver was aborted after 1 iterations.
ERROR (GmmxxLinearEquationSolver.cpp:76): Gmm++ (externally) aborted after 0 iterations.
 WARN (TopologicalLinearEquationSolver.cpp:118): Topological solver aborted after analyzing 1/76 SCCs.
 WARN (TopologicalMinMaxLinearEquationSolver.cpp:133): Topological solver aborted after analyzing 1/10 SCCs.
ERROR (GmmxxLinearEquationSolver.cpp:76): Gmm++ (externally) aborted after 0 iterations.
 WARN (TopologicalLinearEquationSolver.cpp:118): Topological solver aborted after analyzing 1/780 SCCs.
 WARN (AbstractEquationSolver.cpp:324): Iterative solver was aborted after 1 iterations.
ERROR (GmmxxLinearEquationSolver.cpp:76): Gmm++ (externally) aborted after 0 iterations.
 WARN (TopologicalLinearEquationSolver.cpp:118): Topological solver aborted after analyzing 1/76 SCCs.
 WARN (TopologicalMinMaxLinearEquationSolver.cpp:133): Topological solver aborted after analyzing 1/10 SCCs.
ERROR (GmmxxLinearEquationSolver.cpp:76): Gmm++ (externally) aborted after 0 iterations.
 WARN (TopologicalLinearEquationSolver.cpp:118): Topological solver aborted after analyzing 1/780 SCCs.
 WARN (AbstractEquationSolver.cpp:324): Iterative solver was aborted after 1 iterations.
ERROR (GmmxxLinearEquationSolver.cpp:76): Gmm++ (externally) aborted after 0 iterations.
 WARN (TopologicalLinearEquationSolver.cpp:118): Topological solver aborted after analyzing 1/76 SCCs.
 WARN (TopologicalMinMaxLinearEquationSolver.cpp:133): Topological solver aborted after analyzing 1/10 SCCs.
ERROR (GmmxxLinearEquationSolver.cpp:76): Gmm++ (externally) aborted after 0 iterations.
 WARN (TopologicalLinearEquationSolver.cpp:118): Topological solver aborted after analyzing 1/780 SCCs.
 WARN (AbstractEquationSolver.cpp:324): Iterative solver was aborted after 1 iterations.
ERROR (GmmxxLinearEquationSolver.cpp:76): Gmm++ (externally) aborted after 0 iterations.
 WARN (TopologicalLinearEquationSolver.cpp:118): Topological solver aborted after analyzing 1/76 SCCs.
 WARN (TopologicalMinMaxLinearEquationSolver.cpp:133): Topological solver aborted after analyzing 1/10 SCCs.
ERROR (GmmxxLinearEquationSolver.cpp:76): Gmm++ (externally) aborted after 0 iterations.
 WARN (TopologicalLinearEquationSolver.cpp:118): Topological solver aborted after analyzing 1/780 SCCs.
 WARN (AbstractEquationSolver.cpp:324): Iterative solver was aborted after 1 iterations.
ERROR (GmmxxLinearEquationSolver.cpp:76): Gmm++ (externally) aborted after 0 iterations.
 WARN (TopologicalLinearEquationSolver.cpp:118): Topological solver aborted after analyzing 1/76 SCCs.
 WARN (TopologicalMinMaxLinearEquationSolver.cpp:133): Topological solver aborted after analyzing 1/10 SCCs.
ERROR (GmmxxLinearEquationSolver.cpp:76): Gmm++ (externally) aborted after 0 iterations.
 WARN (TopologicalLinearEquationSolver.cpp:118): Topological solver aborted after analyzing 1/780 SCCs.
 WARN (AbstractEquationSolver.cpp:324): Iterative solver was aborted after 1 iterations.
ERROR (GmmxxLinearEquationSolver.cpp:76): Gmm++ (externally) aborted after 0 iterations.
 WARN (TopologicalLinearEquationSolver.cpp:118): Topological solver aborted after analyzing 1/76 SCCs.
 WARN (TopologicalMinMaxLinearEquationSolver.cpp:133): Topological solver aborted after analyzing 1/10 SCCs.
ERROR (GmmxxLinearEquationSolver.cpp:76): Gmm++ (externally) aborted after 0 iterations.
 WARN (TopologicalLinearEquationSolver.cpp:118): Topological solver aborted after analyzing 1/780 SCCs.
 WARN (AbstractEquationSolver.cpp:324): Iterative solver was aborted after 1 iterations.
ERROR (GmmxxLinearEquationSolver.cpp:76): Gmm++ (externally) aborted after 0 iterations.
 WARN (TopologicalLinearEquationSolver.cpp:118): Topological solver aborted after analyzing 1/76 SCCs.
 WARN (TopologicalMinMaxLinearEquationSolver.cpp:133): Topological solver aborted after analyzing 1/10 SCCs.
ERROR (GmmxxLinearEquationSolver.cpp:76): Gmm++ (externally) aborted after 0 iterations.
 WARN (TopologicalLinearEquationSolver.cpp:118): Topological solver aborted after analyzing 1/780 SCCs.
 WARN (AbstractEquationSolver.cpp:324): Iterative solver was aborted after 1 iterations.
ERROR (GmmxxLinearEquationSolver.cpp:76): Gmm++ (externally) aborted after 0 iterations.
 WARN (TopologicalLinearEquationSolver.cpp:118): Topological solver aborted after analyzing 1/76 SCCs.
 WARN (TopologicalMinMaxLinearEquationSolver.cpp:133): Topological solver aborted after analyzing 1/10 SCCs.
ERROR (GmmxxLinearEquationSolver.cpp:76): Gmm++ (externally) aborted after 0 iterations.
 WARN (TopologicalLinearEquationSolver.cpp:118): Topological solver aborted after analyzing 1/780 SCCs.
 WARN (AbstractEquationSolver.cpp:324): Iterative solver was aborted after 1 iterations.
ERROR (GmmxxLinearEquationSolver.cpp:76): Gmm++ (externally) aborted after 0 iterations.
 WARN (TopologicalLinearEquationSolver.cpp:118): Topological solver aborted after analyzing 1/76 SCCs.
 WARN (TopologicalMinMaxLinearEquationSolver.cpp:133): Topological solver aborted after analyzing 1/10 SCCs.
ERROR (GmmxxLinearEquationSolver.cpp:76): Gmm++ (externally) aborted after 0 iterations.
 WARN (TopologicalLinearEquationSolver.cpp:118): Topological solver aborted after analyzing 1/780 SCCs.
 WARN (AbstractEquationSolver.cpp:324): Iterative solver was aborted after 1 iterations.
ERROR (GmmxxLinearEquationSolver.cpp:76): Gmm++ (externally) aborted after 0 iterations.
 WARN (TopologicalLinearEquationSolver.cpp:118): Topological solver aborted after analyzing 1/76 SCCs.
 WARN (TopologicalMinMaxLinearEquationSolver.cpp:133): Topological solver aborted after analyzing 1/10 SCCs.
ERROR (GmmxxLinearEquationSolver.cpp:76): Gmm++ (externally) aborted after 0 iterations.
 WARN (TopologicalLinearEquationSolver.cpp:118): Topological solver aborted after analyzing 1/780 SCCs.
 WARN (AbstractEquationSolver.cpp:324): Iterative solver was aborted after 1 iterations.
ERROR (GmmxxLinearEquationSolver.cpp:76): Gmm++ (externally) aborted after 0 iterations.
 WARN (TopologicalLinearEquationSolver.cpp:118): Topological solver aborted after analyzing 1/76 SCCs.
 WARN (TopologicalMinMaxLinearEquationSolver.cpp:133): Topological solver aborted after analyzing 1/10 SCCs.
ERROR (GmmxxLinearEquationSolver.cpp:76): Gmm++ (externally) aborted after 0 iterations.
 WARN (TopologicalLinearEquationSolver.cpp:118): Topological solver aborted after analyzing 1/780 SCCs.
 WARN (AbstractEquationSolver.cpp:324): Iterative solver was aborted after 1 iterations.
ERROR (GmmxxLinearEquationSolver.cpp:76): Gmm++ (externally) aborted after 0 iterations.
 WARN (TopologicalLinearEquationSolver.cpp:118): Topological solver aborted after analyzing 1/76 SCCs.
 WARN (TopologicalMinMaxLinearEquationSolver.cpp:133): Topological solver aborted after analyzing 1/10 SCCs.
ERROR (GmmxxLinearEquationSolver.cpp:76): Gmm++ (externally) aborted after 0 iterations.
 WARN (TopologicalLinearEquationSolver.cpp:118): Topological solver aborted after analyzing 1/780 SCCs.
 WARN (AbstractEquationSolver.cpp:324): Iterative solver was aborted after 1 iterations.
ERROR (GmmxxLinearEquationSolver.cpp:76): Gmm++ (externally) aborted after 0 iterations.
 WARN (TopologicalLinearEquationSolver.cpp:118): Topological solver aborted after analyzing 1/76 SCCs.
 WARN (TopologicalMinMaxLinearEquationSolver.cpp:133): Topological solver aborted after analyzing 1/10 SCCs.
ERROR (GmmxxLinearEquationSolver.cpp:76): Gmm++ (externally) aborted after 0 iterations.
 WARN (TopologicalLinearEquationSolver.cpp:118): Topological solver aborted after analyzing 1/780 SCCs.
 WARN (AbstractEquationSolver.cpp:324): Iterative solver was aborted after 1 iterations.
ERROR (GmmxxLinearEquationSolver.cpp:76): Gmm++ (externally) aborted after 0 iterations.
 WARN (TopologicalLinearEquationSolver.cpp:118): Topological solver aborted after analyzing 1/76 SCCs.
 WARN (TopologicalMinMaxLinearEquationSolver.cpp:133): Topological solver aborted after analyzing 1/10 SCCs.
ERROR (GmmxxLinearEquationSolver.cpp:76): Gmm++ (externally) aborted after 0 iterations.
 WARN (TopologicalLinearEquationSolver.cpp:118): Topological solver aborted after analyzing 1/780 SCCs.
 WARN (AbstractEquationSolver.cpp:324): Iterative solver was aborted after 1 iterations.
ERROR (GmmxxLinearEquationSolver.cpp:76): Gmm++ (externally) aborted after 0 iterations.
 WARN (TopologicalLinearEquationSolver.cpp:118): Topological solver aborted after analyzing 1/76 SCCs.
 WARN (TopologicalMinMaxLinearEquationSolver.cpp:133): Topological solver aborted after analyzing 1/10 SCCs.
ERROR (GmmxxLinearEquationSolver.cpp:76): Gmm++ (externally) aborted after 0 iterations.
 WARN (TopologicalLinearEquationSolver.cpp:118): Topological solver aborted after analyzing 1/780 SCCs.
 WARN (AbstractEquationSolver.cpp:324): Iterative solver was aborted after 1 iterations.
ERROR (GmmxxLinearEquationSolver.cpp:76): Gmm++ (externally) aborted after 0 iterations.
 WARN (TopologicalLinearEquationSolver.cpp:118): Topological solver aborted after analyzing 1/76 SCCs.
 WARN (TopologicalMinMaxLinearEquationSolver.cpp:133): Topological solver aborted after analyzing 1/10 SCCs.
ERROR (GmmxxLinearEquationSolver.cpp:76): Gmm++ (externally) aborted after 0 iterations.
 WARN (TopologicalLinearEquationSolver.cpp:118): Topological solver aborted after analyzing 1/780 SCCs.
 WARN (AbstractEquationSolver.cpp:324): Iterative solver was aborted after 1 iterations.
ERROR (GmmxxLinearEquationSolver.cpp:76): Gmm++ (externally) aborted after 0 iterations.
 WARN (TopologicalLinearEquationSolver.cpp:118): Topological solver aborted after analyzing 1/76 SCCs.
 WARN (TopologicalMinMaxLinearEquationSolver.cpp:133): Topological solver aborted after analyzing 1/10 SCCs.
ERROR (GmmxxLinearEquationSolver.cpp:76): Gmm++ (externally) aborted after 0 iterations.
 WARN (TopologicalLinearEquationSolver.cpp:118): Topological solver aborted after analyzing 1/780 SCCs.
 WARN (AbstractEquationSolver.cpp:324): Iterative solver was aborted after 1 iterations.
ERROR (GmmxxLinearEquationSolver.cpp:76): Gmm++ (externally) aborted after 0 iterations.
 WARN (TopologicalLinearEquationSolver.cpp:118): Topological solver aborted after analyzing 1/76 SCCs.
 WARN (TopologicalMinMaxLinearEquationSolver.cpp:133): Topological solver aborted after analyzing 1/10 SCCs.
ERROR (GmmxxLinearEquationSolver.cpp:76): Gmm++ (externally) aborted after 0 iterations.
 WARN (TopologicalLinearEquationSolver.cpp:118): Topological solver aborted after analyzing 1/780 SCCs.
 WARN (AbstractEquationSolver.cpp:324): Iterative solver was aborted after 1 iterations.
ERROR (GmmxxLinearEquationSolver.cpp:76): Gmm++ (externally) aborted after 0 iterations.
 WARN (TopologicalLinearEquationSolver.cpp:118): Topological solver aborted after analyzing 1/76 SCCs.
 WARN (TopologicalMinMaxLinearEquationSolver.cpp:133): Topological solver aborted after analyzing 1/10 SCCs.
ERROR (GmmxxLinearEquationSolver.cpp:76): Gmm++ (externally) aborted after 0 iterations.
 WARN (TopologicalLinearEquationSolver.cpp:118): Topological solver aborted after analyzing 1/780 SCCs.
 WARN (AbstractEquationSolver.cpp:324): Iterative solver was aborted after 1 iterations.
ERROR (GmmxxLinearEquationSolver.cpp:76): Gmm++ (externally) aborted after 0 iterations.
 WARN (TopologicalLinearEquationSolver.cpp:118): Topological solver aborted after analyzing 1/76 SCCs.
 WARN (TopologicalMinMaxLinearEquationSolver.cpp:133): Topological solver aborted after analyzing 1/10 SCCs.
ERROR (GmmxxLinearEquationSolver.cpp:76): Gmm++ (externally) aborted after 0 iterations.
 WARN (TopologicalLinearEquationSolver.cpp:118): Topological solver aborted after analyzing 1/780 SCCs.
 WARN (AbstractEquationSolver.cpp:324): Iterative solver was aborted after 1 iterations.
ERROR (GmmxxLinearEquationSolver.cpp:76): Gmm++ (externally) aborted after 0 iterations.
 WARN (TopologicalLinearEquationSolver.cpp:118): Topological solver aborted after analyzing 1/76 SCCs.
 WARN (TopologicalMinMaxLinearEquationSolver.cpp:133): Topological solver aborted after analyzing 1/10 SCCs.
ERROR (GmmxxLinearEquationSolver.cpp:76): Gmm++ (externally) aborted after 0 iterations.
 WARN (TopologicalLinearEquationSolver.cpp:118): Topological solver aborted after analyzing 1/780 SCCs.
 WARN (AbstractEquationSolver.cpp:324): Iterative solver was aborted after 1 iterations.
ERROR (GmmxxLinearEquationSolver.cpp:76): Gmm++ (externally) aborted after 0 iterations.
 WARN (TopologicalLinearEquationSolver.cpp:118): Topological solver aborted after analyzing 1/76 SCCs.
 WARN (TopologicalMinMaxLinearEquationSolver.cpp:133): Topological solver aborted after analyzing 1/10 SCCs.
ERROR (GmmxxLinearEquationSolver.cpp:76): Gmm++ (externally) aborted after 0 iterations.
 WARN (TopologicalLinearEquationSolver.cpp:118): Topological solver aborted after analyzing 1/780 SCCs.
 WARN (AbstractEquationSolver.cpp:324): Iterative solver was aborted after 1 iterations.
ERROR (GmmxxLinearEquationSolver.cpp:76): Gmm++ (externally) aborted after 0 iterations.
 WARN (TopologicalLinearEquationSolver.cpp:118): Topological solver aborted after analyzing 1/76 SCCs.
 WARN (TopologicalMinMaxLinearEquationSolver.cpp:133): Topological solver aborted after analyzing 1/10 SCCs.
ERROR (GmmxxLinearEquationSolver.cpp:76): Gmm++ (externally) aborted after 0 iterations.
 WARN (TopologicalLinearEquationSolver.cpp:118): Topological solver aborted after analyzing 1/780 SCCs.
 WARN (AbstractEquationSolver.cpp:324): Iterative solver was aborted after 1 iterations.
ERROR (GmmxxLinearEquationSolver.cpp:76): Gmm++ (externally) aborted after 0 iterations.
 WARN (TopologicalLinearEquationSolver.cpp:118): Topological solver aborted after analyzing 1/76 SCCs.
 WARN (TopologicalMinMaxLinearEquationSolver.cpp:133): Topological solver aborted after analyzing 1/10 SCCs.
ERROR (GmmxxLinearEquationSolver.cpp:76): Gmm++ (externally) aborted after 0 iterations.
 WARN (TopologicalLinearEquationSolver.cpp:118): Topological solver aborted after analyzing 1/780 SCCs.
 WARN (AbstractEquationSolver.cpp:324): Iterative solver was aborted after 1 iterations.
ERROR (GmmxxLinearEquationSolver.cpp:76): Gmm++ (externally) aborted after 0 iterations.
 WARN (TopologicalLinearEquationSolver.cpp:118): Topological solver aborted after analyzing 1/76 SCCs.
 WARN (TopologicalMinMaxLinearEquationSolver.cpp:133): Topological solver aborted after analyzing 1/10 SCCs.
ERROR (GmmxxLinearEquationSolver.cpp:76): Gmm++ (externally) aborted after 0 iterations.
 WARN (TopologicalLinearEquationSolver.cpp:118): Topological solver aborted after analyzing 1/780 SCCs.
 WARN (AbstractEquationSolver.cpp:324): Iterative solver was aborted after 1 iterations.
ERROR (GmmxxLinearEquationSolver.cpp:76): Gmm++ (externally) aborted after 0 iterations.
 WARN (TopologicalLinearEquationSolver.cpp:118): Topological solver aborted after analyzing 1/76 SCCs.
 WARN (TopologicalMinMaxLinearEquationSolver.cpp:133): Topological solver aborted after analyzing 1/10 SCCs.
ERROR (GmmxxLinearEquationSolver.cpp:76): Gmm++ (externally) aborted after 0 iterations.
 WARN (TopologicalLinearEquationSolver.cpp:118): Topological solver aborted after analyzing 1/780 SCCs.
 WARN (AbstractEquationSolver.cpp:324): Iterative solver was aborted after 1 iterations.
ERROR (GmmxxLinearEquationSolver.cpp:76): Gmm++ (externally) aborted after 0 iterations.
 WARN (TopologicalLinearEquationSolver.cpp:118): Topological solver aborted after analyzing 1/76 SCCs.
 WARN (TopologicalMinMaxLinearEquationSolver.cpp:133): Topological solver aborted after analyzing 1/10 SCCs.
ERROR (GmmxxLinearEquationSolver.cpp:76): Gmm++ (externally) aborted after 0 iterations.
 WARN (TopologicalLinearEquationSolver.cpp:118): Topological solver aborted after analyzing 1/780 SCCs.
 WARN (AbstractEquationSolver.cpp:324): Iterative solver was aborted after 1 iterations.
ERROR (GmmxxLinearEquationSolver.cpp:76): Gmm++ (externally) aborted after 0 iterations.
 WARN (TopologicalLinearEquationSolver.cpp:118): Topological solver aborted after analyzing 1/76 SCCs.
 WARN (TopologicalMinMaxLinearEquationSolver.cpp:133): Topological solver aborted after analyzing 1/10 SCCs.
ERROR (GmmxxLinearEquationSolver.cpp:76): Gmm++ (externally) aborted after 0 iterations.
 WARN (TopologicalLinearEquationSolver.cpp:118): Topological solver aborted after analyzing 1/780 SCCs.
 WARN (AbstractEquationSolver.cpp:324): Iterative solver was aborted after 1 iterations.
ERROR (GmmxxLinearEquationSolver.cpp:76): Gmm++ (externally) aborted after 0 iterations.
 WARN (TopologicalLinearEquationSolver.cpp:118): Topological solver aborted after analyzing 1/76 SCCs.
 WARN (TopologicalMinMaxLinearEquationSolver.cpp:133): Topological solver aborted after analyzing 1/10 SCCs.
ERROR (GmmxxLinearEquationSolver.cpp:76): Gmm++ (externally) aborted after 0 iterations.
 WARN (TopologicalLinearEquationSolver.cpp:118): Topological solver aborted after analyzing 1/780 SCCs.
 WARN (AbstractEquationSolver.cpp:324): Iterative solver was aborted after 1 iterations.
ERROR (GmmxxLinearEquationSolver.cpp:76): Gmm++ (externally) aborted after 0 iterations.
 WARN (TopologicalLinearEquationSolver.cpp:118): Topological solver aborted after analyzing 1/76 SCCs.
 WARN (TopologicalMinMaxLinearEquationSolver.cpp:133): Topological solver aborted after analyzing 1/10 SCCs.
ERROR (GmmxxLinearEquationSolver.cpp:76): Gmm++ (externally) aborted after 0 iterations.
 WARN (TopologicalLinearEquationSolver.cpp:118): Topological solver aborted after analyzing 1/780 SCCs.
 WARN (AbstractEquationSolver.cpp:324): Iterative solver was aborted after 1 iterations.
ERROR (GmmxxLinearEquationSolver.cpp:76): Gmm++ (externally) aborted after 0 iterations.
 WARN (TopologicalLinearEquationSolver.cpp:118): Topological solver aborted after analyzing 1/76 SCCs.
 WARN (TopologicalMinMaxLinearEquationSolver.cpp:133): Topological solver aborted after analyzing 1/10 SCCs.
ERROR (GmmxxLinearEquationSolver.cpp:76): Gmm++ (externally) aborted after 0 iterations.
 WARN (TopologicalLinearEquationSolver.cpp:118): Topological solver aborted after analyzing 1/780 SCCs.
 WARN (AbstractEquationSolver.cpp:324): Iterative solver was aborted after 1 iterations.
ERROR (GmmxxLinearEquationSolver.cpp:76): Gmm++ (externally) aborted after 0 iterations.
 WARN (TopologicalLinearEquationSolver.cpp:118): Topological solver aborted after analyzing 1/76 SCCs.
 WARN (TopologicalMinMaxLinearEquationSolver.cpp:133): Topological solver aborted after analyzing 1/10 SCCs.
ERROR (GmmxxLinearEquationSolver.cpp:76): Gmm++ (externally) aborted after 0 iterations.
 WARN (TopologicalLinearEquationSolver.cpp:118): Topological solver aborted after analyzing 1/780 SCCs.
 WARN (AbstractEquationSolver.cpp:324): Iterative solver was aborted after 1 iterations.
ERROR (GmmxxLinearEquationSolver.cpp:76): Gmm++ (externally) aborted after 0 iterations.
 WARN (TopologicalLinearEquationSolver.cpp:118): Topological solver aborted after analyzing 1/76 SCCs.
 WARN (TopologicalMinMaxLinearEquationSolver.cpp:133): Topological solver aborted after analyzing 1/10 SCCs.
ERROR (GmmxxLinearEquationSolver.cpp:76): Gmm++ (externally) aborted after 0 iterations.
 WARN (TopologicalLinearEquationSolver.cpp:118): Topological solver aborted after analyzing 1/780 SCCs.
 WARN (AbstractEquationSolver.cpp:324): Iterative solver was aborted after 1 iterations.
ERROR (GmmxxLinearEquationSolver.cpp:76): Gmm++ (externally) aborted after 0 iterations.
 WARN (TopologicalLinearEquationSolver.cpp:118): Topological solver aborted after analyzing 1/76 SCCs.
 WARN (TopologicalMinMaxLinearEquationSolver.cpp:133): Topological solver aborted after analyzing 1/10 SCCs.
ERROR (GmmxxLinearEquationSolver.cpp:76): Gmm++ (externally) aborted after 0 iterations.
 WARN (TopologicalLinearEquationSolver.cpp:118): Topological solver aborted after analyzing 1/780 SCCs.
 WARN (AbstractEquationSolver.cpp:324): Iterative solver was aborted after 1 iterations.
ERROR (GmmxxLinearEquationSolver.cpp:76): Gmm++ (externally) aborted after 0 iterations.
 WARN (TopologicalLinearEquationSolver.cpp:118): Topological solver aborted after analyzing 1/76 SCCs.
 WARN (TopologicalMinMaxLinearEquationSolver.cpp:133): Topological solver aborted after analyzing 1/10 SCCs.
ERROR (GmmxxLinearEquationSolver.cpp:76): Gmm++ (externally) aborted after 0 iterations.
 WARN (TopologicalLinearEquationSolver.cpp:118): Topological solver aborted after analyzing 1/780 SCCs.
 WARN (AbstractEquationSolver.cpp:324): Iterative solver was aborted after 1 iterations.
ERROR (GmmxxLinearEquationSolver.cpp:76): Gmm++ (externally) aborted after 0 iterations.
 WARN (TopologicalLinearEquationSolver.cpp:118): Topological solver aborted after analyzing 1/76 SCCs.
 WARN (TopologicalMinMaxLinearEquationSolver.cpp:133): Topological solver aborted after analyzing 1/10 SCCs.
ERROR (GmmxxLinearEquationSolver.cpp:76): Gmm++ (externally) aborted after 0 iterations.
 WARN (TopologicalLinearEquationSolver.cpp:118): Topological solver aborted after analyzing 1/780 SCCs.
 WARN (AbstractEquationSolver.cpp:324): Iterative solver was aborted after 1 iterations.
ERROR (GmmxxLinearEquationSolver.cpp:76): Gmm++ (externally) aborted after 0 iterations.
 WARN (TopologicalLinearEquationSolver.cpp:118): Topological solver aborted after analyzing 1/76 SCCs.
 WARN (TopologicalMinMaxLinearEquationSolver.cpp:133): Topological solver aborted after analyzing 1/10 SCCs.
ERROR (GmmxxLinearEquationSolver.cpp:76): Gmm++ (externally) aborted after 0 iterations.
 WARN (TopologicalLinearEquationSolver.cpp:118): Topological solver aborted after analyzing 1/780 SCCs.
 WARN (AbstractEquationSolver.cpp:324): Iterative solver was aborted after 1 iterations.
ERROR (GmmxxLinearEquationSolver.cpp:76): Gmm++ (externally) aborted after 0 iterations.
 WARN (TopologicalLinearEquationSolver.cpp:118): Topological solver aborted after analyzing 1/76 SCCs.
 WARN (TopologicalMinMaxLinearEquationSolver.cpp:133): Topological solver aborted after analyzing 1/10 SCCs.
ERROR (GmmxxLinearEquationSolver.cpp:76): Gmm++ (externally) aborted after 0 iterations.
 WARN (TopologicalLinearEquationSolver.cpp:118): Topological solver aborted after analyzing 1/780 SCCs.
 WARN (AbstractEquationSolver.cpp:324): Iterative solver was aborted after 1 iterations.
ERROR (GmmxxLinearEquationSolver.cpp:76): Gmm++ (externally) aborted after 0 iterations.
 WARN (TopologicalLinearEquationSolver.cpp:118): Topological solver aborted after analyzing 1/76 SCCs.
 WARN (TopologicalMinMaxLinearEquationSolver.cpp:133): Topological solver aborted after analyzing 1/10 SCCs.
ERROR (GmmxxLinearEquationSolver.cpp:76): Gmm++ (externally) aborted after 0 iterations.
 WARN (TopologicalLinearEquationSolver.cpp:118): Topological solver aborted after analyzing 1/780 SCCs.
 WARN (AbstractEquationSolver.cpp:324): Iterative solver was aborted after 1 iterations.
ERROR (GmmxxLinearEquationSolver.cpp:76): Gmm++ (externally) aborted after 0 iterations.
 WARN (TopologicalLinearEquationSolver.cpp:118): Topological solver aborted after analyzing 1/76 SCCs.
 WARN (TopologicalMinMaxLinearEquationSolver.cpp:133): Topological solver aborted after analyzing 1/10 SCCs.
ERROR (GmmxxLinearEquationSolver.cpp:76): Gmm++ (externally) aborted after 0 iterations.
 WARN (TopologicalLinearEquationSolver.cpp:118): Topological solver aborted after analyzing 1/780 SCCs.
 WARN (AbstractEquationSolver.cpp:324): Iterative solver was aborted after 1 iterations.
ERROR (GmmxxLinearEquationSolver.cpp:76): Gmm++ (externally) aborted after 0 iterations.
 WARN (TopologicalLinearEquationSolver.cpp:118): Topological solver aborted after analyzing 1/76 SCCs.
 WARN (TopologicalMinMaxLinearEquationSolver.cpp:133): Topological solver aborted after analyzing 1/10 SCCs.
ERROR (GmmxxLinearEquationSolver.cpp:76): Gmm++ (externally) aborted after 0 iterations.
 WARN (TopologicalLinearEquationSolver.cpp:118): Topological solver aborted after analyzing 1/780 SCCs.
 WARN (AbstractEquationSolver.cpp:324): Iterative solver was aborted after 1 iterations.
ERROR (GmmxxLinearEquationSolver.cpp:76): Gmm++ (externally) aborted after 0 iterations.
 WARN (TopologicalLinearEquationSolver.cpp:118): Topological solver aborted after analyzing 1/76 SCCs.
 WARN (TopologicalMinMaxLinearEquationSolver.cpp:133): Topological solver aborted after analyzing 1/10 SCCs.
ERROR (GmmxxLinearEquationSolver.cpp:76): Gmm++ (externally) aborted after 0 iterations.
 WARN (TopologicalLinearEquationSolver.cpp:118): Topological solver aborted after analyzing 1/780 SCCs.
 WARN (AbstractEquationSolver.cpp:324): Iterative solver was aborted after 1 iterations.
ERROR (GmmxxLinearEquationSolver.cpp:76): Gmm++ (externally) aborted after 0 iterations.
 WARN (TopologicalLinearEquationSolver.cpp:118): Topological solver aborted after analyzing 1/76 SCCs.
 WARN (TopologicalMinMaxLinearEquationSolver.cpp:133): Topological solver aborted after analyzing 1/10 SCCs.
ERROR (GmmxxLinearEquationSolver.cpp:76): Gmm++ (externally) aborted after 0 iterations.
 WARN (TopologicalLinearEquationSolver.cpp:118): Topological solver aborted after analyzing 1/780 SCCs.
 WARN (AbstractEquationSolver.cpp:324): Iterative solver was aborted after 1 iterations.
ERROR (GmmxxLinearEquationSolver.cpp:76): Gmm++ (externally) aborted after 0 iterations.
 WARN (TopologicalLinearEquationSolver.cpp:118): Topological solver aborted after analyzing 1/76 SCCs.
 WARN (TopologicalMinMaxLinearEquationSolver.cpp:133): Topological solver aborted after analyzing 1/10 SCCs.
ERROR (GmmxxLinearEquationSolver.cpp:76): Gmm++ (externally) aborted after 0 iterations.
 WARN (TopologicalLinearEquationSolver.cpp:118): Topological solver aborted after analyzing 1/780 SCCs.
 WARN (AbstractEquationSolver.cpp:324): Iterative solver was aborted after 1 iterations.
ERROR (GmmxxLinearEquationSolver.cpp:76): Gmm++ (externally) aborted after 0 iterations.
 WARN (TopologicalLinearEquationSolver.cpp:118): Topological solver aborted after analyzing 1/76 SCCs.
 WARN (TopologicalMinMaxLinearEquationSolver.cpp:133): Topological solver aborted after analyzing 1/10 SCCs.
ERROR (GmmxxLinearEquationSolver.cpp:76): Gmm++ (externally) aborted after 0 iterations.
 WARN (TopologicalLinearEquationSolver.cpp:118): Topological solver aborted after analyzing 1/780 SCCs.
 WARN (AbstractEquationSolver.cpp:324): Iterative solver was aborted after 1 iterations.
ERROR (GmmxxLinearEquationSolver.cpp:76): Gmm++ (externally) aborted after 0 iterations.
 WARN (TopologicalLinearEquationSolver.cpp:118): Topological solver aborted after analyzing 1/76 SCCs.
 WARN (TopologicalMinMaxLinearEquationSolver.cpp:133): Topological solver aborted after analyzing 1/10 SCCs.
ERROR (GmmxxLinearEquationSolver.cpp:76): Gmm++ (externally) aborted after 0 iterations.
 WARN (TopologicalLinearEquationSolver.cpp:118): Topological solver aborted after analyzing 1/780 SCCs.
 WARN (AbstractEquationSolver.cpp:324): Iterative solver was aborted after 1 iterations.
ERROR (GmmxxLinearEquationSolver.cpp:76): Gmm++ (externally) aborted after 0 iterations.
 WARN (TopologicalLinearEquationSolver.cpp:118): Topological solver aborted after analyzing 1/76 SCCs.
 WARN (TopologicalMinMaxLinearEquationSolver.cpp:133): Topological solver aborted after analyzing 1/10 SCCs.
ERROR (GmmxxLinearEquationSolver.cpp:76): Gmm++ (externally) aborted after 0 iterations.
 WARN (TopologicalLinearEquationSolver.cpp:118): Topological solver aborted after analyzing 1/780 SCCs.
 WARN (AbstractEquationSolver.cpp:324): Iterative solver was aborted after 1 iterations.
ERROR (GmmxxLinearEquationSolver.cpp:76): Gmm++ (externally) aborted after 0 iterations.
 WARN (TopologicalLinearEquationSolver.cpp:118): Topological solver aborted after analyzing 1/76 SCCs.
 WARN (TopologicalMinMaxLinearEquationSolver.cpp:133): Topological solver aborted after analyzing 1/10 SCCs.
ERROR (GmmxxLinearEquationSolver.cpp:76): Gmm++ (externally) aborted after 0 iterations.
 WARN (TopologicalLinearEquationSolver.cpp:118): Topological solver aborted after analyzing 1/780 SCCs.
 WARN (AbstractEquationSolver.cpp:324): Iterative solver was aborted after 1 iterations.
ERROR (GmmxxLinearEquationSolver.cpp:76): Gmm++ (externally) aborted after 0 iterations.
 WARN (TopologicalLinearEquationSolver.cpp:118): Topological solver aborted after analyzing 1/76 SCCs.
 WARN (TopologicalMinMaxLinearEquationSolver.cpp:133): Topological solver aborted after analyzing 1/10 SCCs.
ERROR (GmmxxLinearEquationSolver.cpp:76): Gmm++ (externally) aborted after 0 iterations.
 WARN (TopologicalLinearEquationSolver.cpp:118): Topological solver aborted after analyzing 1/780 SCCs.
 WARN (AbstractEquationSolver.cpp:324): Iterative solver was aborted after 1 iterations.
ERROR (GmmxxLinearEquationSolver.cpp:76): Gmm++ (externally) aborted after 0 iterations.
 WARN (TopologicalLinearEquationSolver.cpp:118): Topological solver aborted after analyzing 1/76 SCCs.
 WARN (TopologicalMinMaxLinearEquationSolver.cpp:133): Topological solver aborted after analyzing 1/10 SCCs.
ERROR (GmmxxLinearEquationSolver.cpp:76): Gmm++ (externally) aborted after 0 iterations.
 WARN (TopologicalLinearEquationSolver.cpp:118): Topological solver aborted after analyzing 1/780 SCCs.
 WARN (AbstractEquationSolver.cpp:324): Iterative solver was aborted after 1 iterations.
ERROR (GmmxxLinearEquationSolver.cpp:76): Gmm++ (externally) aborted after 0 iterations.
 WARN (TopologicalLinearEquationSolver.cpp:118): Topological solver aborted after analyzing 1/76 SCCs.
 WARN (TopologicalMinMaxLinearEquationSolver.cpp:133): Topological solver aborted after analyzing 1/10 SCCs.
ERROR (GmmxxLinearEquationSolver.cpp:76): Gmm++ (externally) aborted after 0 iterations.
 WARN (TopologicalLinearEquationSolver.cpp:118): Topological solver aborted after analyzing 1/780 SCCs.
 WARN (AbstractEquationSolver.cpp:324): Iterative solver was aborted after 1 iterations.
ERROR (GmmxxLinearEquationSolver.cpp:76): Gmm++ (externally) aborted after 0 iterations.
 WARN (TopologicalLinearEquationSolver.cpp:118): Topological solver aborted after analyzing 1/76 SCCs.
 WARN (TopologicalMinMaxLinearEquationSolver.cpp:133): Topological solver aborted after analyzing 1/10 SCCs.
ERROR (GmmxxLinearEquationSolver.cpp:76): Gmm++ (externally) aborted after 0 iterations.
 WARN (TopologicalLinearEquationSolver.cpp:118): Topological solver aborted after analyzing 1/780 SCCs.
 WARN (AbstractEquationSolver.cpp:324): Iterative solver was aborted after 1 iterations.
ERROR (GmmxxLinearEquationSolver.cpp:76): Gmm++ (externally) aborted after 0 iterations.
 WARN (TopologicalLinearEquationSolver.cpp:118): Topological solver aborted after analyzing 1/76 SCCs.
 WARN (TopologicalMinMaxLinearEquationSolver.cpp:133): Topological solver aborted after analyzing 1/10 SCCs.
ERROR (GmmxxLinearEquationSolver.cpp:76): Gmm++ (externally) aborted after 0 iterations.
 WARN (TopologicalLinearEquationSolver.cpp:118): Topological solver aborted after analyzing 1/780 SCCs.
 WARN (AbstractEquationSolver.cpp:324): Iterative solver was aborted after 1 iterations.
ERROR (GmmxxLinearEquationSolver.cpp:76): Gmm++ (externally) aborted after 0 iterations.
 WARN (TopologicalLinearEquationSolver.cpp:118): Topological solver aborted after analyzing 1/76 SCCs.
 WARN (TopologicalMinMaxLinearEquationSolver.cpp:133): Topological solver aborted after analyzing 1/10 SCCs.
ERROR (GmmxxLinearEquationSolver.cpp:76): Gmm++ (externally) aborted after 0 iterations.
 WARN (TopologicalLinearEquationSolver.cpp:118): Topological solver aborted after analyzing 1/780 SCCs.
 WARN (AbstractEquationSolver.cpp:324): Iterative solver was aborted after 1 iterations.
ERROR (GmmxxLinearEquationSolver.cpp:76): Gmm++ (externally) aborted after 0 iterations.
 WARN (TopologicalLinearEquationSolver.cpp:118): Topological solver aborted after analyzing 1/76 SCCs.
 WARN (TopologicalMinMaxLinearEquationSolver.cpp:133): Topological solver aborted after analyzing 1/10 SCCs.
ERROR (GmmxxLinearEquationSolver.cpp:76): Gmm++ (externally) aborted after 0 iterations.
 WARN (TopologicalLinearEquationSolver.cpp:118): Topological solver aborted after analyzing 1/780 SCCs.
 WARN (AbstractEquationSolver.cpp:324): Iterative solver was aborted after 1 iterations.
ERROR (GmmxxLinearEquationSolver.cpp:76): Gmm++ (externally) aborted after 0 iterations.
 WARN (TopologicalLinearEquationSolver.cpp:118): Topological solver aborted after analyzing 1/76 SCCs.
 WARN (TopologicalMinMaxLinearEquationSolver.cpp:133): Topological solver aborted after analyzing 1/10 SCCs.
ERROR (GmmxxLinearEquationSolver.cpp:76): Gmm++ (externally) aborted after 0 iterations.
 WARN (TopologicalLinearEquationSolver.cpp:118): Topological solver aborted after analyzing 1/780 SCCs.
 WARN (AbstractEquationSolver.cpp:324): Iterative solver was aborted after 1 iterations.
ERROR (GmmxxLinearEquationSolver.cpp:76): Gmm++ (externally) aborted after 0 iterations.
 WARN (TopologicalLinearEquationSolver.cpp:118): Topological solver aborted after analyzing 1/76 SCCs.
 WARN (TopologicalMinMaxLinearEquationSolver.cpp:133): Topological solver aborted after analyzing 1/10 SCCs.
ERROR (GmmxxLinearEquationSolver.cpp:76): Gmm++ (externally) aborted after 0 iterations.
 WARN (TopologicalLinearEquationSolver.cpp:118): Topological solver aborted after analyzing 1/780 SCCs.
 WARN (AbstractEquationSolver.cpp:324): Iterative solver was aborted after 1 iterations.
ERROR (GmmxxLinearEquationSolver.cpp:76): Gmm++ (externally) aborted after 0 iterations.
 WARN (TopologicalLinearEquationSolver.cpp:118): Topological solver aborted after analyzing 1/76 SCCs.
 WARN (TopologicalMinMaxLinearEquationSolver.cpp:133): Topological solver aborted after analyzing 1/10 SCCs.
ERROR (GmmxxLinearEquationSolver.cpp:76): Gmm++ (externally) aborted after 0 iterations.
 WARN (TopologicalLinearEquationSolver.cpp:118): Topological solver aborted after analyzing 1/780 SCCs.
 WARN (AbstractEquationSolver.cpp:324): Iterative solver was aborted after 1 iterations.
ERROR (GmmxxLinearEquationSolver.cpp:76): Gmm++ (externally) aborted after 0 iterations.
 WARN (TopologicalLinearEquationSolver.cpp:118): Topological solver aborted after analyzing 1/76 SCCs.
 WARN (TopologicalMinMaxLinearEquationSolver.cpp:133): Topological solver aborted after analyzing 1/10 SCCs.
ERROR (GmmxxLinearEquationSolver.cpp:76): Gmm++ (externally) aborted after 0 iterations.
 WARN (TopologicalLinearEquationSolver.cpp:118): Topological solver aborted after analyzing 1/780 SCCs.
 WARN (AbstractEquationSolver.cpp:324): Iterative solver was aborted after 1 iterations.
ERROR (GmmxxLinearEquationSolver.cpp:76): Gmm++ (externally) aborted after 0 iterations.
 WARN (TopologicalLinearEquationSolver.cpp:118): Topological solver aborted after analyzing 1/76 SCCs.
 WARN (TopologicalMinMaxLinearEquationSolver.cpp:133): Topological solver aborted after analyzing 1/10 SCCs.
ERROR (GmmxxLinearEquationSolver.cpp:76): Gmm++ (externally) aborted after 0 iterations.
 WARN (TopologicalLinearEquationSolver.cpp:118): Topological solver aborted after analyzing 1/780 SCCs.
 WARN (AbstractEquationSolver.cpp:324): Iterative solver was aborted after 1 iterations.
ERROR (GmmxxLinearEquationSolver.cpp:76): Gmm++ (externally) aborted after 0 iterations.
 WARN (TopologicalLinearEquationSolver.cpp:118): Topological solver aborted after analyzing 1/76 SCCs.
 WARN (TopologicalMinMaxLinearEquationSolver.cpp:133): Topological solver aborted after analyzing 1/10 SCCs.
ERROR (GmmxxLinearEquationSolver.cpp:76): Gmm++ (externally) aborted after 0 iterations.
 WARN (TopologicalLinearEquationSolver.cpp:118): Topological solver aborted after analyzing 1/780 SCCs.
 WARN (AbstractEquationSolver.cpp:324): Iterative solver was aborted after 1 iterations.
ERROR (GmmxxLinearEquationSolver.cpp:76): Gmm++ (externally) aborted after 0 iterations.
 WARN (TopologicalLinearEquationSolver.cpp:118): Topological solver aborted after analyzing 1/76 SCCs.
 WARN (TopologicalMinMaxLinearEquationSolver.cpp:133): Topological solver aborted after analyzing 1/10 SCCs.
ERROR (GmmxxLinearEquationSolver.cpp:76): Gmm++ (externally) aborted after 0 iterations.
 WARN (TopologicalLinearEquationSolver.cpp:118): Topological solver aborted after analyzing 1/780 SCCs.
 WARN (AbstractEquationSolver.cpp:324): Iterative solver was aborted after 1 iterations.
ERROR (GmmxxLinearEquationSolver.cpp:76): Gmm++ (externally) aborted after 0 iterations.
 WARN (TopologicalLinearEquationSolver.cpp:118): Topological solver aborted after analyzing 1/76 SCCs.
 WARN (TopologicalMinMaxLinearEquationSolver.cpp:133): Topological solver aborted after analyzing 1/10 SCCs.
ERROR (GmmxxLinearEquationSolver.cpp:76): Gmm++ (externally) aborted after 0 iterations.
 WARN (TopologicalLinearEquationSolver.cpp:118): Topological solver aborted after analyzing 1/780 SCCs.
 WARN (AbstractEquationSolver.cpp:324): Iterative solver was aborted after 1 iterations.
ERROR (GmmxxLinearEquationSolver.cpp:76): Gmm++ (externally) aborted after 0 iterations.
 WARN (TopologicalLinearEquationSolver.cpp:118): Topological solver aborted after analyzing 1/76 SCCs.
 WARN (TopologicalMinMaxLinearEquationSolver.cpp:133): Topological solver aborted after analyzing 1/10 SCCs.
ERROR (GmmxxLinearEquationSolver.cpp:76): Gmm++ (externally) aborted after 0 iterations.
 WARN (TopologicalLinearEquationSolver.cpp:118): Topological solver aborted after analyzing 1/780 SCCs.
 WARN (AbstractEquationSolver.cpp:324): Iterative solver was aborted after 1 iterations.
ERROR (GmmxxLinearEquationSolver.cpp:76): Gmm++ (externally) aborted after 0 iterations.
 WARN (TopologicalLinearEquationSolver.cpp:118): Topological solver aborted after analyzing 1/76 SCCs.
 WARN (TopologicalMinMaxLinearEquationSolver.cpp:133): Topological solver aborted after analyzing 1/10 SCCs.
ERROR (GmmxxLinearEquationSolver.cpp:76): Gmm++ (externally) aborted after 0 iterations.
 WARN (TopologicalLinearEquationSolver.cpp:118): Topological solver aborted after analyzing 1/780 SCCs.
 WARN (AbstractEquationSolver.cpp:324): Iterative solver was aborted after 1 iterations.
ERROR (GmmxxLinearEquationSolver.cpp:76): Gmm++ (externally) aborted after 0 iterations.
 WARN (TopologicalLinearEquationSolver.cpp:118): Topological solver aborted after analyzing 1/76 SCCs.
 WARN (TopologicalMinMaxLinearEquationSolver.cpp:133): Topological solver aborted after analyzing 1/10 SCCs.
ERROR (GmmxxLinearEquationSolver.cpp:76): Gmm++ (externally) aborted after 0 iterations.
 WARN (TopologicalLinearEquationSolver.cpp:118): Topological solver aborted after analyzing 1/780 SCCs.
 WARN (AbstractEquationSolver.cpp:324): Iterative solver was aborted after 1 iterations.
ERROR (GmmxxLinearEquationSolver.cpp:76): Gmm++ (externally) aborted after 0 iterations.
 WARN (TopologicalLinearEquationSolver.cpp:118): Topological solver aborted after analyzing 1/76 SCCs.
 WARN (TopologicalMinMaxLinearEquationSolver.cpp:133): Topological solver aborted after analyzing 1/10 SCCs.
ERROR (GmmxxLinearEquationSolver.cpp:76): Gmm++ (externally) aborted after 0 iterations.
 WARN (TopologicalLinearEquationSolver.cpp:118): Topological solver aborted after analyzing 1/780 SCCs.
 WARN (AbstractEquationSolver.cpp:324): Iterative solver was aborted after 1 iterations.
ERROR (GmmxxLinearEquationSolver.cpp:76): Gmm++ (externally) aborted after 0 iterations.
 WARN (TopologicalLinearEquationSolver.cpp:118): Topological solver aborted after analyzing 1/76 SCCs.
 WARN (TopologicalMinMaxLinearEquationSolver.cpp:133): Topological solver aborted after analyzing 1/10 SCCs.
ERROR (GmmxxLinearEquationSolver.cpp:76): Gmm++ (externally) aborted after 0 iterations.
 WARN (TopologicalLinearEquationSolver.cpp:118): Topological solver aborted after analyzing 1/780 SCCs.
 WARN (AbstractEquationSolver.cpp:324): Iterative solver was aborted after 1 iterations.
ERROR (GmmxxLinearEquationSolver.cpp:76): Gmm++ (externally) aborted after 0 iterations.
 WARN (TopologicalLinearEquationSolver.cpp:118): Topological solver aborted after analyzing 1/76 SCCs.
 WARN (TopologicalMinMaxLinearEquationSolver.cpp:133): Topological solver aborted after analyzing 1/10 SCCs.
ERROR (GmmxxLinearEquationSolver.cpp:76): Gmm++ (externally) aborted after 0 iterations.
 WARN (TopologicalLinearEquationSolver.cpp:118): Topological solver aborted after analyzing 1/780 SCCs.
 WARN (AbstractEquationSolver.cpp:324): Iterative solver was aborted after 1 iterations.
ERROR (GmmxxLinearEquationSolver.cpp:76): Gmm++ (externally) aborted after 0 iterations.
 WARN (TopologicalLinearEquationSolver.cpp:118): Topological solver aborted after analyzing 1/76 SCCs.
 WARN (TopologicalMinMaxLinearEquationSolver.cpp:133): Topological solver aborted after analyzing 1/10 SCCs.
ERROR (GmmxxLinearEquationSolver.cpp:76): Gmm++ (externally) aborted after 0 iterations.
 WARN (TopologicalLinearEquationSolver.cpp:118): Topological solver aborted after analyzing 1/780 SCCs.
 WARN (AbstractEquationSolver.cpp:324): Iterative solver was aborted after 1 iterations.
ERROR (GmmxxLinearEquationSolver.cpp:76): Gmm++ (externally) aborted after 0 iterations.
 WARN (TopologicalLinearEquationSolver.cpp:118): Topological solver aborted after analyzing 1/76 SCCs.
 WARN (TopologicalMinMaxLinearEquationSolver.cpp:133): Topological solver aborted after analyzing 1/10 SCCs.
ERROR (GmmxxLinearEquationSolver.cpp:76): Gmm++ (externally) aborted after 0 iterations.
 WARN (TopologicalLinearEquationSolver.cpp:118): Topological solver aborted after analyzing 1/780 SCCs.
 WARN (AbstractEquationSolver.cpp:324): Iterative solver was aborted after 1 iterations.
ERROR (GmmxxLinearEquationSolver.cpp:76): Gmm++ (externally) aborted after 0 iterations.
 WARN (TopologicalLinearEquationSolver.cpp:118): Topological solver aborted after analyzing 1/76 SCCs.
 WARN (TopologicalMinMaxLinearEquationSolver.cpp:133): Topological solver aborted after analyzing 1/10 SCCs.
ERROR (GmmxxLinearEquationSolver.cpp:76): Gmm++ (externally) aborted after 0 iterations.
 WARN (TopologicalLinearEquationSolver.cpp:118): Topological solver aborted after analyzing 1/780 SCCs.
 WARN (AbstractEquationSolver.cpp:324): Iterative solver was aborted after 1 iterations.
ERROR (GmmxxLinearEquationSolver.cpp:76): Gmm++ (externally) aborted after 0 iterations.
 WARN (TopologicalLinearEquationSolver.cpp:118): Topological solver aborted after analyzing 1/76 SCCs.
 WARN (TopologicalMinMaxLinearEquationSolver.cpp:133): Topological solver aborted after analyzing 1/10 SCCs.
ERROR (GmmxxLinearEquationSolver.cpp:76): Gmm++ (externally) aborted after 0 iterations.
 WARN (TopologicalLinearEquationSolver.cpp:118): Topological solver aborted after analyzing 1/780 SCCs.
 WARN (AbstractEquationSolver.cpp:324): Iterative solver was aborted after 1 iterations.
ERROR (GmmxxLinearEquationSolver.cpp:76): Gmm++ (externally) aborted after 0 iterations.
 WARN (TopologicalLinearEquationSolver.cpp:118): Topological solver aborted after analyzing 1/76 SCCs.
 WARN (TopologicalMinMaxLinearEquationSolver.cpp:133): Topological solver aborted after analyzing 1/10 SCCs.
ERROR (GmmxxLinearEquationSolver.cpp:76): Gmm++ (externally) aborted after 0 iterations.
 WARN (TopologicalLinearEquationSolver.cpp:118): Topological solver aborted after analyzing 1/780 SCCs.
 WARN (AbstractEquationSolver.cpp:324): Iterative solver was aborted after 1 iterations.
ERROR (GmmxxLinearEquationSolver.cpp:76): Gmm++ (externally) aborted after 0 iterations.
 WARN (TopologicalLinearEquationSolver.cpp:118): Topological solver aborted after analyzing 1/76 SCCs.
 WARN (TopologicalMinMaxLinearEquationSolver.cpp:133): Topological solver aborted after analyzing 1/10 SCCs.
ERROR (GmmxxLinearEquationSolver.cpp:76): Gmm++ (externally) aborted after 0 iterations.
 WARN (TopologicalLinearEquationSolver.cpp:118): Topological solver aborted after analyzing 1/780 SCCs.
 WARN (AbstractEquationSolver.cpp:324): Iterative solver was aborted after 1 iterations.
ERROR (GmmxxLinearEquationSolver.cpp:76): Gmm++ (externally) aborted after 0 iterations.
 WARN (TopologicalLinearEquationSolver.cpp:118): Topological solver aborted after analyzing 1/76 SCCs.
 WARN (TopologicalMinMaxLinearEquationSolver.cpp:133): Topological solver aborted after analyzing 1/10 SCCs.
ERROR (GmmxxLinearEquationSolver.cpp:76): Gmm++ (externally) aborted after 0 iterations.
 WARN (TopologicalLinearEquationSolver.cpp:118): Topological solver aborted after analyzing 1/780 SCCs.
 WARN (AbstractEquationSolver.cpp:324): Iterative solver was aborted after 1 iterations.
ERROR (GmmxxLinearEquationSolver.cpp:76): Gmm++ (externally) aborted after 0 iterations.
 WARN (TopologicalLinearEquationSolver.cpp:118): Topological solver aborted after analyzing 1/76 SCCs.
 WARN (TopologicalMinMaxLinearEquationSolver.cpp:133): Topological solver aborted after analyzing 1/10 SCCs.
ERROR (GmmxxLinearEquationSolver.cpp:76): Gmm++ (externally) aborted after 0 iterations.
 WARN (TopologicalLinearEquationSolver.cpp:118): Topological solver aborted after analyzing 1/780 SCCs.
 WARN (AbstractEquationSolver.cpp:324): Iterative solver was aborted after 1 iterations.
ERROR (GmmxxLinearEquationSolver.cpp:76): Gmm++ (externally) aborted after 0 iterations.
 WARN (TopologicalLinearEquationSolver.cpp:118): Topological solver aborted after analyzing 1/76 SCCs.
 WARN (TopologicalMinMaxLinearEquationSolver.cpp:133): Topological solver aborted after analyzing 1/10 SCCs.
ERROR (GmmxxLinearEquationSolver.cpp:76): Gmm++ (externally) aborted after 0 iterations.
 WARN (TopologicalLinearEquationSolver.cpp:118): Topological solver aborted after analyzing 1/780 SCCs.
 WARN (AbstractEquationSolver.cpp:324): Iterative solver was aborted after 1 iterations.
ERROR (GmmxxLinearEquationSolver.cpp:76): Gmm++ (externally) aborted after 0 iterations.
 WARN (TopologicalLinearEquationSolver.cpp:118): Topological solver aborted after analyzing 1/76 SCCs.
 WARN (TopologicalMinMaxLinearEquationSolver.cpp:133): Topological solver aborted after analyzing 1/10 SCCs.
ERROR (GmmxxLinearEquationSolver.cpp:76): Gmm++ (externally) aborted after 0 iterations.
 WARN (TopologicalLinearEquationSolver.cpp:118): Topological solver aborted after analyzing 1/780 SCCs.
 WARN (AbstractEquationSolver.cpp:324): Iterative solver was aborted after 1 iterations.
ERROR (GmmxxLinearEquationSolver.cpp:76): Gmm++ (externally) aborted after 0 iterations.
 WARN (TopologicalLinearEquationSolver.cpp:118): Topological solver aborted after analyzing 1/76 SCCs.
 WARN (TopologicalMinMaxLinearEquationSolver.cpp:133): Topological solver aborted after analyzing 1/10 SCCs.
ERROR (GmmxxLinearEquationSolver.cpp:76): Gmm++ (externally) aborted after 0 iterations.
 WARN (TopologicalLinearEquationSolver.cpp:118): Topological solver aborted after analyzing 1/780 SCCs.
 WARN (AbstractEquationSolver.cpp:324): Iterative solver was aborted after 1 iterations.
ERROR (GmmxxLinearEquationSolver.cpp:76): Gmm++ (externally) aborted after 0 iterations.
 WARN (TopologicalLinearEquationSolver.cpp:118): Topological solver aborted after analyzing 1/76 SCCs.
 WARN (TopologicalMinMaxLinearEquationSolver.cpp:133): Topological solver aborted after analyzing 1/10 SCCs.
ERROR (GmmxxLinearEquationSolver.cpp:76): Gmm++ (externally) aborted after 0 iterations.
 WARN (TopologicalLinearEquationSolver.cpp:118): Topological solver aborted after analyzing 1/780 SCCs.
 WARN (AbstractEquationSolver.cpp:324): Iterative solver was aborted after 1 iterations.
ERROR (GmmxxLinearEquationSolver.cpp:76): Gmm++ (externally) aborted after 0 iterations.
 WARN (TopologicalLinearEquationSolver.cpp:118): Topological solver aborted after analyzing 1/76 SCCs.
 WARN (TopologicalMinMaxLinearEquationSolver.cpp:133): Topological solver aborted after analyzing 1/10 SCCs.
ERROR (GmmxxLinearEquationSolver.cpp:76): Gmm++ (externally) aborted after 0 iterations.
 WARN (TopologicalLinearEquationSolver.cpp:118): Topological solver aborted after analyzing 1/780 SCCs.
 WARN (AbstractEquationSolver.cpp:324): Iterative solver was aborted after 1 iterations.
ERROR (GmmxxLinearEquationSolver.cpp:76): Gmm++ (externally) aborted after 0 iterations.
 WARN (TopologicalLinearEquationSolver.cpp:118): Topological solver aborted after analyzing 1/76 SCCs.
 WARN (TopologicalMinMaxLinearEquationSolver.cpp:133): Topological solver aborted after analyzing 1/10 SCCs.
ERROR (GmmxxLinearEquationSolver.cpp:76): Gmm++ (externally) aborted after 0 iterations.
 WARN (TopologicalLinearEquationSolver.cpp:118): Topological solver aborted after analyzing 1/780 SCCs.
 WARN (AbstractEquationSolver.cpp:324): Iterative solver was aborted after 1 iterations.
ERROR (GmmxxLinearEquationSolver.cpp:76): Gmm++ (externally) aborted after 0 iterations.
 WARN (TopologicalLinearEquationSolver.cpp:118): Topological solver aborted after analyzing 1/76 SCCs.
 WARN (TopologicalMinMaxLinearEquationSolver.cpp:133): Topological solver aborted after analyzing 1/10 SCCs.
ERROR (GmmxxLinearEquationSolver.cpp:76): Gmm++ (externally) aborted after 0 iterations.
 WARN (TopologicalLinearEquationSolver.cpp:118): Topological solver aborted after analyzing 1/780 SCCs.
 WARN (AbstractEquationSolver.cpp:324): Iterative solver was aborted after 1 iterations.
ERROR (GmmxxLinearEquationSolver.cpp:76): Gmm++ (externally) aborted after 0 iterations.
 WARN (TopologicalLinearEquationSolver.cpp:118): Topological solver aborted after analyzing 1/76 SCCs.
 WARN (TopologicalMinMaxLinearEquationSolver.cpp:133): Topological solver aborted after analyzing 1/10 SCCs.
ERROR (GmmxxLinearEquationSolver.cpp:76): Gmm++ (externally) aborted after 0 iterations.
 WARN (TopologicalLinearEquationSolver.cpp:118): Topological solver aborted after analyzing 1/780 SCCs.
 WARN (AbstractEquationSolver.cpp:324): Iterative solver was aborted after 1 iterations.
ERROR (GmmxxLinearEquationSolver.cpp:76): Gmm++ (externally) aborted after 0 iterations.
 WARN (TopologicalLinearEquationSolver.cpp:118): Topological solver aborted after analyzing 1/76 SCCs.
 WARN (TopologicalMinMaxLinearEquationSolver.cpp:133): Topological solver aborted after analyzing 1/10 SCCs.
ERROR (GmmxxLinearEquationSolver.cpp:76): Gmm++ (externally) aborted after 0 iterations.
 WARN (TopologicalLinearEquationSolver.cpp:118): Topological solver aborted after analyzing 1/780 SCCs.
 WARN (AbstractEquationSolver.cpp:324): Iterative solver was aborted after 1 iterations.
ERROR (GmmxxLinearEquationSolver.cpp:76): Gmm++ (externally) aborted after 0 iterations.
 WARN (TopologicalLinearEquationSolver.cpp:118): Topological solver aborted after analyzing 1/76 SCCs.
 WARN (TopologicalMinMaxLinearEquationSolver.cpp:133): Topological solver aborted after analyzing 1/10 SCCs.
ERROR (GmmxxLinearEquationSolver.cpp:76): Gmm++ (externally) aborted after 0 iterations.
 WARN (TopologicalLinearEquationSolver.cpp:118): Topological solver aborted after analyzing 1/780 SCCs.
 WARN (AbstractEquationSolver.cpp:324): Iterative solver was aborted after 1 iterations.
ERROR (GmmxxLinearEquationSolver.cpp:76): Gmm++ (externally) aborted after 0 iterations.
 WARN (TopologicalLinearEquationSolver.cpp:118): Topological solver aborted after analyzing 1/76 SCCs.
 WARN (TopologicalMinMaxLinearEquationSolver.cpp:133): Topological solver aborted after analyzing 1/10 SCCs.
ERROR (GmmxxLinearEquationSolver.cpp:76): Gmm++ (externally) aborted after 0 iterations.
 WARN (TopologicalLinearEquationSolver.cpp:118): Topological solver aborted after analyzing 1/780 SCCs.
 WARN (AbstractEquationSolver.cpp:324): Iterative solver was aborted after 1 iterations.
ERROR (GmmxxLinearEquationSolver.cpp:76): Gmm++ (externally) aborted after 0 iterations.
 WARN (TopologicalLinearEquationSolver.cpp:118): Topological solver aborted after analyzing 1/76 SCCs.
 WARN (TopologicalMinMaxLinearEquationSolver.cpp:133): Topological solver aborted after analyzing 1/10 SCCs.
ERROR (GmmxxLinearEquationSolver.cpp:76): Gmm++ (externally) aborted after 0 iterations.
 WARN (TopologicalLinearEquationSolver.cpp:118): Topological solver aborted after analyzing 1/780 SCCs.
 WARN (AbstractEquationSolver.cpp:324): Iterative solver was aborted after 1 iterations.
ERROR (GmmxxLinearEquationSolver.cpp:76): Gmm++ (externally) aborted after 0 iterations.
 WARN (TopologicalLinearEquationSolver.cpp:118): Topological solver aborted after analyzing 1/76 SCCs.
 WARN (TopologicalMinMaxLinearEquationSolver.cpp:133): Topological solver aborted after analyzing 1/10 SCCs.
ERROR (GmmxxLinearEquationSolver.cpp:76): Gmm++ (externally) aborted after 0 iterations.
 WARN (TopologicalLinearEquationSolver.cpp:118): Topological solver aborted after analyzing 1/780 SCCs.
 WARN (AbstractEquationSolver.cpp:324): Iterative solver was aborted after 1 iterations.
ERROR (GmmxxLinearEquationSolver.cpp:76): Gmm++ (externally) aborted after 0 iterations.
 WARN (TopologicalLinearEquationSolver.cpp:118): Topological solver aborted after analyzing 1/76 SCCs.
 WARN (TopologicalMinMaxLinearEquationSolver.cpp:133): Topological solver aborted after analyzing 1/10 SCCs.
ERROR (GmmxxLinearEquationSolver.cpp:76): Gmm++ (externally) aborted after 0 iterations.
 WARN (TopologicalLinearEquationSolver.cpp:118): Topological solver aborted after analyzing 1/780 SCCs.
 WARN (AbstractEquationSolver.cpp:324): Iterative solver was aborted after 1 iterations.
ERROR (GmmxxLinearEquationSolver.cpp:76): Gmm++ (externally) aborted after 0 iterations.
 WARN (TopologicalLinearEquationSolver.cpp:118): Topological solver aborted after analyzing 1/76 SCCs.
 WARN (TopologicalMinMaxLinearEquationSolver.cpp:133): Topological solver aborted after analyzing 1/10 SCCs.
ERROR (GmmxxLinearEquationSolver.cpp:76): Gmm++ (externally) aborted after 0 iterations.
 WARN (TopologicalLinearEquationSolver.cpp:118): Topological solver aborted after analyzing 1/780 SCCs.
 WARN (AbstractEquationSolver.cpp:324): Iterative solver was aborted after 1 iterations.
ERROR (GmmxxLinearEquationSolver.cpp:76): Gmm++ (externally) aborted after 0 iterations.
 WARN (TopologicalLinearEquationSolver.cpp:118): Topological solver aborted after analyzing 1/76 SCCs.
 WARN (TopologicalMinMaxLinearEquationSolver.cpp:133): Topological solver aborted after analyzing 1/10 SCCs.
ERROR (GmmxxLinearEquationSolver.cpp:76): Gmm++ (externally) aborted after 0 iterations.
 WARN (TopologicalLinearEquationSolver.cpp:118): Topological solver aborted after analyzing 1/780 SCCs.
 WARN (AbstractEquationSolver.cpp:324): Iterative solver was aborted after 1 iterations.
ERROR (GmmxxLinearEquationSolver.cpp:76): Gmm++ (externally) aborted after 0 iterations.
 WARN (TopologicalLinearEquationSolver.cpp:118): Topological solver aborted after analyzing 1/76 SCCs.
 WARN (TopologicalMinMaxLinearEquationSolver.cpp:133): Topological solver aborted after analyzing 1/10 SCCs.
ERROR (GmmxxLinearEquationSolver.cpp:76): Gmm++ (externally) aborted after 0 iterations.
 WARN (TopologicalLinearEquationSolver.cpp:118): Topological solver aborted after analyzing 1/780 SCCs.
 WARN (AbstractEquationSolver.cpp:324): Iterative solver was aborted after 1 iterations.
ERROR (GmmxxLinearEquationSolver.cpp:76): Gmm++ (externally) aborted after 0 iterations.
 WARN (TopologicalLinearEquationSolver.cpp:118): Topological solver aborted after analyzing 1/76 SCCs.
 WARN (TopologicalMinMaxLinearEquationSolver.cpp:133): Topological solver aborted after analyzing 1/10 SCCs.
ERROR (GmmxxLinearEquationSolver.cpp:76): Gmm++ (externally) aborted after 0 iterations.
 WARN (TopologicalLinearEquationSolver.cpp:118): Topological solver aborted after analyzing 1/780 SCCs.
 WARN (AbstractEquationSolver.cpp:324): Iterative solver was aborted after 1 iterations.
ERROR (GmmxxLinearEquationSolver.cpp:76): Gmm++ (externally) aborted after 0 iterations.
 WARN (TopologicalLinearEquationSolver.cpp:118): Topological solver aborted after analyzing 1/76 SCCs.
 WARN (TopologicalMinMaxLinearEquationSolver.cpp:133): Topological solver aborted after analyzing 1/10 SCCs.
ERROR (GmmxxLinearEquationSolver.cpp:76): Gmm++ (externally) aborted after 0 iterations.
 WARN (TopologicalLinearEquationSolver.cpp:118): Topological solver aborted after analyzing 1/780 SCCs.
 WARN (AbstractEquationSolver.cpp:324): Iterative solver was aborted after 1 iterations.
ERROR (GmmxxLinearEquationSolver.cpp:76): Gmm++ (externally) aborted after 0 iterations.
 WARN (TopologicalLinearEquationSolver.cpp:118): Topological solver aborted after analyzing 1/76 SCCs.
 WARN (TopologicalMinMaxLinearEquationSolver.cpp:133): Topological solver aborted after analyzing 1/10 SCCs.
ERROR (GmmxxLinearEquationSolver.cpp:76): Gmm++ (externally) aborted after 0 iterations.
 WARN (TopologicalLinearEquationSolver.cpp:118): Topological solver aborted after analyzing 1/780 SCCs.
 WARN (AbstractEquationSolver.cpp:324): Iterative solver was aborted after 1 iterations.
ERROR (GmmxxLinearEquationSolver.cpp:76): Gmm++ (externally) aborted after 0 iterations.
 WARN (TopologicalLinearEquationSolver.cpp:118): Topological solver aborted after analyzing 1/76 SCCs.
 WARN (TopologicalMinMaxLinearEquationSolver.cpp:133): Topological solver aborted after analyzing 1/10 SCCs.
ERROR (GmmxxLinearEquationSolver.cpp:76): Gmm++ (externally) aborted after 0 iterations.
 WARN (TopologicalLinearEquationSolver.cpp:118): Topological solver aborted after analyzing 1/780 SCCs.
 WARN (AbstractEquationSolver.cpp:324): Iterative solver was aborted after 1 iterations.
ERROR (GmmxxLinearEquationSolver.cpp:76): Gmm++ (externally) aborted after 0 iterations.
 WARN (TopologicalLinearEquationSolver.cpp:118): Topological solver aborted after analyzing 1/76 SCCs.
 WARN (TopologicalMinMaxLinearEquationSolver.cpp:133): Topological solver aborted after analyzing 1/10 SCCs.
ERROR (GmmxxLinearEquationSolver.cpp:76): Gmm++ (externally) aborted after 0 iterations.
 WARN (TopologicalLinearEquationSolver.cpp:118): Topological solver aborted after analyzing 1/780 SCCs.
 WARN (AbstractEquationSolver.cpp:324): Iterative solver was aborted after 1 iterations.
ERROR (GmmxxLinearEquationSolver.cpp:76): Gmm++ (externally) aborted after 0 iterations.
 WARN (TopologicalLinearEquationSolver.cpp:118): Topological solver aborted after analyzing 1/76 SCCs.
 WARN (TopologicalMinMaxLinearEquationSolver.cpp:133): Topological solver aborted after analyzing 1/10 SCCs.
ERROR (GmmxxLinearEquationSolver.cpp:76): Gmm++ (externally) aborted after 0 iterations.
 WARN (TopologicalLinearEquationSolver.cpp:118): Topological solver aborted after analyzing 1/780 SCCs.
 WARN (AbstractEquationSolver.cpp:324): Iterative solver was aborted after 1 iterations.
ERROR (GmmxxLinearEquationSolver.cpp:76): Gmm++ (externally) aborted after 0 iterations.
 WARN (TopologicalLinearEquationSolver.cpp:118): Topological solver aborted after analyzing 1/76 SCCs.
 WARN (TopologicalMinMaxLinearEquationSolver.cpp:133): Topological solver aborted after analyzing 1/10 SCCs.
ERROR (GmmxxLinearEquationSolver.cpp:76): Gmm++ (externally) aborted after 0 iterations.
 WARN (TopologicalLinearEquationSolver.cpp:118): Topological solver aborted after analyzing 1/780 SCCs.
 WARN (AbstractEquationSolver.cpp:324): Iterative solver was aborted after 1 iterations.
ERROR (GmmxxLinearEquationSolver.cpp:76): Gmm++ (externally) aborted after 0 iterations.
 WARN (TopologicalLinearEquationSolver.cpp:118): Topological solver aborted after analyzing 1/76 SCCs.
 WARN (TopologicalMinMaxLinearEquationSolver.cpp:133): Topological solver aborted after analyzing 1/10 SCCs.
ERROR (GmmxxLinearEquationSolver.cpp:76): Gmm++ (externally) aborted after 0 iterations.
 WARN (TopologicalLinearEquationSolver.cpp:118): Topological solver aborted after analyzing 1/780 SCCs.
 WARN (AbstractEquationSolver.cpp:324): Iterative solver was aborted after 1 iterations.
ERROR (GmmxxLinearEquationSolver.cpp:76): Gmm++ (externally) aborted after 0 iterations.
 WARN (TopologicalLinearEquationSolver.cpp:118): Topological solver aborted after analyzing 1/76 SCCs.
 WARN (TopologicalMinMaxLinearEquationSolver.cpp:133): Topological solver aborted after analyzing 1/10 SCCs.
ERROR (GmmxxLinearEquationSolver.cpp:76): Gmm++ (externally) aborted after 0 iterations.
 WARN (TopologicalLinearEquationSolver.cpp:118): Topological solver aborted after analyzing 1/780 SCCs.
 WARN (AbstractEquationSolver.cpp:324): Iterative solver was aborted after 1 iterations.
ERROR (GmmxxLinearEquationSolver.cpp:76): Gmm++ (externally) aborted after 0 iterations.
 WARN (TopologicalLinearEquationSolver.cpp:118): Topological solver aborted after analyzing 1/76 SCCs.
 WARN (TopologicalMinMaxLinearEquationSolver.cpp:133): Topological solver aborted after analyzing 1/10 SCCs.
ERROR (GmmxxLinearEquationSolver.cpp:76): Gmm++ (externally) aborted after 0 iterations.
 WARN (TopologicalLinearEquationSolver.cpp:118): Topological solver aborted after analyzing 1/780 SCCs.
 WARN (AbstractEquationSolver.cpp:324): Iterative solver was aborted after 1 iterations.
ERROR (GmmxxLinearEquationSolver.cpp:76): Gmm++ (externally) aborted after 0 iterations.
 WARN (TopologicalLinearEquationSolver.cpp:118): Topological solver aborted after analyzing 1/76 SCCs.
 WARN (TopologicalMinMaxLinearEquationSolver.cpp:133): Topological solver aborted after analyzing 1/10 SCCs.
ERROR (GmmxxLinearEquationSolver.cpp:76): Gmm++ (externally) aborted after 0 iterations.
 WARN (TopologicalLinearEquationSolver.cpp:118): Topological solver aborted after analyzing 1/780 SCCs.
 WARN (AbstractEquationSolver.cpp:324): Iterative solver was aborted after 1 iterations.
ERROR (GmmxxLinearEquationSolver.cpp:76): Gmm++ (externally) aborted after 0 iterations.
 WARN (TopologicalLinearEquationSolver.cpp:118): Topological solver aborted after analyzing 1/76 SCCs.
 WARN (TopologicalMinMaxLinearEquationSolver.cpp:133): Topological solver aborted after analyzing 1/10 SCCs.
ERROR (GmmxxLinearEquationSolver.cpp:76): Gmm++ (externally) aborted after 0 iterations.
 WARN (TopologicalLinearEquationSolver.cpp:118): Topological solver aborted after analyzing 1/780 SCCs.
 WARN (AbstractEquationSolver.cpp:324): Iterative solver was aborted after 1 iterations.
ERROR (GmmxxLinearEquationSolver.cpp:76): Gmm++ (externally) aborted after 0 iterations.
 WARN (TopologicalLinearEquationSolver.cpp:118): Topological solver aborted after analyzing 1/76 SCCs.
 WARN (TopologicalMinMaxLinearEquationSolver.cpp:133): Topological solver aborted after analyzing 1/10 SCCs.
ERROR (GmmxxLinearEquationSolver.cpp:76): Gmm++ (externally) aborted after 0 iterations.
 WARN (TopologicalLinearEquationSolver.cpp:118): Topological solver aborted after analyzing 1/780 SCCs.
 WARN (AbstractEquationSolver.cpp:324): Iterative solver was aborted after 1 iterations.
ERROR (GmmxxLinearEquationSolver.cpp:76): Gmm++ (externally) aborted after 0 iterations.
 WARN (TopologicalLinearEquationSolver.cpp:118): Topological solver aborted after analyzing 1/76 SCCs.
 WARN (TopologicalMinMaxLinearEquationSolver.cpp:133): Topological solver aborted after analyzing 1/10 SCCs.
ERROR (GmmxxLinearEquationSolver.cpp:76): Gmm++ (externally) aborted after 0 iterations.
 WARN (TopologicalLinearEquationSolver.cpp:118): Topological solver aborted after analyzing 1/780 SCCs.
 WARN (AbstractEquationSolver.cpp:324): Iterative solver was aborted after 1 iterations.

################## Maximal Energy, Max Direction #######################

Storm-pars 1.8.2 (dev)

Date: Mon Jun 24 15:30:33 2024
Command line arguments: --prism ./models/3alt_s3_sym.prism --prop 'R{"energy_3alt"}max=? [F _s = done]' --mode feasibility '--feasibility:method' pla --direction max --region '0.3<=current_prob<=0.8' --guarantee 0.0001 abs
Current working directory: /Users/julipas/Documents/Collaborations/Parametric Model Checking/auv_profeat/parametric model checking

Time for model input parsing: 0.009s.

Time for model construction: 0.827s.

-------------------------------------------------------------- 
Model type: 	MDP (sparse)
States: 	5180
Transitions: 	32882
Choices: 	6730
Reward Models:  energy_3alt
State Labels: 	3 labels
   * init -> 1 item(s)
   * deadlock -> 0 item(s)
   * (_s = 10) -> 90 item(s)
Choice Labels: 	none
-------------------------------------------------------------- 

Time for model simplification: 0.154s.

-------------------------------------------------------------- 
Model type: 	MDP (sparse)
States: 	5001
Transitions: 	32361
Choices: 	6551
Reward Models:  energy_3alt
State Labels: 	5 labels
   * target -> 1 item(s)
   * sink -> 0 item(s)
   * init -> 1 item(s)
   * deadlock -> 0 item(s)
   * (_s = 10) -> 1 item(s)
Choice Labels: 	none
-------------------------------------------------------------- 

Time for model preprocessing: 0.155s.

-------------------------------------------------------------- 
Model type: 	MDP (sparse)
States: 	5001
Transitions: 	32361
Choices: 	6551
Reward Models:  energy_3alt
State Labels: 	5 labels
   * target -> 1 item(s)
   * sink -> 0 item(s)
   * init -> 1 item(s)
   * deadlock -> 0 item(s)
   * (_s = 10) -> 1 item(s)
Choice Labels: 	none
-------------------------------------------------------------- 
Find feasible solution for  R[exp]{"energy_3alt"}max=? [F (_s = 10)] within region 3/10<=current_prob<=4/5;
 WARN (AbstractEquationSolver.cpp:324): Iterative solver was aborted after 810 iterations.
ERROR (GmmxxLinearEquationSolver.cpp:76): Gmm++ (externally) aborted after 0 iterations.
 WARN (TopologicalLinearEquationSolver.cpp:118): Topological solver aborted after analyzing 1/780 SCCs.
 WARN (AbstractEquationSolver.cpp:324): Iterative solver was aborted after 1 iterations.
ERROR (GmmxxLinearEquationSolver.cpp:76): Gmm++ (externally) aborted after 0 iterations.
 WARN (TopologicalLinearEquationSolver.cpp:118): Topological solver aborted after analyzing 1/780 SCCs.
 WARN (AbstractEquationSolver.cpp:324): Iterative solver was aborted after 1 iterations.
Result at initial state: 6771486628548135/35184372088832 ( approx. 192.4572254) at [current_prob=53/160].
Time for model checking: 1.413s.

#################################### MINIMAL TIME ####################################


################## Minimal Time, Min Direction #######################

Storm-pars 1.8.2 (dev)

Date: Mon Jun 24 15:30:36 2024
Command line arguments: --prism ./models/3alt_s3_sym.prism --prop 'R{"time"}min=? [F _s = done]' --mode feasibility '--feasibility:method' pla --direction min --region '0.3<=current_prob<=0.8' --guarantee 0.0001 abs
Current working directory: /Users/julipas/Documents/Collaborations/Parametric Model Checking/auv_profeat/parametric model checking

Time for model input parsing: 0.009s.

Time for model construction: 0.821s.

-------------------------------------------------------------- 
Model type: 	MDP (sparse)
States: 	5180
Transitions: 	32882
Choices: 	6730
Reward Models:  time
State Labels: 	3 labels
   * init -> 1 item(s)
   * deadlock -> 0 item(s)
   * (_s = 10) -> 90 item(s)
Choice Labels: 	none
-------------------------------------------------------------- 

Time for model simplification: 0.185s.

-------------------------------------------------------------- 
Model type: 	MDP (sparse)
States: 	5001
Transitions: 	32361
Choices: 	6551
Reward Models:  time
State Labels: 	5 labels
   * target -> 1 item(s)
   * sink -> 0 item(s)
   * init -> 1 item(s)
   * deadlock -> 0 item(s)
   * (_s = 10) -> 1 item(s)
Choice Labels: 	none
-------------------------------------------------------------- 

Time for model preprocessing: 0.185s.

-------------------------------------------------------------- 
Model type: 	MDP (sparse)
States: 	5001
Transitions: 	32361
Choices: 	6551
Reward Models:  time
State Labels: 	5 labels
   * target -> 1 item(s)
   * sink -> 0 item(s)
   * init -> 1 item(s)
   * deadlock -> 0 item(s)
   * (_s = 10) -> 1 item(s)
Choice Labels: 	none
-------------------------------------------------------------- 
Find feasible solution for  R[exp]{"time"}min=? [F (_s = 10)] within region 3/10<=current_prob<=4/5;
 WARN (AbstractEquationSolver.cpp:324): Iterative solver was aborted after 1 iterations.
 WARN (TopologicalMinMaxLinearEquationSolver.cpp:133): Topological solver aborted after analyzing 1/10 SCCs.
 WARN (AbstractEquationSolver.cpp:324): Iterative solver was aborted after 1 iterations.
Result at initial state: 1 ( approx. 1) at [current_prob=11/20].
Time for model checking: 0.462s.

################## Minimal Time, Max Direction #######################

Storm-pars 1.8.2 (dev)

Date: Mon Jun 24 15:30:37 2024
Command line arguments: --prism ./models/3alt_s3_sym.prism --prop 'R{"time"}min=? [F _s = done]' --mode feasibility '--feasibility:method' pla --direction max --region '0.3<=current_prob<=0.8' --guarantee 0.0001 abs
Current working directory: /Users/julipas/Documents/Collaborations/Parametric Model Checking/auv_profeat/parametric model checking

Time for model input parsing: 0.009s.

Explored 2302 states in 0 seconds before abort.
ERROR (ExplicitModelBuilder.cpp:315): Aborted in state space exploration.
ERROR (storm-pars.cpp:548): An exception caused Storm-pars to terminate. The message of the exception is: AbortException: Aborted in state space exploration.

#################################### MAXIMAL TIME ####################################


################## Maximal Time, Min Direction #######################

Storm-pars 1.8.2 (dev)

Date: Mon Jun 24 15:30:38 2024
Command line arguments: --prism ./models/3alt_s3_sym.prism --prop 'R{"time"}max=? [F _s = done]' --mode feasibility '--feasibility:method' pla --direction min --region '0.3<=current_prob<=0.8' --guarantee 0.0001 abs
Current working directory: /Users/julipas/Documents/Collaborations/Parametric Model Checking/auv_profeat/parametric model checking

Time for model input parsing: 0.009s.

Explored 4199 states in 0 seconds before abort.
ERROR (ExplicitModelBuilder.cpp:315): Aborted in state space exploration.
ERROR (storm-pars.cpp:548): An exception caused Storm-pars to terminate. The message of the exception is: AbortException: Aborted in state space exploration.

################## Maximal Time, Max Direction #######################

Storm-pars 1.8.2 (dev)

Date: Mon Jun 24 15:30:39 2024
Command line arguments: --prism ./models/3alt_s3_sym.prism --prop 'R{"time"}max=? [F _s = done]' --mode feasibility '--feasibility:method' pla --direction max --region '0.3<=current_prob<=0.8' --guarantee 0.0001 abs
Current working directory: /Users/julipas/Documents/Collaborations/Parametric Model Checking/auv_profeat/parametric model checking

Time for model input parsing: 0.009s.

Time for model construction: 0.819s.

-------------------------------------------------------------- 
Model type: 	MDP (sparse)
States: 	5180
Transitions: 	32882
Choices: 	6730
Reward Models:  time
State Labels: 	3 labels
   * init -> 1 item(s)
   * deadlock -> 0 item(s)
   * (_s = 10) -> 90 item(s)
Choice Labels: 	none
-------------------------------------------------------------- 

Time for model simplification: 0.129s.

-------------------------------------------------------------- 
Model type: 	MDP (sparse)
States: 	5001
Transitions: 	32361
Choices: 	6551
Reward Models:  time
State Labels: 	5 labels
   * target -> 1 item(s)
   * sink -> 0 item(s)
   * init -> 1 item(s)
   * deadlock -> 0 item(s)
   * (_s = 10) -> 1 item(s)
Choice Labels: 	none
-------------------------------------------------------------- 

Time for model preprocessing: 0.130s.

-------------------------------------------------------------- 
Model type: 	MDP (sparse)
States: 	5001
Transitions: 	32361
Choices: 	6551
Reward Models:  time
State Labels: 	5 labels
   * target -> 1 item(s)
   * sink -> 0 item(s)
   * init -> 1 item(s)
   * deadlock -> 0 item(s)
   * (_s = 10) -> 1 item(s)
Choice Labels: 	none
-------------------------------------------------------------- 
Find feasible solution for  R[exp]{"time"}max=? [F (_s = 10)] within region 3/10<=current_prob<=4/5;
 WARN (AbstractEquationSolver.cpp:324): Iterative solver was aborted after 1 iterations.
 WARN (TopologicalMinMaxLinearEquationSolver.cpp:133): Topological solver aborted after analyzing 1/10 SCCs.
 WARN (AbstractEquationSolver.cpp:324): Iterative solver was aborted after 1 iterations.
Result at initial state: 1 ( approx. 1) at [current_prob=11/20].
Time for model checking: 0.377s.
