#################################### MINIMAL ENERGY ####################################


################## Minimal Energy, Min Direction ##################

Storm-pars 1.8.2 (dev)

Date: Tue Jun 25 09:52:00 2024
Command line arguments: --prism ./models/5alt_s3_sym.prism --prop 'R{"energy_3alt"}min=? [F _s = done]' --mode feasibility '--feasibility:method' pla --direction min --region '0.3<=current_prob<=0.8' --guarantee 0.0001 abs
Current working directory: /Users/julipas/Documents/Collaborations/Parametric Model Checking/auv_profeat/parametric model checking

Time for model input parsing: 0.021s.

Time for model construction: 1.951s.

-------------------------------------------------------------- 
Model type: 	MDP (sparse)
States: 	7660
Transitions: 	80182
Choices: 	17320
Reward Models:  energy_3alt
State Labels: 	3 labels
   * init -> 1 item(s)
   * deadlock -> 0 item(s)
   * (_s = 10) -> 90 item(s)
Choice Labels: 	none
-------------------------------------------------------------- 

Time for model simplification: 0.448s.

-------------------------------------------------------------- 
Model type: 	MDP (sparse)
States: 	7481
Transitions: 	79661
Choices: 	17141
Reward Models:  energy_3alt
State Labels: 	5 labels
   * target -> 1 item(s)
   * sink -> 0 item(s)
   * init -> 1 item(s)
   * deadlock -> 0 item(s)
   * (_s = 10) -> 1 item(s)
Choice Labels: 	none
-------------------------------------------------------------- 

Time for model preprocessing: 0.450s.

-------------------------------------------------------------- 
Model type: 	MDP (sparse)
States: 	7481
Transitions: 	79661
Choices: 	17141
Reward Models:  energy_3alt
State Labels: 	5 labels
   * target -> 1 item(s)
   * sink -> 0 item(s)
   * init -> 1 item(s)
   * deadlock -> 0 item(s)
   * (_s = 10) -> 1 item(s)
Choice Labels: 	none
-------------------------------------------------------------- 
Find feasible solution for  R[exp]{"energy_3alt"}min=? [F (_s = 10)] within region 3/10<=current_prob<=4/5;
Result at initial state: 5383765137935889/281474976710656 ( approx. 19.12697605) at [current_prob=24581/81920].
Time for model checking: 2.204s.

################## Minimal Energy, Max Direction #######################

Storm-pars 1.8.2 (dev)

Date: Tue Jun 25 09:52:05 2024
Command line arguments: --prism ./models/5alt_s3_sym.prism --prop 'R{"energy_3alt"}min=? [F _s = done]' --mode feasibility '--feasibility:method' pla --direction max --region '0.3<=current_prob<=0.8' --guarantee 0.0001 abs
Current working directory: /Users/julipas/Documents/Collaborations/Parametric Model Checking/auv_profeat/parametric model checking

Time for model input parsing: 0.019s.

Time for model construction: 1.991s.

-------------------------------------------------------------- 
Model type: 	MDP (sparse)
States: 	7660
Transitions: 	80182
Choices: 	17320
Reward Models:  energy_3alt
State Labels: 	3 labels
   * init -> 1 item(s)
   * deadlock -> 0 item(s)
   * (_s = 10) -> 90 item(s)
Choice Labels: 	none
-------------------------------------------------------------- 

Time for model simplification: 0.451s.

-------------------------------------------------------------- 
Model type: 	MDP (sparse)
States: 	7481
Transitions: 	79661
Choices: 	17141
Reward Models:  energy_3alt
State Labels: 	5 labels
   * target -> 1 item(s)
   * sink -> 0 item(s)
   * init -> 1 item(s)
   * deadlock -> 0 item(s)
   * (_s = 10) -> 1 item(s)
Choice Labels: 	none
-------------------------------------------------------------- 

Time for model preprocessing: 0.452s.

-------------------------------------------------------------- 
Model type: 	MDP (sparse)
States: 	7481
Transitions: 	79661
Choices: 	17141
Reward Models:  energy_3alt
State Labels: 	5 labels
   * target -> 1 item(s)
   * sink -> 0 item(s)
   * init -> 1 item(s)
   * deadlock -> 0 item(s)
   * (_s = 10) -> 1 item(s)
Choice Labels: 	none
-------------------------------------------------------------- 
Find feasible solution for  R[exp]{"energy_3alt"}min=? [F (_s = 10)] within region 3/10<=current_prob<=4/5;
Result at initial state: 2727922500971113/140737488355328 ( approx. 19.38305517) at [current_prob=65531/81920].
Time for model checking: 2.715s.

#################################### MAXIMAL ENERGY ####################################


################## Maximal Energy, Min Direction #######################

Storm-pars 1.8.2 (dev)

Date: Tue Jun 25 09:52:10 2024
Command line arguments: --prism ./models/5alt_s3_sym.prism --prop 'R{"energy_3alt"}max=? [F _s = done]' --mode feasibility '--feasibility:method' pla --direction min --region '0.3<=current_prob<=0.8' --guarantee 0.0001 abs
Current working directory: /Users/julipas/Documents/Collaborations/Parametric Model Checking/auv_profeat/parametric model checking

Time for model input parsing: 0.019s.

Time for model construction: 1.967s.

-------------------------------------------------------------- 
Model type: 	MDP (sparse)
States: 	7660
Transitions: 	80182
Choices: 	17320
Reward Models:  energy_3alt
State Labels: 	3 labels
   * init -> 1 item(s)
   * deadlock -> 0 item(s)
   * (_s = 10) -> 90 item(s)
Choice Labels: 	none
-------------------------------------------------------------- 

Time for model simplification: 0.308s.

-------------------------------------------------------------- 
Model type: 	MDP (sparse)
States: 	7481
Transitions: 	79661
Choices: 	17141
Reward Models:  energy_3alt
State Labels: 	5 labels
   * target -> 1 item(s)
   * sink -> 0 item(s)
   * init -> 1 item(s)
   * deadlock -> 0 item(s)
   * (_s = 10) -> 1 item(s)
Choice Labels: 	none
-------------------------------------------------------------- 

Time for model preprocessing: 0.309s.

-------------------------------------------------------------- 
Model type: 	MDP (sparse)
States: 	7481
Transitions: 	79661
Choices: 	17141
Reward Models:  energy_3alt
State Labels: 	5 labels
   * target -> 1 item(s)
   * sink -> 0 item(s)
   * init -> 1 item(s)
   * deadlock -> 0 item(s)
   * (_s = 10) -> 1 item(s)
Choice Labels: 	none
-------------------------------------------------------------- 
Find feasible solution for  R[exp]{"energy_3alt"}max=? [F (_s = 10)] within region 3/10<=current_prob<=4/5;
 WARN (AbstractEquationSolver.cpp:324): Iterative solver was aborted after 526 iterations.
ERROR (GmmxxLinearEquationSolver.cpp:76): Gmm++ (externally) aborted after 0 iterations.
 WARN (TopologicalLinearEquationSolver.cpp:118): Topological solver aborted after analyzing 1/283 SCCs.
 WARN (TopologicalMinMaxLinearEquationSolver.cpp:133): Topological solver aborted after analyzing 1/10 SCCs.
ERROR (GmmxxLinearEquationSolver.cpp:76): Gmm++ (externally) aborted after 0 iterations.
 WARN (TopologicalLinearEquationSolver.cpp:118): Topological solver aborted after analyzing 1/3040 SCCs.
 WARN (AbstractEquationSolver.cpp:324): Iterative solver was aborted after 1 iterations.
ERROR (GmmxxLinearEquationSolver.cpp:76): Gmm++ (externally) aborted after 0 iterations.
 WARN (TopologicalLinearEquationSolver.cpp:118): Topological solver aborted after analyzing 1/283 SCCs.
 WARN (TopologicalMinMaxLinearEquationSolver.cpp:133): Topological solver aborted after analyzing 1/10 SCCs.
ERROR (GmmxxLinearEquationSolver.cpp:76): Gmm++ (externally) aborted after 0 iterations.
 WARN (TopologicalLinearEquationSolver.cpp:118): Topological solver aborted after analyzing 1/3040 SCCs.
 WARN (AbstractEquationSolver.cpp:324): Iterative solver was aborted after 1 iterations.
ERROR (GmmxxLinearEquationSolver.cpp:76): Gmm++ (externally) aborted after 0 iterations.
 WARN (TopologicalLinearEquationSolver.cpp:118): Topological solver aborted after analyzing 1/283 SCCs.
 WARN (TopologicalMinMaxLinearEquationSolver.cpp:133): Topological solver aborted after analyzing 1/10 SCCs.
ERROR (GmmxxLinearEquationSolver.cpp:76): Gmm++ (externally) aborted after 0 iterations.
 WARN (TopologicalLinearEquationSolver.cpp:118): Topological solver aborted after analyzing 1/3040 SCCs.
 WARN (AbstractEquationSolver.cpp:324): Iterative solver was aborted after 1 iterations.
ERROR (GmmxxLinearEquationSolver.cpp:76): Gmm++ (externally) aborted after 0 iterations.
 WARN (TopologicalLinearEquationSolver.cpp:118): Topological solver aborted after analyzing 1/283 SCCs.
 WARN (TopologicalMinMaxLinearEquationSolver.cpp:133): Topological solver aborted after analyzing 1/10 SCCs.
ERROR (GmmxxLinearEquationSolver.cpp:76): Gmm++ (externally) aborted after 0 iterations.
 WARN (TopologicalLinearEquationSolver.cpp:118): Topological solver aborted after analyzing 1/3040 SCCs.
 WARN (AbstractEquationSolver.cpp:324): Iterative solver was aborted after 1 iterations.
ERROR (GmmxxLinearEquationSolver.cpp:76): Gmm++ (externally) aborted after 0 iterations.
 WARN (TopologicalLinearEquationSolver.cpp:118): Topological solver aborted after analyzing 1/283 SCCs.
 WARN (TopologicalMinMaxLinearEquationSolver.cpp:133): Topological solver aborted after analyzing 1/10 SCCs.
ERROR (GmmxxLinearEquationSolver.cpp:76): Gmm++ (externally) aborted after 0 iterations.
 WARN (TopologicalLinearEquationSolver.cpp:118): Topological solver aborted after analyzing 1/3040 SCCs.
 WARN (AbstractEquationSolver.cpp:324): Iterative solver was aborted after 1 iterations.
ERROR (GmmxxLinearEquationSolver.cpp:76): Gmm++ (externally) aborted after 0 iterations.
 WARN (TopologicalLinearEquationSolver.cpp:118): Topological solver aborted after analyzing 1/283 SCCs.
 WARN (TopologicalMinMaxLinearEquationSolver.cpp:133): Topological solver aborted after analyzing 1/10 SCCs.
ERROR (GmmxxLinearEquationSolver.cpp:76): Gmm++ (externally) aborted after 0 iterations.
 WARN (TopologicalLinearEquationSolver.cpp:118): Topological solver aborted after analyzing 1/3040 SCCs.
 WARN (AbstractEquationSolver.cpp:324): Iterative solver was aborted after 1 iterations.
ERROR (GmmxxLinearEquationSolver.cpp:76): Gmm++ (externally) aborted after 0 iterations.
 WARN (TopologicalLinearEquationSolver.cpp:118): Topological solver aborted after analyzing 1/283 SCCs.
 WARN (TopologicalMinMaxLinearEquationSolver.cpp:133): Topological solver aborted after analyzing 1/10 SCCs.
ERROR (GmmxxLinearEquationSolver.cpp:76): Gmm++ (externally) aborted after 0 iterations.
 WARN (TopologicalLinearEquationSolver.cpp:118): Topological solver aborted after analyzing 1/3040 SCCs.
 WARN (AbstractEquationSolver.cpp:324): Iterative solver was aborted after 1 iterations.
ERROR (GmmxxLinearEquationSolver.cpp:76): Gmm++ (externally) aborted after 0 iterations.
 WARN (TopologicalLinearEquationSolver.cpp:118): Topological solver aborted after analyzing 1/283 SCCs.
 WARN (TopologicalMinMaxLinearEquationSolver.cpp:133): Topological solver aborted after analyzing 1/10 SCCs.
ERROR (GmmxxLinearEquationSolver.cpp:76): Gmm++ (externally) aborted after 0 iterations.
 WARN (TopologicalLinearEquationSolver.cpp:118): Topological solver aborted after analyzing 1/3040 SCCs.
 WARN (AbstractEquationSolver.cpp:324): Iterative solver was aborted after 1 iterations.
ERROR (GmmxxLinearEquationSolver.cpp:76): Gmm++ (externally) aborted after 0 iterations.
 WARN (TopologicalLinearEquationSolver.cpp:118): Topological solver aborted after analyzing 1/283 SCCs.
 WARN (TopologicalMinMaxLinearEquationSolver.cpp:133): Topological solver aborted after analyzing 1/10 SCCs.
ERROR (GmmxxLinearEquationSolver.cpp:76): Gmm++ (externally) aborted after 0 iterations.
 WARN (TopologicalLinearEquationSolver.cpp:118): Topological solver aborted after analyzing 1/3040 SCCs.
 WARN (AbstractEquationSolver.cpp:324): Iterative solver was aborted after 1 iterations.
ERROR (GmmxxLinearEquationSolver.cpp:76): Gmm++ (externally) aborted after 0 iterations.
 WARN (TopologicalLinearEquationSolver.cpp:118): Topological solver aborted after analyzing 1/283 SCCs.
 WARN (TopologicalMinMaxLinearEquationSolver.cpp:133): Topological solver aborted after analyzing 1/10 SCCs.
ERROR (GmmxxLinearEquationSolver.cpp:76): Gmm++ (externally) aborted after 0 iterations.
 WARN (TopologicalLinearEquationSolver.cpp:118): Topological solver aborted after analyzing 1/3040 SCCs.
 WARN (AbstractEquationSolver.cpp:324): Iterative solver was aborted after 1 iterations.
ERROR (GmmxxLinearEquationSolver.cpp:76): Gmm++ (externally) aborted after 0 iterations.
 WARN (TopologicalLinearEquationSolver.cpp:118): Topological solver aborted after analyzing 1/283 SCCs.
 WARN (TopologicalMinMaxLinearEquationSolver.cpp:133): Topological solver aborted after analyzing 1/10 SCCs.
ERROR (GmmxxLinearEquationSolver.cpp:76): Gmm++ (externally) aborted after 0 iterations.
 WARN (TopologicalLinearEquationSolver.cpp:118): Topological solver aborted after analyzing 1/3040 SCCs.
 WARN (AbstractEquationSolver.cpp:324): Iterative solver was aborted after 1 iterations.
ERROR (GmmxxLinearEquationSolver.cpp:76): Gmm++ (externally) aborted after 0 iterations.
 WARN (TopologicalLinearEquationSolver.cpp:118): Topological solver aborted after analyzing 1/283 SCCs.
 WARN (TopologicalMinMaxLinearEquationSolver.cpp:133): Topological solver aborted after analyzing 1/10 SCCs.
ERROR (GmmxxLinearEquationSolver.cpp:76): Gmm++ (externally) aborted after 0 iterations.
 WARN (TopologicalLinearEquationSolver.cpp:118): Topological solver aborted after analyzing 1/3040 SCCs.
 WARN (AbstractEquationSolver.cpp:324): Iterative solver was aborted after 1 iterations.
ERROR (GmmxxLinearEquationSolver.cpp:76): Gmm++ (externally) aborted after 0 iterations.
 WARN (TopologicalLinearEquationSolver.cpp:118): Topological solver aborted after analyzing 1/283 SCCs.
 WARN (TopologicalMinMaxLinearEquationSolver.cpp:133): Topological solver aborted after analyzing 1/10 SCCs.
ERROR (GmmxxLinearEquationSolver.cpp:76): Gmm++ (externally) aborted after 0 iterations.
 WARN (TopologicalLinearEquationSolver.cpp:118): Topological solver aborted after analyzing 1/3040 SCCs.
 WARN (AbstractEquationSolver.cpp:324): Iterative solver was aborted after 1 iterations.
ERROR (GmmxxLinearEquationSolver.cpp:76): Gmm++ (externally) aborted after 0 iterations.
 WARN (TopologicalLinearEquationSolver.cpp:118): Topological solver aborted after analyzing 1/283 SCCs.
 WARN (TopologicalMinMaxLinearEquationSolver.cpp:133): Topological solver aborted after analyzing 1/10 SCCs.
ERROR (GmmxxLinearEquationSolver.cpp:76): Gmm++ (externally) aborted after 0 iterations.
 WARN (TopologicalLinearEquationSolver.cpp:118): Topological solver aborted after analyzing 1/3040 SCCs.
 WARN (AbstractEquationSolver.cpp:324): Iterative solver was aborted after 1 iterations.
ERROR (GmmxxLinearEquationSolver.cpp:76): Gmm++ (externally) aborted after 0 iterations.
 WARN (TopologicalLinearEquationSolver.cpp:118): Topological solver aborted after analyzing 1/283 SCCs.
 WARN (TopologicalMinMaxLinearEquationSolver.cpp:133): Topological solver aborted after analyzing 1/10 SCCs.
ERROR (GmmxxLinearEquationSolver.cpp:76): Gmm++ (externally) aborted after 0 iterations.
 WARN (TopologicalLinearEquationSolver.cpp:118): Topological solver aborted after analyzing 1/3040 SCCs.
 WARN (AbstractEquationSolver.cpp:324): Iterative solver was aborted after 1 iterations.
ERROR (GmmxxLinearEquationSolver.cpp:76): Gmm++ (externally) aborted after 0 iterations.
 WARN (TopologicalLinearEquationSolver.cpp:118): Topological solver aborted after analyzing 1/283 SCCs.
 WARN (TopologicalMinMaxLinearEquationSolver.cpp:133): Topological solver aborted after analyzing 1/10 SCCs.
ERROR (GmmxxLinearEquationSolver.cpp:76): Gmm++ (externally) aborted after 0 iterations.
 WARN (TopologicalLinearEquationSolver.cpp:118): Topological solver aborted after analyzing 1/3040 SCCs.
 WARN (AbstractEquationSolver.cpp:324): Iterative solver was aborted after 1 iterations.
ERROR (GmmxxLinearEquationSolver.cpp:76): Gmm++ (externally) aborted after 0 iterations.
 WARN (TopologicalLinearEquationSolver.cpp:118): Topological solver aborted after analyzing 1/283 SCCs.
 WARN (TopologicalMinMaxLinearEquationSolver.cpp:133): Topological solver aborted after analyzing 1/10 SCCs.
ERROR (GmmxxLinearEquationSolver.cpp:76): Gmm++ (externally) aborted after 0 iterations.
 WARN (TopologicalLinearEquationSolver.cpp:118): Topological solver aborted after analyzing 1/3040 SCCs.
 WARN (AbstractEquationSolver.cpp:324): Iterative solver was aborted after 1 iterations.
ERROR (GmmxxLinearEquationSolver.cpp:76): Gmm++ (externally) aborted after 0 iterations.
 WARN (TopologicalLinearEquationSolver.cpp:118): Topological solver aborted after analyzing 1/283 SCCs.
 WARN (TopologicalMinMaxLinearEquationSolver.cpp:133): Topological solver aborted after analyzing 1/10 SCCs.
ERROR (GmmxxLinearEquationSolver.cpp:76): Gmm++ (externally) aborted after 0 iterations.
 WARN (TopologicalLinearEquationSolver.cpp:118): Topological solver aborted after analyzing 1/3040 SCCs.
 WARN (AbstractEquationSolver.cpp:324): Iterative solver was aborted after 1 iterations.
ERROR (GmmxxLinearEquationSolver.cpp:76): Gmm++ (externally) aborted after 0 iterations.
 WARN (TopologicalLinearEquationSolver.cpp:118): Topological solver aborted after analyzing 1/283 SCCs.
 WARN (TopologicalMinMaxLinearEquationSolver.cpp:133): Topological solver aborted after analyzing 1/10 SCCs.
ERROR (GmmxxLinearEquationSolver.cpp:76): Gmm++ (externally) aborted after 0 iterations.
 WARN (TopologicalLinearEquationSolver.cpp:118): Topological solver aborted after analyzing 1/3040 SCCs.
 WARN (AbstractEquationSolver.cpp:324): Iterative solver was aborted after 1 iterations.
ERROR (GmmxxLinearEquationSolver.cpp:76): Gmm++ (externally) aborted after 0 iterations.
 WARN (TopologicalLinearEquationSolver.cpp:118): Topological solver aborted after analyzing 1/283 SCCs.
 WARN (TopologicalMinMaxLinearEquationSolver.cpp:133): Topological solver aborted after analyzing 1/10 SCCs.
ERROR (GmmxxLinearEquationSolver.cpp:76): Gmm++ (externally) aborted after 0 iterations.
 WARN (TopologicalLinearEquationSolver.cpp:118): Topological solver aborted after analyzing 1/3040 SCCs.
 WARN (AbstractEquationSolver.cpp:324): Iterative solver was aborted after 1 iterations.
ERROR (GmmxxLinearEquationSolver.cpp:76): Gmm++ (externally) aborted after 0 iterations.
 WARN (TopologicalLinearEquationSolver.cpp:118): Topological solver aborted after analyzing 1/283 SCCs.
 WARN (TopologicalMinMaxLinearEquationSolver.cpp:133): Topological solver aborted after analyzing 1/10 SCCs.
ERROR (GmmxxLinearEquationSolver.cpp:76): Gmm++ (externally) aborted after 0 iterations.
 WARN (TopologicalLinearEquationSolver.cpp:118): Topological solver aborted after analyzing 1/3040 SCCs.
 WARN (AbstractEquationSolver.cpp:324): Iterative solver was aborted after 1 iterations.
ERROR (GmmxxLinearEquationSolver.cpp:76): Gmm++ (externally) aborted after 0 iterations.
 WARN (TopologicalLinearEquationSolver.cpp:118): Topological solver aborted after analyzing 1/283 SCCs.
 WARN (TopologicalMinMaxLinearEquationSolver.cpp:133): Topological solver aborted after analyzing 1/10 SCCs.
ERROR (GmmxxLinearEquationSolver.cpp:76): Gmm++ (externally) aborted after 0 iterations.
 WARN (TopologicalLinearEquationSolver.cpp:118): Topological solver aborted after analyzing 1/3040 SCCs.
 WARN (AbstractEquationSolver.cpp:324): Iterative solver was aborted after 1 iterations.
ERROR (GmmxxLinearEquationSolver.cpp:76): Gmm++ (externally) aborted after 0 iterations.
 WARN (TopologicalLinearEquationSolver.cpp:118): Topological solver aborted after analyzing 1/283 SCCs.
 WARN (TopologicalMinMaxLinearEquationSolver.cpp:133): Topological solver aborted after analyzing 1/10 SCCs.
ERROR (GmmxxLinearEquationSolver.cpp:76): Gmm++ (externally) aborted after 0 iterations.
 WARN (TopologicalLinearEquationSolver.cpp:118): Topological solver aborted after analyzing 1/3040 SCCs.
 WARN (AbstractEquationSolver.cpp:324): Iterative solver was aborted after 1 iterations.
ERROR (GmmxxLinearEquationSolver.cpp:76): Gmm++ (externally) aborted after 0 iterations.
 WARN (TopologicalLinearEquationSolver.cpp:118): Topological solver aborted after analyzing 1/283 SCCs.
 WARN (TopologicalMinMaxLinearEquationSolver.cpp:133): Topological solver aborted after analyzing 1/10 SCCs.
ERROR (GmmxxLinearEquationSolver.cpp:76): Gmm++ (externally) aborted after 0 iterations.
 WARN (TopologicalLinearEquationSolver.cpp:118): Topological solver aborted after analyzing 1/3040 SCCs.
 WARN (AbstractEquationSolver.cpp:324): Iterative solver was aborted after 1 iterations.
ERROR (GmmxxLinearEquationSolver.cpp:76): Gmm++ (externally) aborted after 0 iterations.
 WARN (TopologicalLinearEquationSolver.cpp:118): Topological solver aborted after analyzing 1/283 SCCs.
 WARN (TopologicalMinMaxLinearEquationSolver.cpp:133): Topological solver aborted after analyzing 1/10 SCCs.
ERROR (GmmxxLinearEquationSolver.cpp:76): Gmm++ (externally) aborted after 0 iterations.
 WARN (TopologicalLinearEquationSolver.cpp:118): Topological solver aborted after analyzing 1/3040 SCCs.
 WARN (AbstractEquationSolver.cpp:324): Iterative solver was aborted after 1 iterations.
ERROR (GmmxxLinearEquationSolver.cpp:76): Gmm++ (externally) aborted after 0 iterations.
 WARN (TopologicalLinearEquationSolver.cpp:118): Topological solver aborted after analyzing 1/283 SCCs.
 WARN (TopologicalMinMaxLinearEquationSolver.cpp:133): Topological solver aborted after analyzing 1/10 SCCs.
ERROR (GmmxxLinearEquationSolver.cpp:76): Gmm++ (externally) aborted after 0 iterations.
 WARN (TopologicalLinearEquationSolver.cpp:118): Topological solver aborted after analyzing 1/3040 SCCs.
 WARN (AbstractEquationSolver.cpp:324): Iterative solver was aborted after 1 iterations.
ERROR (GmmxxLinearEquationSolver.cpp:76): Gmm++ (externally) aborted after 0 iterations.
 WARN (TopologicalLinearEquationSolver.cpp:118): Topological solver aborted after analyzing 1/283 SCCs.
 WARN (TopologicalMinMaxLinearEquationSolver.cpp:133): Topological solver aborted after analyzing 1/10 SCCs.
ERROR (GmmxxLinearEquationSolver.cpp:76): Gmm++ (externally) aborted after 0 iterations.
 WARN (TopologicalLinearEquationSolver.cpp:118): Topological solver aborted after analyzing 1/3040 SCCs.
 WARN (AbstractEquationSolver.cpp:324): Iterative solver was aborted after 1 iterations.
ERROR (GmmxxLinearEquationSolver.cpp:76): Gmm++ (externally) aborted after 0 iterations.
 WARN (TopologicalLinearEquationSolver.cpp:118): Topological solver aborted after analyzing 1/283 SCCs.
 WARN (TopologicalMinMaxLinearEquationSolver.cpp:133): Topological solver aborted after analyzing 1/10 SCCs.
ERROR (GmmxxLinearEquationSolver.cpp:76): Gmm++ (externally) aborted after 0 iterations.
 WARN (TopologicalLinearEquationSolver.cpp:118): Topological solver aborted after analyzing 1/3040 SCCs.
 WARN (AbstractEquationSolver.cpp:324): Iterative solver was aborted after 1 iterations.
ERROR (GmmxxLinearEquationSolver.cpp:76): Gmm++ (externally) aborted after 0 iterations.
 WARN (TopologicalLinearEquationSolver.cpp:118): Topological solver aborted after analyzing 1/283 SCCs.
 WARN (TopologicalMinMaxLinearEquationSolver.cpp:133): Topological solver aborted after analyzing 1/10 SCCs.
ERROR (GmmxxLinearEquationSolver.cpp:76): Gmm++ (externally) aborted after 0 iterations.
 WARN (TopologicalLinearEquationSolver.cpp:118): Topological solver aborted after analyzing 1/3040 SCCs.
 WARN (AbstractEquationSolver.cpp:324): Iterative solver was aborted after 1 iterations.
ERROR (GmmxxLinearEquationSolver.cpp:76): Gmm++ (externally) aborted after 0 iterations.
 WARN (TopologicalLinearEquationSolver.cpp:118): Topological solver aborted after analyzing 1/283 SCCs.
 WARN (TopologicalMinMaxLinearEquationSolver.cpp:133): Topological solver aborted after analyzing 1/10 SCCs.
ERROR (GmmxxLinearEquationSolver.cpp:76): Gmm++ (externally) aborted after 0 iterations.
 WARN (TopologicalLinearEquationSolver.cpp:118): Topological solver aborted after analyzing 1/3040 SCCs.
 WARN (AbstractEquationSolver.cpp:324): Iterative solver was aborted after 1 iterations.
ERROR (GmmxxLinearEquationSolver.cpp:76): Gmm++ (externally) aborted after 0 iterations.
 WARN (TopologicalLinearEquationSolver.cpp:118): Topological solver aborted after analyzing 1/283 SCCs.
 WARN (TopologicalMinMaxLinearEquationSolver.cpp:133): Topological solver aborted after analyzing 1/10 SCCs.
ERROR (GmmxxLinearEquationSolver.cpp:76): Gmm++ (externally) aborted after 0 iterations.
 WARN (TopologicalLinearEquationSolver.cpp:118): Topological solver aborted after analyzing 1/3040 SCCs.
 WARN (AbstractEquationSolver.cpp:324): Iterative solver was aborted after 1 iterations.
ERROR (GmmxxLinearEquationSolver.cpp:76): Gmm++ (externally) aborted after 0 iterations.
 WARN (TopologicalLinearEquationSolver.cpp:118): Topological solver aborted after analyzing 1/283 SCCs.
 WARN (TopologicalMinMaxLinearEquationSolver.cpp:133): Topological solver aborted after analyzing 1/10 SCCs.
ERROR (GmmxxLinearEquationSolver.cpp:76): Gmm++ (externally) aborted after 0 iterations.
 WARN (TopologicalLinearEquationSolver.cpp:118): Topological solver aborted after analyzing 1/3040 SCCs.
 WARN (AbstractEquationSolver.cpp:324): Iterative solver was aborted after 1 iterations.
ERROR (GmmxxLinearEquationSolver.cpp:76): Gmm++ (externally) aborted after 0 iterations.
 WARN (TopologicalLinearEquationSolver.cpp:118): Topological solver aborted after analyzing 1/283 SCCs.
 WARN (TopologicalMinMaxLinearEquationSolver.cpp:133): Topological solver aborted after analyzing 1/10 SCCs.
ERROR (GmmxxLinearEquationSolver.cpp:76): Gmm++ (externally) aborted after 0 iterations.
 WARN (TopologicalLinearEquationSolver.cpp:118): Topological solver aborted after analyzing 1/3040 SCCs.
 WARN (AbstractEquationSolver.cpp:324): Iterative solver was aborted after 1 iterations.
ERROR (GmmxxLinearEquationSolver.cpp:76): Gmm++ (externally) aborted after 0 iterations.
 WARN (TopologicalLinearEquationSolver.cpp:118): Topological solver aborted after analyzing 1/283 SCCs.
 WARN (TopologicalMinMaxLinearEquationSolver.cpp:133): Topological solver aborted after analyzing 1/10 SCCs.
ERROR (GmmxxLinearEquationSolver.cpp:76): Gmm++ (externally) aborted after 0 iterations.
 WARN (TopologicalLinearEquationSolver.cpp:118): Topological solver aborted after analyzing 1/3040 SCCs.
 WARN (AbstractEquationSolver.cpp:324): Iterative solver was aborted after 1 iterations.
ERROR (GmmxxLinearEquationSolver.cpp:76): Gmm++ (externally) aborted after 0 iterations.
 WARN (TopologicalLinearEquationSolver.cpp:118): Topological solver aborted after analyzing 1/283 SCCs.
 WARN (TopologicalMinMaxLinearEquationSolver.cpp:133): Topological solver aborted after analyzing 1/10 SCCs.
ERROR (GmmxxLinearEquationSolver.cpp:76): Gmm++ (externally) aborted after 0 iterations.
 WARN (TopologicalLinearEquationSolver.cpp:118): Topological solver aborted after analyzing 1/3040 SCCs.
 WARN (AbstractEquationSolver.cpp:324): Iterative solver was aborted after 1 iterations.
ERROR (GmmxxLinearEquationSolver.cpp:76): Gmm++ (externally) aborted after 0 iterations.
 WARN (TopologicalLinearEquationSolver.cpp:118): Topological solver aborted after analyzing 1/283 SCCs.
 WARN (TopologicalMinMaxLinearEquationSolver.cpp:133): Topological solver aborted after analyzing 1/10 SCCs.
ERROR (GmmxxLinearEquationSolver.cpp:76): Gmm++ (externally) aborted after 0 iterations.
 WARN (TopologicalLinearEquationSolver.cpp:118): Topological solver aborted after analyzing 1/3040 SCCs.
 WARN (AbstractEquationSolver.cpp:324): Iterative solver was aborted after 1 iterations.
ERROR (GmmxxLinearEquationSolver.cpp:76): Gmm++ (externally) aborted after 0 iterations.
 WARN (TopologicalLinearEquationSolver.cpp:118): Topological solver aborted after analyzing 1/283 SCCs.
 WARN (TopologicalMinMaxLinearEquationSolver.cpp:133): Topological solver aborted after analyzing 1/10 SCCs.
ERROR (GmmxxLinearEquationSolver.cpp:76): Gmm++ (externally) aborted after 0 iterations.
 WARN (TopologicalLinearEquationSolver.cpp:118): Topological solver aborted after analyzing 1/3040 SCCs.
 WARN (AbstractEquationSolver.cpp:324): Iterative solver was aborted after 1 iterations.
ERROR (GmmxxLinearEquationSolver.cpp:76): Gmm++ (externally) aborted after 0 iterations.
 WARN (TopologicalLinearEquationSolver.cpp:118): Topological solver aborted after analyzing 1/283 SCCs.
 WARN (TopologicalMinMaxLinearEquationSolver.cpp:133): Topological solver aborted after analyzing 1/10 SCCs.
ERROR (GmmxxLinearEquationSolver.cpp:76): Gmm++ (externally) aborted after 0 iterations.
 WARN (TopologicalLinearEquationSolver.cpp:118): Topological solver aborted after analyzing 1/3040 SCCs.
 WARN (AbstractEquationSolver.cpp:324): Iterative solver was aborted after 1 iterations.
ERROR (GmmxxLinearEquationSolver.cpp:76): Gmm++ (externally) aborted after 0 iterations.
 WARN (TopologicalLinearEquationSolver.cpp:118): Topological solver aborted after analyzing 1/283 SCCs.
 WARN (TopologicalMinMaxLinearEquationSolver.cpp:133): Topological solver aborted after analyzing 1/10 SCCs.
ERROR (GmmxxLinearEquationSolver.cpp:76): Gmm++ (externally) aborted after 0 iterations.
 WARN (TopologicalLinearEquationSolver.cpp:118): Topological solver aborted after analyzing 1/3040 SCCs.
 WARN (AbstractEquationSolver.cpp:324): Iterative solver was aborted after 1 iterations.
ERROR (GmmxxLinearEquationSolver.cpp:76): Gmm++ (externally) aborted after 0 iterations.
 WARN (TopologicalLinearEquationSolver.cpp:118): Topological solver aborted after analyzing 1/283 SCCs.
 WARN (TopologicalMinMaxLinearEquationSolver.cpp:133): Topological solver aborted after analyzing 1/10 SCCs.
ERROR (GmmxxLinearEquationSolver.cpp:76): Gmm++ (externally) aborted after 0 iterations.
 WARN (TopologicalLinearEquationSolver.cpp:118): Topological solver aborted after analyzing 1/3040 SCCs.
 WARN (AbstractEquationSolver.cpp:324): Iterative solver was aborted after 1 iterations.
ERROR (GmmxxLinearEquationSolver.cpp:76): Gmm++ (externally) aborted after 0 iterations.
 WARN (TopologicalLinearEquationSolver.cpp:118): Topological solver aborted after analyzing 1/283 SCCs.
 WARN (TopologicalMinMaxLinearEquationSolver.cpp:133): Topological solver aborted after analyzing 1/10 SCCs.
ERROR (GmmxxLinearEquationSolver.cpp:76): Gmm++ (externally) aborted after 0 iterations.
 WARN (TopologicalLinearEquationSolver.cpp:118): Topological solver aborted after analyzing 1/3040 SCCs.
 WARN (AbstractEquationSolver.cpp:324): Iterative solver was aborted after 1 iterations.
ERROR (GmmxxLinearEquationSolver.cpp:76): Gmm++ (externally) aborted after 0 iterations.
 WARN (TopologicalLinearEquationSolver.cpp:118): Topological solver aborted after analyzing 1/283 SCCs.
 WARN (TopologicalMinMaxLinearEquationSolver.cpp:133): Topological solver aborted after analyzing 1/10 SCCs.
ERROR (GmmxxLinearEquationSolver.cpp:76): Gmm++ (externally) aborted after 0 iterations.
 WARN (TopologicalLinearEquationSolver.cpp:118): Topological solver aborted after analyzing 1/3040 SCCs.
 WARN (AbstractEquationSolver.cpp:324): Iterative solver was aborted after 1 iterations.
ERROR (GmmxxLinearEquationSolver.cpp:76): Gmm++ (externally) aborted after 0 iterations.
 WARN (TopologicalLinearEquationSolver.cpp:118): Topological solver aborted after analyzing 1/283 SCCs.
 WARN (TopologicalMinMaxLinearEquationSolver.cpp:133): Topological solver aborted after analyzing 1/10 SCCs.
ERROR (GmmxxLinearEquationSolver.cpp:76): Gmm++ (externally) aborted after 0 iterations.
 WARN (TopologicalLinearEquationSolver.cpp:118): Topological solver aborted after analyzing 1/3040 SCCs.
 WARN (AbstractEquationSolver.cpp:324): Iterative solver was aborted after 1 iterations.
ERROR (GmmxxLinearEquationSolver.cpp:76): Gmm++ (externally) aborted after 0 iterations.
 WARN (TopologicalLinearEquationSolver.cpp:118): Topological solver aborted after analyzing 1/283 SCCs.
 WARN (TopologicalMinMaxLinearEquationSolver.cpp:133): Topological solver aborted after analyzing 1/10 SCCs.
ERROR (GmmxxLinearEquationSolver.cpp:76): Gmm++ (externally) aborted after 0 iterations.
 WARN (TopologicalLinearEquationSolver.cpp:118): Topological solver aborted after analyzing 1/3040 SCCs.
 WARN (AbstractEquationSolver.cpp:324): Iterative solver was aborted after 1 iterations.
ERROR (GmmxxLinearEquationSolver.cpp:76): Gmm++ (externally) aborted after 0 iterations.
 WARN (TopologicalLinearEquationSolver.cpp:118): Topological solver aborted after analyzing 1/283 SCCs.
 WARN (TopologicalMinMaxLinearEquationSolver.cpp:133): Topological solver aborted after analyzing 1/10 SCCs.
ERROR (GmmxxLinearEquationSolver.cpp:76): Gmm++ (externally) aborted after 0 iterations.
 WARN (TopologicalLinearEquationSolver.cpp:118): Topological solver aborted after analyzing 1/3040 SCCs.
 WARN (AbstractEquationSolver.cpp:324): Iterative solver was aborted after 1 iterations.
ERROR (GmmxxLinearEquationSolver.cpp:76): Gmm++ (externally) aborted after 0 iterations.
 WARN (TopologicalLinearEquationSolver.cpp:118): Topological solver aborted after analyzing 1/283 SCCs.
 WARN (TopologicalMinMaxLinearEquationSolver.cpp:133): Topological solver aborted after analyzing 1/10 SCCs.
ERROR (GmmxxLinearEquationSolver.cpp:76): Gmm++ (externally) aborted after 0 iterations.
 WARN (TopologicalLinearEquationSolver.cpp:118): Topological solver aborted after analyzing 1/3040 SCCs.
 WARN (AbstractEquationSolver.cpp:324): Iterative solver was aborted after 1 iterations.
ERROR (GmmxxLinearEquationSolver.cpp:76): Gmm++ (externally) aborted after 0 iterations.
 WARN (TopologicalLinearEquationSolver.cpp:118): Topological solver aborted after analyzing 1/283 SCCs.
 WARN (TopologicalMinMaxLinearEquationSolver.cpp:133): Topological solver aborted after analyzing 1/10 SCCs.
ERROR (GmmxxLinearEquationSolver.cpp:76): Gmm++ (externally) aborted after 0 iterations.
 WARN (TopologicalLinearEquationSolver.cpp:118): Topological solver aborted after analyzing 1/3040 SCCs.
 WARN (AbstractEquationSolver.cpp:324): Iterative solver was aborted after 1 iterations.
ERROR (GmmxxLinearEquationSolver.cpp:76): Gmm++ (externally) aborted after 0 iterations.
 WARN (TopologicalLinearEquationSolver.cpp:118): Topological solver aborted after analyzing 1/283 SCCs.
 WARN (TopologicalMinMaxLinearEquationSolver.cpp:133): Topological solver aborted after analyzing 1/10 SCCs.
ERROR (GmmxxLinearEquationSolver.cpp:76): Gmm++ (externally) aborted after 0 iterations.
 WARN (TopologicalLinearEquationSolver.cpp:118): Topological solver aborted after analyzing 1/3040 SCCs.
 WARN (AbstractEquationSolver.cpp:324): Iterative solver was aborted after 1 iterations.
ERROR (GmmxxLinearEquationSolver.cpp:76): Gmm++ (externally) aborted after 0 iterations.
 WARN (TopologicalLinearEquationSolver.cpp:118): Topological solver aborted after analyzing 1/283 SCCs.
 WARN (TopologicalMinMaxLinearEquationSolver.cpp:133): Topological solver aborted after analyzing 1/10 SCCs.
ERROR (GmmxxLinearEquationSolver.cpp:76): Gmm++ (externally) aborted after 0 iterations.
 WARN (TopologicalLinearEquationSolver.cpp:118): Topological solver aborted after analyzing 1/3040 SCCs.
 WARN (AbstractEquationSolver.cpp:324): Iterative solver was aborted after 1 iterations.
ERROR (GmmxxLinearEquationSolver.cpp:76): Gmm++ (externally) aborted after 0 iterations.
 WARN (TopologicalLinearEquationSolver.cpp:118): Topological solver aborted after analyzing 1/283 SCCs.
 WARN (TopologicalMinMaxLinearEquationSolver.cpp:133): Topological solver aborted after analyzing 1/10 SCCs.
ERROR (GmmxxLinearEquationSolver.cpp:76): Gmm++ (externally) aborted after 0 iterations.
 WARN (TopologicalLinearEquationSolver.cpp:118): Topological solver aborted after analyzing 1/3040 SCCs.
 WARN (AbstractEquationSolver.cpp:324): Iterative solver was aborted after 1 iterations.
ERROR (GmmxxLinearEquationSolver.cpp:76): Gmm++ (externally) aborted after 0 iterations.
 WARN (TopologicalLinearEquationSolver.cpp:118): Topological solver aborted after analyzing 1/283 SCCs.
 WARN (TopologicalMinMaxLinearEquationSolver.cpp:133): Topological solver aborted after analyzing 1/10 SCCs.
ERROR (GmmxxLinearEquationSolver.cpp:76): Gmm++ (externally) aborted after 0 iterations.
 WARN (TopologicalLinearEquationSolver.cpp:118): Topological solver aborted after analyzing 1/3040 SCCs.
 WARN (AbstractEquationSolver.cpp:324): Iterative solver was aborted after 1 iterations.
ERROR (GmmxxLinearEquationSolver.cpp:76): Gmm++ (externally) aborted after 0 iterations.
 WARN (TopologicalLinearEquationSolver.cpp:118): Topological solver aborted after analyzing 1/283 SCCs.
 WARN (TopologicalMinMaxLinearEquationSolver.cpp:133): Topological solver aborted after analyzing 1/10 SCCs.
ERROR (GmmxxLinearEquationSolver.cpp:76): Gmm++ (externally) aborted after 0 iterations.
 WARN (TopologicalLinearEquationSolver.cpp:118): Topological solver aborted after analyzing 1/3040 SCCs.

################## Maximal Energy, Max Direction #######################

Storm-pars 1.8.2 (dev)

Date: Tue Jun 25 10:11:40 2024
Command line arguments: --prism ./models/5alt_s3_sym.prism --prop 'R{"energy_3alt"}max=? [F _s = done]' --mode feasibility '--feasibility:method' pla --direction max --region '0.3<=current_prob<=0.8' --guarantee 0.0001 abs
Current working directory: /Users/julipas/Documents/Collaborations/Parametric Model Checking/auv_profeat/parametric model checking

Time for model input parsing: 0.019s.

Explored 979 states in 0 seconds before abort.
ERROR (ExplicitModelBuilder.cpp:315): Aborted in state space exploration.
ERROR (storm-pars.cpp:548): An exception caused Storm-pars to terminate. The message of the exception is: AbortException: Aborted in state space exploration.

#################################### MINIMAL TIME ####################################


################## Minimal Time, Min Direction #######################

Storm-pars 1.8.2 (dev)

Date: Tue Jun 25 10:11:40 2024
Command line arguments: --prism ./models/5alt_s3_sym.prism --prop 'R{"time"}min=? [F _s = done]' --mode feasibility '--feasibility:method' pla --direction min --region '0.3<=current_prob<=0.8' --guarantee 0.0001 abs
Current working directory: /Users/julipas/Documents/Collaborations/Parametric Model Checking/auv_profeat/parametric model checking

Time for model input parsing: 0.019s.

Explored 1464 states in 0 seconds before abort.
ERROR (ExplicitModelBuilder.cpp:315): Aborted in state space exploration.
ERROR (storm-pars.cpp:548): An exception caused Storm-pars to terminate. The message of the exception is: AbortException: Aborted in state space exploration.

################## Minimal Time, Max Direction #######################

Storm-pars 1.8.2 (dev)

Date: Tue Jun 25 10:11:41 2024
Command line arguments: --prism ./models/5alt_s3_sym.prism --prop 'R{"time"}min=? [F _s = done]' --mode feasibility '--feasibility:method' pla --direction max --region '0.3<=current_prob<=0.8' --guarantee 0.0001 abs
Current working directory: /Users/julipas/Documents/Collaborations/Parametric Model Checking/auv_profeat/parametric model checking

Time for model input parsing: 0.019s.

Explored 1068 states in 0 seconds before abort.
ERROR (ExplicitModelBuilder.cpp:315): Aborted in state space exploration.
ERROR (storm-pars.cpp:548): An exception caused Storm-pars to terminate. The message of the exception is: AbortException: Aborted in state space exploration.

#################################### MAXIMAL TIME ####################################


################## Maximal Time, Min Direction #######################

Storm-pars 1.8.2 (dev)

Date: Tue Jun 25 10:11:41 2024
Command line arguments: --prism ./models/5alt_s3_sym.prism --prop 'R{"time"}max=? [F _s = done]' --mode feasibility '--feasibility:method' pla --direction min --region '0.3<=current_prob<=0.8' --guarantee 0.0001 abs
Current working directory: /Users/julipas/Documents/Collaborations/Parametric Model Checking/auv_profeat/parametric model checking

Time for model input parsing: 0.019s.

Explored 1113 states in 0 seconds before abort.
ERROR (ExplicitModelBuilder.cpp:315): Aborted in state space exploration.
ERROR (storm-pars.cpp:548): An exception caused Storm-pars to terminate. The message of the exception is: AbortException: Aborted in state space exploration.

################## Maximal Time, Max Direction #######################

Storm-pars 1.8.2 (dev)

Date: Tue Jun 25 10:11:42 2024
Command line arguments: --prism ./models/5alt_s3_sym.prism --prop 'R{"time"}max=? [F _s = done]' --mode feasibility '--feasibility:method' pla --direction max --region '0.3<=current_prob<=0.8' --guarantee 0.0001 abs
Current working directory: /Users/julipas/Documents/Collaborations/Parametric Model Checking/auv_profeat/parametric model checking

Time for model input parsing: 0.019s.

Explored 1061 states in 0 seconds before abort.
ERROR (ExplicitModelBuilder.cpp:315): Aborted in state space exploration.
ERROR (storm-pars.cpp:548): An exception caused Storm-pars to terminate. The message of the exception is: AbortException: Aborted in state space exploration.
