#################################### MINIMAL ENERGY ####################################


################## Minimal Energy, Min Direction ##################

Storm-pars 1.8.2 (dev)

Date: Thu May 16 11:32:10 2024
Command line arguments: --prism five_altitudes_s4.prism --prop 'R{"energy"}min=? [F _s = done]' --mode feasibility '--feasibility:method' pla --direction min --region '0.001<=current_prob<=0.999' --guarantee 0.0001 abs
Current working directory: /Users/julipas/Documents/Collaborations/Parametric Model Checking/auv_profeat

Time for model input parsing: 0.026s.

Time for model construction: 2.171s.

-------------------------------------------------------------- 
Model type: 	MDP (sparse)
States: 	7660
Transitions: 	80182
Choices: 	17320
Reward Models:  energy
State Labels: 	3 labels
   * init -> 1 item(s)
   * deadlock -> 0 item(s)
   * (_s = 10) -> 90 item(s)
Choice Labels: 	none
-------------------------------------------------------------- 

Time for model simplification: 0.452s.

-------------------------------------------------------------- 
Model type: 	MDP (sparse)
States: 	7481
Transitions: 	79661
Choices: 	17141
Reward Models:  energy
State Labels: 	5 labels
   * target -> 1 item(s)
   * sink -> 0 item(s)
   * init -> 1 item(s)
   * deadlock -> 0 item(s)
   * (_s = 10) -> 1 item(s)
Choice Labels: 	none
-------------------------------------------------------------- 

Time for model preprocessing: 0.454s.

-------------------------------------------------------------- 
Model type: 	MDP (sparse)
States: 	7481
Transitions: 	79661
Choices: 	17141
Reward Models:  energy
State Labels: 	5 labels
   * target -> 1 item(s)
   * sink -> 0 item(s)
   * init -> 1 item(s)
   * deadlock -> 0 item(s)
   * (_s = 10) -> 1 item(s)
Choice Labels: 	none
-------------------------------------------------------------- 
Find feasible solution for  R[exp]{"energy"}min=? [F (_s = 10)] within region 1/1000<=current_prob<=999/1000;
Result at initial state: 6783505880887367/281474976710656 ( approx. 24.09985413) at [current_prob=1011/512000].
Time for model checking: 533.342s.

################## Minimal Energy, Max Direction #######################

Storm-pars 1.8.2 (dev)

Date: Thu May 16 11:41:06 2024
Command line arguments: --prism five_altitudes_s4.prism --prop 'R{"energy"}min=? [F _s = done]' --mode feasibility '--feasibility:method' pla --direction max --region '0.001<=current_prob<=0.999' --guarantee 0.0001 abs
Current working directory: /Users/julipas/Documents/Collaborations/Parametric Model Checking/auv_profeat

Time for model input parsing: 0.056s.

Time for model construction: 2.235s.

-------------------------------------------------------------- 
Model type: 	MDP (sparse)
States: 	7660
Transitions: 	80182
Choices: 	17320
Reward Models:  energy
State Labels: 	3 labels
   * init -> 1 item(s)
   * deadlock -> 0 item(s)
   * (_s = 10) -> 90 item(s)
Choice Labels: 	none
-------------------------------------------------------------- 

Time for model simplification: 0.676s.

-------------------------------------------------------------- 
Model type: 	MDP (sparse)
States: 	7481
Transitions: 	79661
Choices: 	17141
Reward Models:  energy
State Labels: 	5 labels
   * target -> 1 item(s)
   * sink -> 0 item(s)
   * init -> 1 item(s)
   * deadlock -> 0 item(s)
   * (_s = 10) -> 1 item(s)
Choice Labels: 	none
-------------------------------------------------------------- 

Time for model preprocessing: 0.677s.

-------------------------------------------------------------- 
Model type: 	MDP (sparse)
States: 	7481
Transitions: 	79661
Choices: 	17141
Reward Models:  energy
State Labels: 	5 labels
   * target -> 1 item(s)
   * sink -> 0 item(s)
   * init -> 1 item(s)
   * deadlock -> 0 item(s)
   * (_s = 10) -> 1 item(s)
Choice Labels: 	none
-------------------------------------------------------------- 
Find feasible solution for  R[exp]{"energy"}min=? [F (_s = 10)] within region 1/1000<=current_prob<=999/1000;
Result at initial state: 6933228260584081/281474976710656 ( approx. 24.63177488) at [current_prob=1022477/1024000].
Time for model checking: 1.637s.

#################################### MAXIMAL ENERGY ####################################


################## Maximal Energy, Min Direction #######################

Storm-pars 1.8.2 (dev)

Date: Thu May 16 11:41:11 2024
Command line arguments: --prism five_altitudes_s4.prism --prop 'R{"energy"}max=? [F _s = done]' --mode feasibility '--feasibility:method' pla --direction min --region '0.001<=current_prob<=0.999' --guarantee 0.0001 abs
Current working directory: /Users/julipas/Documents/Collaborations/Parametric Model Checking/auv_profeat

Time for model input parsing: 0.019s.

Time for model construction: 2.187s.

-------------------------------------------------------------- 
Model type: 	MDP (sparse)
States: 	7660
Transitions: 	80182
Choices: 	17320
Reward Models:  energy
State Labels: 	3 labels
   * init -> 1 item(s)
   * deadlock -> 0 item(s)
   * (_s = 10) -> 90 item(s)
Choice Labels: 	none
-------------------------------------------------------------- 

Time for model simplification: 0.342s.

-------------------------------------------------------------- 
Model type: 	MDP (sparse)
States: 	7481
Transitions: 	79661
Choices: 	17141
Reward Models:  energy
State Labels: 	5 labels
   * target -> 1 item(s)
   * sink -> 0 item(s)
   * init -> 1 item(s)
   * deadlock -> 0 item(s)
   * (_s = 10) -> 1 item(s)
Choice Labels: 	none
-------------------------------------------------------------- 

Time for model preprocessing: 0.344s.

-------------------------------------------------------------- 
Model type: 	MDP (sparse)
States: 	7481
Transitions: 	79661
Choices: 	17141
Reward Models:  energy
State Labels: 	5 labels
   * target -> 1 item(s)
   * sink -> 0 item(s)
   * init -> 1 item(s)
   * deadlock -> 0 item(s)
   * (_s = 10) -> 1 item(s)
Choice Labels: 	none
-------------------------------------------------------------- 
Find feasible solution for  R[exp]{"energy"}max=? [F (_s = 10)] within region 1/1000<=current_prob<=999/1000;
Result at initial state: 3911028320106113/140737488355328 ( approx. 27.78952762) at [current_prob=32734733/32768000].
Time for model checking: 1.550s.

################## Maximal Energy, Max Direction #######################

Storm-pars 1.8.2 (dev)

Date: Thu May 16 11:41:15 2024
Command line arguments: --prism five_altitudes_s4.prism --prop 'R{"energy"}max=? [F _s = done]' --mode feasibility '--feasibility:method' pla --direction max --region '0.001<=current_prob<=0.999' --guarantee 0.0001 abs
Current working directory: /Users/julipas/Documents/Collaborations/Parametric Model Checking/auv_profeat

Time for model input parsing: 0.019s.

Time for model construction: 2.249s.

-------------------------------------------------------------- 
Model type: 	MDP (sparse)
States: 	7660
Transitions: 	80182
Choices: 	17320
Reward Models:  energy
State Labels: 	3 labels
   * init -> 1 item(s)
   * deadlock -> 0 item(s)
   * (_s = 10) -> 90 item(s)
Choice Labels: 	none
-------------------------------------------------------------- 

Time for model simplification: 0.304s.

-------------------------------------------------------------- 
Model type: 	MDP (sparse)
States: 	7481
Transitions: 	79661
Choices: 	17141
Reward Models:  energy
State Labels: 	5 labels
   * target -> 1 item(s)
   * sink -> 0 item(s)
   * init -> 1 item(s)
   * deadlock -> 0 item(s)
   * (_s = 10) -> 1 item(s)
Choice Labels: 	none
-------------------------------------------------------------- 

Time for model preprocessing: 0.305s.

-------------------------------------------------------------- 
Model type: 	MDP (sparse)
States: 	7481
Transitions: 	79661
Choices: 	17141
Reward Models:  energy
State Labels: 	5 labels
   * target -> 1 item(s)
   * sink -> 0 item(s)
   * init -> 1 item(s)
   * deadlock -> 0 item(s)
   * (_s = 10) -> 1 item(s)
Choice Labels: 	none
-------------------------------------------------------------- 
Find feasible solution for  R[exp]{"energy"}max=? [F (_s = 10)] within region 1/1000<=current_prob<=999/1000;
Result at initial state: 1500931529964533/33554432 ( approx. 44731245.34) at [current_prob=507/8000].
Time for model checking: 1247.838s.

#################################### MINIMAL TIME ####################################


################## Minimal Time, Min Direction #######################

Storm-pars 1.8.2 (dev)

Date: Thu May 16 12:02:06 2024
Command line arguments: --prism five_altitudes_s4.prism --prop 'R{"time"}min=? [F _s = done]' --mode feasibility '--feasibility:method' pla --direction min --region '0.001<=current_prob<=0.999' --guarantee 0.0001 abs
Current working directory: /Users/julipas/Documents/Collaborations/Parametric Model Checking/auv_profeat

Time for model input parsing: 0.019s.

Time for model construction: 2.117s.

-------------------------------------------------------------- 
Model type: 	MDP (sparse)
States: 	7660
Transitions: 	80182
Choices: 	17320
Reward Models:  time
State Labels: 	3 labels
   * init -> 1 item(s)
   * deadlock -> 0 item(s)
   * (_s = 10) -> 90 item(s)
Choice Labels: 	none
-------------------------------------------------------------- 

Time for model simplification: 0.449s.

-------------------------------------------------------------- 
Model type: 	MDP (sparse)
States: 	7481
Transitions: 	79661
Choices: 	17141
Reward Models:  time
State Labels: 	5 labels
   * target -> 1 item(s)
   * sink -> 0 item(s)
   * init -> 1 item(s)
   * deadlock -> 0 item(s)
   * (_s = 10) -> 1 item(s)
Choice Labels: 	none
-------------------------------------------------------------- 

Time for model preprocessing: 0.451s.

-------------------------------------------------------------- 
Model type: 	MDP (sparse)
States: 	7481
Transitions: 	79661
Choices: 	17141
Reward Models:  time
State Labels: 	5 labels
   * target -> 1 item(s)
   * sink -> 0 item(s)
   * init -> 1 item(s)
   * deadlock -> 0 item(s)
   * (_s = 10) -> 1 item(s)
Choice Labels: 	none
-------------------------------------------------------------- 
Find feasible solution for  R[exp]{"time"}min=? [F (_s = 10)] within region 1/1000<=current_prob<=999/1000;
Result at initial state: 810897900587163/35184372088832 ( approx. 23.04710451) at [current_prob=16883/16384000].
Time for model checking: 1.701s.

################## Minimal Time, Max Direction #######################

Storm-pars 1.8.2 (dev)

Date: Thu May 16 12:02:10 2024
Command line arguments: --prism five_altitudes_s4.prism --prop 'R{"time"}min=? [F _s = done]' --mode feasibility '--feasibility:method' pla --direction max --region '0.001<=current_prob<=0.999' --guarantee 0.0001 abs
Current working directory: /Users/julipas/Documents/Collaborations/Parametric Model Checking/auv_profeat

Time for model input parsing: 0.019s.

Time for model construction: 2.122s.

-------------------------------------------------------------- 
Model type: 	MDP (sparse)
States: 	7660
Transitions: 	80182
Choices: 	17320
Reward Models:  time
State Labels: 	3 labels
   * init -> 1 item(s)
   * deadlock -> 0 item(s)
   * (_s = 10) -> 90 item(s)
Choice Labels: 	none
-------------------------------------------------------------- 

Time for model simplification: 0.468s.

-------------------------------------------------------------- 
Model type: 	MDP (sparse)
States: 	7481
Transitions: 	79661
Choices: 	17141
Reward Models:  time
State Labels: 	5 labels
   * target -> 1 item(s)
   * sink -> 0 item(s)
   * init -> 1 item(s)
   * deadlock -> 0 item(s)
   * (_s = 10) -> 1 item(s)
Choice Labels: 	none
-------------------------------------------------------------- 

Time for model preprocessing: 0.470s.

-------------------------------------------------------------- 
Model type: 	MDP (sparse)
States: 	7481
Transitions: 	79661
Choices: 	17141
Reward Models:  time
State Labels: 	5 labels
   * target -> 1 item(s)
   * sink -> 0 item(s)
   * init -> 1 item(s)
   * deadlock -> 0 item(s)
   * (_s = 10) -> 1 item(s)
Choice Labels: 	none
-------------------------------------------------------------- 
Find feasible solution for  R[exp]{"time"}min=? [F (_s = 10)] within region 1/1000<=current_prob<=999/1000;
Result at initial state: 840685974740095/35184372088832 ( approx. 23.8937325) at [current_prob=3497/4000].
Time for model checking: 1.291s.

#################################### MAXIMAL TIME ####################################


################## Maximal Time, Min Direction #######################

Storm-pars 1.8.2 (dev)

Date: Thu May 16 12:02:14 2024
Command line arguments: --prism five_altitudes_s4.prism --prop 'R{"time"}max=? [F _s = done]' --mode feasibility '--feasibility:method' pla --direction min --region '0.001<=current_prob<=0.999' --guarantee 0.0001 abs
Current working directory: /Users/julipas/Documents/Collaborations/Parametric Model Checking/auv_profeat

Time for model input parsing: 0.019s.

Time for model construction: 2.127s.

-------------------------------------------------------------- 
Model type: 	MDP (sparse)
States: 	7660
Transitions: 	80182
Choices: 	17320
Reward Models:  time
State Labels: 	3 labels
   * init -> 1 item(s)
   * deadlock -> 0 item(s)
   * (_s = 10) -> 90 item(s)
Choice Labels: 	none
-------------------------------------------------------------- 

Time for model simplification: 0.304s.

-------------------------------------------------------------- 
Model type: 	MDP (sparse)
States: 	7481
Transitions: 	79661
Choices: 	17141
Reward Models:  time
State Labels: 	5 labels
   * target -> 1 item(s)
   * sink -> 0 item(s)
   * init -> 1 item(s)
   * deadlock -> 0 item(s)
   * (_s = 10) -> 1 item(s)
Choice Labels: 	none
-------------------------------------------------------------- 

Time for model preprocessing: 0.306s.

-------------------------------------------------------------- 
Model type: 	MDP (sparse)
States: 	7481
Transitions: 	79661
Choices: 	17141
Reward Models:  time
State Labels: 	5 labels
   * target -> 1 item(s)
   * sink -> 0 item(s)
   * init -> 1 item(s)
   * deadlock -> 0 item(s)
   * (_s = 10) -> 1 item(s)
Choice Labels: 	none
-------------------------------------------------------------- 
Find feasible solution for  R[exp]{"time"}max=? [F (_s = 10)] within region 1/1000<=current_prob<=999/1000;
Result at initial state: 7571201848994531/281474976710656 ( approx. 26.89831237) at [current_prob=32734733/32768000].
Time for model checking: 1.521s.

################## Maximal Time, Max Direction #######################

Storm-pars 1.8.2 (dev)

Date: Thu May 16 12:02:18 2024
Command line arguments: --prism five_altitudes_s4.prism --prop 'R{"time"}max=? [F _s = done]' --mode feasibility '--feasibility:method' pla --direction max --region '0.001<=current_prob<=0.999' --guarantee 0.0001 abs
Current working directory: /Users/julipas/Documents/Collaborations/Parametric Model Checking/auv_profeat

Time for model input parsing: 0.019s.

Time for model construction: 2.131s.

-------------------------------------------------------------- 
Model type: 	MDP (sparse)
States: 	7660
Transitions: 	80182
Choices: 	17320
Reward Models:  time
State Labels: 	3 labels
   * init -> 1 item(s)
   * deadlock -> 0 item(s)
   * (_s = 10) -> 90 item(s)
Choice Labels: 	none
-------------------------------------------------------------- 

Time for model simplification: 0.304s.

-------------------------------------------------------------- 
Model type: 	MDP (sparse)
States: 	7481
Transitions: 	79661
Choices: 	17141
Reward Models:  time
State Labels: 	5 labels
   * target -> 1 item(s)
   * sink -> 0 item(s)
   * init -> 1 item(s)
   * deadlock -> 0 item(s)
   * (_s = 10) -> 1 item(s)
Choice Labels: 	none
-------------------------------------------------------------- 

Time for model preprocessing: 0.305s.

-------------------------------------------------------------- 
Model type: 	MDP (sparse)
States: 	7481
Transitions: 	79661
Choices: 	17141
Reward Models:  time
State Labels: 	5 labels
   * target -> 1 item(s)
   * sink -> 0 item(s)
   * init -> 1 item(s)
   * deadlock -> 0 item(s)
   * (_s = 10) -> 1 item(s)
Choice Labels: 	none
-------------------------------------------------------------- 
Find feasible solution for  R[exp]{"time"}max=? [F (_s = 10)] within region 1/1000<=current_prob<=999/1000;
Result at initial state: 152517016884667/16777216 ( approx. 9090722.614) at [current_prob=507/8000].
Time for model checking: 1154.509s.
