#################################### MINIMAL ENERGY ####################################


################## Minimal Energy, Min Direction ##################

Storm-pars 1.8.2 (dev)

Date: Thu May 16 09:56:45 2024
Command line arguments: --prism five_altitudes_s3.prism --prop 'R{"energy"}min=? [F _s = done]' --mode feasibility '--feasibility:method' pla --direction min --region '0.001<=current_prob<=0.999' --guarantee 0.0001 abs
Current working directory: /Users/julipas/Documents/Collaborations/Parametric Model Checking/auv_profeat

Time for model input parsing: 0.029s.

Time for model construction: 0.622s.

-------------------------------------------------------------- 
Model type: 	MDP (sparse)
States: 	2080
Transitions: 	19887
Choices: 	4660
Reward Models:  energy
State Labels: 	3 labels
   * init -> 1 item(s)
   * deadlock -> 0 item(s)
   * (_s = 10) -> 45 item(s)
Choice Labels: 	none
-------------------------------------------------------------- 

Time for model simplification: 0.115s.

-------------------------------------------------------------- 
Model type: 	MDP (sparse)
States: 	1991
Transitions: 	19646
Choices: 	4571
Reward Models:  energy
State Labels: 	5 labels
   * target -> 1 item(s)
   * sink -> 0 item(s)
   * init -> 1 item(s)
   * deadlock -> 0 item(s)
   * (_s = 10) -> 1 item(s)
Choice Labels: 	none
-------------------------------------------------------------- 

Time for model preprocessing: 0.116s.

-------------------------------------------------------------- 
Model type: 	MDP (sparse)
States: 	1991
Transitions: 	19646
Choices: 	4571
Reward Models:  energy
State Labels: 	5 labels
   * target -> 1 item(s)
   * sink -> 0 item(s)
   * init -> 1 item(s)
   * deadlock -> 0 item(s)
   * (_s = 10) -> 1 item(s)
Choice Labels: 	none
-------------------------------------------------------------- 
Find feasible solution for  R[exp]{"energy"}min=? [F (_s = 10)] within region 1/1000<=current_prob<=999/1000;
Result at initial state: 8865945498289367/562949953421312 ( approx. 15.74908292) at [current_prob=2547/2048000].
Time for model checking: 75.792s.

################## Minimal Energy, Max Direction #######################

Storm-pars 1.8.2 (dev)

Date: Thu May 16 09:58:01 2024
Command line arguments: --prism five_altitudes_s3.prism --prop 'R{"energy"}min=? [F _s = done]' --mode feasibility '--feasibility:method' pla --direction max --region '0.001<=current_prob<=0.999' --guarantee 0.0001 abs
Current working directory: /Users/julipas/Documents/Collaborations/Parametric Model Checking/auv_profeat

Time for model input parsing: 0.019s.

Time for model construction: 0.568s.

-------------------------------------------------------------- 
Model type: 	MDP (sparse)
States: 	2080
Transitions: 	19887
Choices: 	4660
Reward Models:  energy
State Labels: 	3 labels
   * init -> 1 item(s)
   * deadlock -> 0 item(s)
   * (_s = 10) -> 45 item(s)
Choice Labels: 	none
-------------------------------------------------------------- 

Time for model simplification: 0.111s.

-------------------------------------------------------------- 
Model type: 	MDP (sparse)
States: 	1991
Transitions: 	19646
Choices: 	4571
Reward Models:  energy
State Labels: 	5 labels
   * target -> 1 item(s)
   * sink -> 0 item(s)
   * init -> 1 item(s)
   * deadlock -> 0 item(s)
   * (_s = 10) -> 1 item(s)
Choice Labels: 	none
-------------------------------------------------------------- 

Time for model preprocessing: 0.112s.

-------------------------------------------------------------- 
Model type: 	MDP (sparse)
States: 	1991
Transitions: 	19646
Choices: 	4571
Reward Models:  energy
State Labels: 	5 labels
   * target -> 1 item(s)
   * sink -> 0 item(s)
   * init -> 1 item(s)
   * deadlock -> 0 item(s)
   * (_s = 10) -> 1 item(s)
Choice Labels: 	none
-------------------------------------------------------------- 
Find feasible solution for  R[exp]{"energy"}min=? [F (_s = 10)] within region 1/1000<=current_prob<=999/1000;
Result at initial state: 4562641117276709/281474976710656 ( approx. 16.20975751) at [current_prob=1022477/1024000].
Time for model checking: 0.396s.

#################################### MAXIMAL ENERGY ####################################


################## Maximal Energy, Min Direction #######################

Storm-pars 1.8.2 (dev)

Date: Thu May 16 09:58:03 2024
Command line arguments: --prism five_altitudes_s3.prism --prop 'R{"energy"}max=? [F _s = done]' --mode feasibility '--feasibility:method' pla --direction min --region '0.001<=current_prob<=0.999' --guarantee 0.0001 abs
Current working directory: /Users/julipas/Documents/Collaborations/Parametric Model Checking/auv_profeat

Time for model input parsing: 0.024s.

Time for model construction: 0.568s.

-------------------------------------------------------------- 
Model type: 	MDP (sparse)
States: 	2080
Transitions: 	19887
Choices: 	4660
Reward Models:  energy
State Labels: 	3 labels
   * init -> 1 item(s)
   * deadlock -> 0 item(s)
   * (_s = 10) -> 45 item(s)
Choice Labels: 	none
-------------------------------------------------------------- 

Time for model simplification: 0.074s.

-------------------------------------------------------------- 
Model type: 	MDP (sparse)
States: 	1991
Transitions: 	19646
Choices: 	4571
Reward Models:  energy
State Labels: 	5 labels
   * target -> 1 item(s)
   * sink -> 0 item(s)
   * init -> 1 item(s)
   * deadlock -> 0 item(s)
   * (_s = 10) -> 1 item(s)
Choice Labels: 	none
-------------------------------------------------------------- 

Time for model preprocessing: 0.075s.

-------------------------------------------------------------- 
Model type: 	MDP (sparse)
States: 	1991
Transitions: 	19646
Choices: 	4571
Reward Models:  energy
State Labels: 	5 labels
   * target -> 1 item(s)
   * sink -> 0 item(s)
   * init -> 1 item(s)
   * deadlock -> 0 item(s)
   * (_s = 10) -> 1 item(s)
Choice Labels: 	none
-------------------------------------------------------------- 
Find feasible solution for  R[exp]{"energy"}max=? [F (_s = 10)] within region 1/1000<=current_prob<=999/1000;
Result at initial state: 71307913345601/4398046511104 ( approx. 16.21354235) at [current_prob=13093993/13107200].
Time for model checking: 0.411s.

################## Maximal Energy, Max Direction #######################

Storm-pars 1.8.2 (dev)

Date: Thu May 16 09:58:04 2024
Command line arguments: --prism five_altitudes_s3.prism --prop 'R{"energy"}max=? [F _s = done]' --mode feasibility '--feasibility:method' pla --direction min --region '0.001<=current_prob<=0.999' --guarantee 0.0001 abs
Current working directory: /Users/julipas/Documents/Collaborations/Parametric Model Checking/auv_profeat

Time for model input parsing: 0.019s.

Time for model construction: 0.571s.

-------------------------------------------------------------- 
Model type: 	MDP (sparse)
States: 	2080
Transitions: 	19887
Choices: 	4660
Reward Models:  energy
State Labels: 	3 labels
   * init -> 1 item(s)
   * deadlock -> 0 item(s)
   * (_s = 10) -> 45 item(s)
Choice Labels: 	none
-------------------------------------------------------------- 

Time for model simplification: 0.075s.

-------------------------------------------------------------- 
Model type: 	MDP (sparse)
States: 	1991
Transitions: 	19646
Choices: 	4571
Reward Models:  energy
State Labels: 	5 labels
   * target -> 1 item(s)
   * sink -> 0 item(s)
   * init -> 1 item(s)
   * deadlock -> 0 item(s)
   * (_s = 10) -> 1 item(s)
Choice Labels: 	none
-------------------------------------------------------------- 

Time for model preprocessing: 0.075s.

-------------------------------------------------------------- 
Model type: 	MDP (sparse)
States: 	1991
Transitions: 	19646
Choices: 	4571
Reward Models:  energy
State Labels: 	5 labels
   * target -> 1 item(s)
   * sink -> 0 item(s)
   * init -> 1 item(s)
   * deadlock -> 0 item(s)
   * (_s = 10) -> 1 item(s)
Choice Labels: 	none
-------------------------------------------------------------- 
Find feasible solution for  R[exp]{"energy"}max=? [F (_s = 10)] within region 1/1000<=current_prob<=999/1000;
Result at initial state: 71307913345601/4398046511104 ( approx. 16.21354235) at [current_prob=13093993/13107200].
Time for model checking: 0.412s.

#################################### MINIMAL TIME ####################################


################## Minimal Time, Min Direction #######################

Storm-pars 1.8.2 (dev)

Date: Thu May 16 09:58:05 2024
Command line arguments: --prism five_altitudes_s3.prism --prop 'R{"time"}min=? [F _s = done]' --mode feasibility '--feasibility:method' pla --direction min --region '0.001<=current_prob<=0.999' --guarantee 0.0001 abs
Current working directory: /Users/julipas/Documents/Collaborations/Parametric Model Checking/auv_profeat

Time for model input parsing: 0.019s.

Time for model construction: 0.565s.

-------------------------------------------------------------- 
Model type: 	MDP (sparse)
States: 	2080
Transitions: 	19887
Choices: 	4660
Reward Models:  time
State Labels: 	3 labels
   * init -> 1 item(s)
   * deadlock -> 0 item(s)
   * (_s = 10) -> 45 item(s)
Choice Labels: 	none
-------------------------------------------------------------- 

Time for model simplification: 0.108s.

-------------------------------------------------------------- 
Model type: 	MDP (sparse)
States: 	1991
Transitions: 	19646
Choices: 	4571
Reward Models:  time
State Labels: 	5 labels
   * target -> 1 item(s)
   * sink -> 0 item(s)
   * init -> 1 item(s)
   * deadlock -> 0 item(s)
   * (_s = 10) -> 1 item(s)
Choice Labels: 	none
-------------------------------------------------------------- 

Time for model preprocessing: 0.109s.

-------------------------------------------------------------- 
Model type: 	MDP (sparse)
States: 	1991
Transitions: 	19646
Choices: 	4571
Reward Models:  time
State Labels: 	5 labels
   * target -> 1 item(s)
   * sink -> 0 item(s)
   * init -> 1 item(s)
   * deadlock -> 0 item(s)
   * (_s = 10) -> 1 item(s)
Choice Labels: 	none
-------------------------------------------------------------- 
Find feasible solution for  R[exp]{"time"}min=? [F (_s = 10)] within region 1/1000<=current_prob<=999/1000;
Result at initial state: 8590737656183793/562949953421312 ( approx. 15.26021559) at [current_prob=16883/16384000].
Time for model checking: 0.432s.

################## Minimal Time, Max Direction #######################

Storm-pars 1.8.2 (dev)

Date: Thu May 16 09:58:06 2024
Command line arguments: --prism five_altitudes_s3.prism --prop 'R{"time"}min=? [F _s = done]' --mode feasibility '--feasibility:method' pla --direction max --region '0.001<=current_prob<=0.999' --guarantee 0.0001 abs
Current working directory: /Users/julipas/Documents/Collaborations/Parametric Model Checking/auv_profeat

Time for model input parsing: 0.019s.

Time for model construction: 0.568s.

-------------------------------------------------------------- 
Model type: 	MDP (sparse)
States: 	2080
Transitions: 	19887
Choices: 	4660
Reward Models:  time
State Labels: 	3 labels
   * init -> 1 item(s)
   * deadlock -> 0 item(s)
   * (_s = 10) -> 45 item(s)
Choice Labels: 	none
-------------------------------------------------------------- 

Time for model simplification: 0.108s.

-------------------------------------------------------------- 
Model type: 	MDP (sparse)
States: 	1991
Transitions: 	19646
Choices: 	4571
Reward Models:  time
State Labels: 	5 labels
   * target -> 1 item(s)
   * sink -> 0 item(s)
   * init -> 1 item(s)
   * deadlock -> 0 item(s)
   * (_s = 10) -> 1 item(s)
Choice Labels: 	none
-------------------------------------------------------------- 

Time for model preprocessing: 0.109s.

-------------------------------------------------------------- 
Model type: 	MDP (sparse)
States: 	1991
Transitions: 	19646
Choices: 	4571
Reward Models:  time
State Labels: 	5 labels
   * target -> 1 item(s)
   * sink -> 0 item(s)
   * init -> 1 item(s)
   * deadlock -> 0 item(s)
   * (_s = 10) -> 1 item(s)
Choice Labels: 	none
-------------------------------------------------------------- 
Find feasible solution for  R[exp]{"time"}min=? [F (_s = 10)] within region 1/1000<=current_prob<=999/1000;
Result at initial state: 8834654074152667/562949953421312 ( approx. 15.69349819) at [current_prob=1499/2000].
Time for model checking: 0.311s.

#################################### MAXIMAL TIME ####################################


################## Maximal Time, Min Direction #######################

Storm-pars 1.8.2 (dev)

Date: Thu May 16 09:58:07 2024
Command line arguments: --prism five_altitudes_s3.prism --prop 'R{"time"}max=? [F _s = done]' --mode feasibility '--feasibility:method' pla --direction min --region '0.001<=current_prob<=0.999' --guarantee 0.0001 abs
Current working directory: /Users/julipas/Documents/Collaborations/Parametric Model Checking/auv_profeat

Time for model input parsing: 0.019s.

Time for model construction: 0.570s.

-------------------------------------------------------------- 
Model type: 	MDP (sparse)
States: 	2080
Transitions: 	19887
Choices: 	4660
Reward Models:  time
State Labels: 	3 labels
   * init -> 1 item(s)
   * deadlock -> 0 item(s)
   * (_s = 10) -> 45 item(s)
Choice Labels: 	none
-------------------------------------------------------------- 

Time for model simplification: 0.074s.

-------------------------------------------------------------- 
Model type: 	MDP (sparse)
States: 	1991
Transitions: 	19646
Choices: 	4571
Reward Models:  time
State Labels: 	5 labels
   * target -> 1 item(s)
   * sink -> 0 item(s)
   * init -> 1 item(s)
   * deadlock -> 0 item(s)
   * (_s = 10) -> 1 item(s)
Choice Labels: 	none
-------------------------------------------------------------- 

Time for model preprocessing: 0.075s.

-------------------------------------------------------------- 
Model type: 	MDP (sparse)
States: 	1991
Transitions: 	19646
Choices: 	4571
Reward Models:  time
State Labels: 	5 labels
   * target -> 1 item(s)
   * sink -> 0 item(s)
   * init -> 1 item(s)
   * deadlock -> 0 item(s)
   * (_s = 10) -> 1 item(s)
Choice Labels: 	none
-------------------------------------------------------------- 
Find feasible solution for  R[exp]{"time"}max=? [F (_s = 10)] within region 1/1000<=current_prob<=999/1000;
Result at initial state: 293751657396621/17592186044416 ( approx. 16.6978485) at [current_prob=13093993/13107200].
Time for model checking: 0.421s.

################## Maximal Time, Max Direction #######################

Storm-pars 1.8.2 (dev)

Date: Thu May 16 09:58:09 2024
Command line arguments: --prism five_altitudes_s3.prism --prop 'R{"time"}max=? [F _s = done]' --mode feasibility '--feasibility:method' pla --direction max --region '0.001<=current_prob<=0.999' --guarantee 0.0001 abs
Current working directory: /Users/julipas/Documents/Collaborations/Parametric Model Checking/auv_profeat

Time for model input parsing: 0.019s.

Time for model construction: 0.565s.

-------------------------------------------------------------- 
Model type: 	MDP (sparse)
States: 	2080
Transitions: 	19887
Choices: 	4660
Reward Models:  time
State Labels: 	3 labels
   * init -> 1 item(s)
   * deadlock -> 0 item(s)
   * (_s = 10) -> 45 item(s)
Choice Labels: 	none
-------------------------------------------------------------- 

Time for model simplification: 0.075s.

-------------------------------------------------------------- 
Model type: 	MDP (sparse)
States: 	1991
Transitions: 	19646
Choices: 	4571
Reward Models:  time
State Labels: 	5 labels
   * target -> 1 item(s)
   * sink -> 0 item(s)
   * init -> 1 item(s)
   * deadlock -> 0 item(s)
   * (_s = 10) -> 1 item(s)
Choice Labels: 	none
-------------------------------------------------------------- 

Time for model preprocessing: 0.076s.

-------------------------------------------------------------- 
Model type: 	MDP (sparse)
States: 	1991
Transitions: 	19646
Choices: 	4571
Reward Models:  time
State Labels: 	5 labels
   * target -> 1 item(s)
   * sink -> 0 item(s)
   * init -> 1 item(s)
   * deadlock -> 0 item(s)
   * (_s = 10) -> 1 item(s)
Choice Labels: 	none
-------------------------------------------------------------- 
Find feasible solution for  R[exp]{"time"}max=? [F (_s = 10)] within region 1/1000<=current_prob<=999/1000;
Result at initial state: 2909592107903955/536870912 ( approx. 5419537.626) at [current_prob=531/32000].
Time for model checking: 460.909s.
